15:57:38,316 ERROR main CarService:<init>:56 - File Not Found Exception
java.lang.IllegalArgumentException: File not found
	at com.danco.training.TextFileWorker.<init>(TextFileWorker.java:40)
	at com.senla.carservice.repository.MasterRepository.<init>(MasterRepository.java:35)
	at com.senla.carservice.repository.MasterRepository.getInstance(MasterRepository.java:26)
	at com.senla.carservice.controller.services.MasterService.<init>(MasterService.java:18)
	at com.senla.carservice.view.facade.CarService.<init>(CarService.java:53)
	at com.senla.carservice.view.facade.CarService.getInstance(CarService.java:38)
	at com.senla.carservice.ui.menu.controller.MenuController.run(MenuController.java:14)
	at com.senla.carservice.ui.Test.main(Test.java:9)
15:57:38,324 ERROR main CarService:loadData:289 - FileNotFound: 
java.lang.NullPointerException
	at com.senla.carservice.view.facade.CarService.loadData(CarService.java:282)
	at com.senla.carservice.ui.menu.controller.MenuController.run(MenuController.java:14)
	at com.senla.carservice.ui.Test.main(Test.java:9)
16:01:57,313 ERROR main CarService:<init>:56 - File Not Found Exception
java.lang.IllegalArgumentException: File not found
	at com.danco.training.TextFileWorker.<init>(TextFileWorker.java:40)
	at com.senla.carservice.repository.MasterRepository.<init>(MasterRepository.java:35)
	at com.senla.carservice.repository.MasterRepository.getInstance(MasterRepository.java:26)
	at com.senla.carservice.controller.services.MasterService.<init>(MasterService.java:18)
	at com.senla.carservice.view.facade.CarService.<init>(CarService.java:53)
	at com.senla.carservice.view.facade.CarService.getInstance(CarService.java:38)
	at com.senla.carservice.ui.menu.controller.MenuController.run(MenuController.java:14)
	at com.senla.carservice.ui.Test.main(Test.java:9)
16:01:57,321 ERROR main CarService:loadData:289 - FileNotFound: 
java.lang.NullPointerException
	at com.senla.carservice.view.facade.CarService.loadData(CarService.java:282)
	at com.senla.carservice.ui.menu.controller.MenuController.run(MenuController.java:14)
	at com.senla.carservice.ui.Test.main(Test.java:9)
16:06:02,937 ERROR main CarService:<init>:56 - File Not Found Exception
java.lang.IllegalArgumentException: File not found
	at com.danco.training.TextFileWorker.<init>(TextFileWorker.java:40)
	at com.senla.carservice.repository.MasterRepository.<init>(MasterRepository.java:35)
	at com.senla.carservice.repository.MasterRepository.getInstance(MasterRepository.java:26)
	at com.senla.carservice.controller.services.MasterService.<init>(MasterService.java:18)
	at com.senla.carservice.view.facade.CarService.<init>(CarService.java:53)
	at com.senla.carservice.view.facade.CarService.getInstance(CarService.java:38)
	at com.senla.carservice.ui.menu.controller.MenuController.run(MenuController.java:14)
	at com.senla.carservice.ui.Test.main(Test.java:9)
16:06:02,945 ERROR main CarService:loadData:289 - FileNotFound: 
java.lang.NullPointerException
	at com.senla.carservice.view.facade.CarService.loadData(CarService.java:282)
	at com.senla.carservice.ui.menu.controller.MenuController.run(MenuController.java:14)
	at com.senla.carservice.ui.Test.main(Test.java:9)
16:13:28,974 ERROR main CarService:getInstance:41 - File Not Found Exception
java.lang.IllegalArgumentException: File not found
	at com.danco.training.TextFileWorker.<init>(TextFileWorker.java:40)
	at com.senla.carservice.repository.MasterRepository.<init>(MasterRepository.java:35)
	at com.senla.carservice.repository.MasterRepository.getInstance(MasterRepository.java:26)
	at com.senla.carservice.controller.services.MasterService.<init>(MasterService.java:18)
	at com.senla.carservice.view.facade.CarService.<init>(CarService.java:61)
	at com.senla.carservice.view.facade.CarService.getInstance(CarService.java:39)
	at com.senla.carservice.ui.menu.controller.MenuController.run(MenuController.java:14)
	at com.senla.carservice.ui.Test.main(Test.java:9)
16:14:10,846 ERROR main CarService:getInstance:41 - File Not Found Exception
java.lang.IllegalArgumentException: File not found
	at com.danco.training.TextFileWorker.<init>(TextFileWorker.java:40)
	at com.senla.carservice.repository.MasterRepository.<init>(MasterRepository.java:35)
	at com.senla.carservice.repository.MasterRepository.getInstance(MasterRepository.java:26)
	at com.senla.carservice.controller.services.MasterService.<init>(MasterService.java:18)
	at com.senla.carservice.view.facade.CarService.<init>(CarService.java:61)
	at com.senla.carservice.view.facade.CarService.getInstance(CarService.java:39)
	at com.senla.carservice.ui.actions.master.GetMasters.execute(GetMasters.java:11)
	at com.senla.carservice.ui.menu.menuitem.MenuItem.doAction(MenuItem.java:31)
	at com.senla.carservice.ui.menu.navigator.Navigator.navigate(Navigator.java:28)
	at com.senla.carservice.ui.menu.controller.MenuController.run(MenuController.java:21)
	at com.senla.carservice.ui.Test.main(Test.java:9)
15:02:51,518 ERROR main CarService:getInstance:41 - File Not Found Exception
java.lang.IllegalArgumentException: File not found
	at com.danco.training.TextFileWorker.<init>(TextFileWorker.java:40)
	at com.senla.carservice.repository.MasterRepository.<init>(MasterRepository.java:35)
	at com.senla.carservice.repository.MasterRepository.getInstance(MasterRepository.java:26)
	at com.senla.carservice.controller.services.MasterService.<init>(MasterService.java:18)
	at com.senla.carservice.view.facade.CarService.<init>(CarService.java:61)
	at com.senla.carservice.view.facade.CarService.getInstance(CarService.java:39)
	at com.senla.carservice.ui.actions.garage.AddGarage.execute(AddGarage.java:12)
	at com.senla.carservice.ui.menu.menuitem.MenuItem.doAction(MenuItem.java:31)
	at com.senla.carservice.ui.menu.navigator.Navigator.navigate(Navigator.java:28)
	at com.senla.carservice.ui.menu.controller.MenuController.run(MenuController.java:21)
	at com.senla.carservice.ui.Test.main(Test.java:9)
12:28:09,702 ERROR main CarService:loadData:297 - FileNotFound: 
java.lang.NullPointerException
	at java.io.FileInputStream.<init>(Unknown Source)
	at java.io.FileInputStream.<init>(Unknown Source)
	at com.senla.carservice.repository.GarageRepository.readFromFile(GarageRepository.java:76)
	at com.senla.carservice.controller.services.GarageService.readFromFile(GarageService.java:63)
	at com.senla.carservice.view.facade.CarService.loadData(CarService.java:289)
	at com.senla.carservice.ui.menu.controller.MenuController.run(MenuController.java:14)
	at com.senla.carservice.ui.Test.main(Test.java:9)
12:32:11,048 ERROR main CarService:loadData:297 - FileNotFound: 
java.lang.NullPointerException
	at java.io.File.<init>(Unknown Source)
	at com.senla.carservice.repository.GarageRepository.readFromFile(GarageRepository.java:77)
	at com.senla.carservice.controller.services.GarageService.readFromFile(GarageService.java:63)
	at com.senla.carservice.view.facade.CarService.loadData(CarService.java:289)
	at com.senla.carservice.ui.menu.controller.MenuController.run(MenuController.java:14)
	at com.senla.carservice.ui.Test.main(Test.java:9)
12:34:42,318 ERROR main CarService:loadData:297 - FileNotFound: 
java.lang.NullPointerException
	at java.io.File.<init>(Unknown Source)
	at com.senla.carservice.repository.GarageRepository.readFromFile(GarageRepository.java:77)
	at com.senla.carservice.controller.services.GarageService.readFromFile(GarageService.java:63)
	at com.senla.carservice.view.facade.CarService.loadData(CarService.java:289)
	at com.senla.carservice.ui.menu.controller.MenuController.run(MenuController.java:14)
	at com.senla.carservice.ui.Test.main(Test.java:9)
12:35:55,795 ERROR main CarService:loadData:297 - FileNotFound: 
java.lang.NullPointerException
	at java.io.File.<init>(Unknown Source)
	at com.senla.carservice.repository.GarageRepository.readFromFile(GarageRepository.java:77)
	at com.senla.carservice.controller.services.GarageService.readFromFile(GarageService.java:63)
	at com.senla.carservice.view.facade.CarService.loadData(CarService.java:289)
	at com.senla.carservice.ui.menu.controller.MenuController.run(MenuController.java:14)
	at com.senla.carservice.ui.Test.main(Test.java:9)
12:39:18,848 ERROR main CarService:loadData:297 - FileNotFound: 
java.lang.NullPointerException
	at java.io.File.<init>(Unknown Source)
	at com.senla.carservice.repository.GarageRepository.readFromFile(GarageRepository.java:78)
	at com.senla.carservice.controller.services.GarageService.readFromFile(GarageService.java:63)
	at com.senla.carservice.view.facade.CarService.loadData(CarService.java:289)
	at com.senla.carservice.ui.menu.controller.MenuController.run(MenuController.java:14)
	at com.senla.carservice.ui.Test.main(Test.java:9)
12:43:30,543 ERROR main CarService:loadData:297 - FileNotFound: 
java.lang.NullPointerException
	at java.io.File.<init>(Unknown Source)
	at com.senla.carservice.repository.GarageRepository.readFromFile(GarageRepository.java:78)
	at com.senla.carservice.controller.services.GarageService.readFromFile(GarageService.java:63)
	at com.senla.carservice.view.facade.CarService.loadData(CarService.java:289)
	at com.senla.carservice.ui.menu.controller.MenuController.run(MenuController.java:14)
	at com.senla.carservice.ui.Test.main(Test.java:9)
12:50:16,385 ERROR main CarService:loadData:297 - FileNotFound: 
java.lang.ClassCastException: java.util.Hashtable$Enumerator cannot be cast to java.util.Map
	at com.senla.carservice.configuration.properties.PropertyRepository.loadProperties(PropertyRepository.java:34)
	at com.senla.carservice.configuration.properties.PropertyRepository.<init>(PropertyRepository.java:25)
	at com.senla.carservice.configuration.properties.PropertyRepository.getInstance(PropertyRepository.java:17)
	at com.senla.carservice.repository.GarageRepository.readFromFile(GarageRepository.java:77)
	at com.senla.carservice.controller.services.GarageService.readFromFile(GarageService.java:63)
	at com.senla.carservice.view.facade.CarService.loadData(CarService.java:289)
	at com.senla.carservice.ui.menu.controller.MenuController.run(MenuController.java:14)
	at com.senla.carservice.ui.Test.main(Test.java:9)
12:53:28,936 ERROR main CarService:loadData:297 - FileNotFound: 
java.io.IOException: Синтаксическая ошибка в имени файла, имени папки или метке тома
	at java.io.WinNTFileSystem.createFileExclusively(Native Method)
	at java.io.File.createNewFile(Unknown Source)
	at com.senla.carservice.repository.GarageRepository.readFromFile(GarageRepository.java:80)
	at com.senla.carservice.controller.services.GarageService.readFromFile(GarageService.java:63)
	at com.senla.carservice.view.facade.CarService.loadData(CarService.java:289)
	at com.senla.carservice.ui.menu.controller.MenuController.run(MenuController.java:14)
	at com.senla.carservice.ui.Test.main(Test.java:9)
12:57:20,759 ERROR main CarService:loadData:297 - FileNotFound: 
java.io.IOException: Синтаксическая ошибка в имени файла, имени папки или метке тома
	at java.io.WinNTFileSystem.createFileExclusively(Native Method)
	at java.io.File.createNewFile(Unknown Source)
	at com.senla.carservice.repository.GarageRepository.readFromFile(GarageRepository.java:80)
	at com.senla.carservice.controller.services.GarageService.readFromFile(GarageService.java:63)
	at com.senla.carservice.view.facade.CarService.loadData(CarService.java:289)
	at com.senla.carservice.ui.menu.controller.MenuController.run(MenuController.java:14)
	at com.senla.carservice.ui.Test.main(Test.java:9)
12:57:51,807 ERROR main CarService:loadData:297 - FileNotFound: 
java.io.FileNotFoundException: "garages.dat" (Синтаксическая ошибка в имени файла, имени папки или метке тома)
	at java.io.FileInputStream.open0(Native Method)
	at java.io.FileInputStream.open(Unknown Source)
	at java.io.FileInputStream.<init>(Unknown Source)
	at com.senla.carservice.repository.GarageRepository.readFromFile(GarageRepository.java:82)
	at com.senla.carservice.controller.services.GarageService.readFromFile(GarageService.java:63)
	at com.senla.carservice.view.facade.CarService.loadData(CarService.java:289)
	at com.senla.carservice.ui.menu.controller.MenuController.run(MenuController.java:14)
	at com.senla.carservice.ui.Test.main(Test.java:9)
12:59:04,957 ERROR main CarService:loadData:297 - FileNotFound: 
java.io.IOException: Синтаксическая ошибка в имени файла, имени папки или метке тома
	at java.io.WinNTFileSystem.createFileExclusively(Native Method)
	at java.io.File.createNewFile(Unknown Source)
	at com.senla.carservice.repository.GarageRepository.readFromFile(GarageRepository.java:80)
	at com.senla.carservice.controller.services.GarageService.readFromFile(GarageService.java:63)
	at com.senla.carservice.view.facade.CarService.loadData(CarService.java:289)
	at com.senla.carservice.ui.menu.controller.MenuController.run(MenuController.java:14)
	at com.senla.carservice.ui.Test.main(Test.java:9)
12:59:41,164 ERROR main CarService:loadData:297 - FileNotFound: 
java.io.IOException: Синтаксическая ошибка в имени файла, имени папки или метке тома
	at java.io.WinNTFileSystem.createFileExclusively(Native Method)
	at java.io.File.createNewFile(Unknown Source)
	at com.senla.carservice.repository.GarageRepository.readFromFile(GarageRepository.java:80)
	at com.senla.carservice.controller.services.GarageService.readFromFile(GarageService.java:63)
	at com.senla.carservice.view.facade.CarService.loadData(CarService.java:289)
	at com.senla.carservice.ui.menu.controller.MenuController.run(MenuController.java:14)
	at com.senla.carservice.ui.Test.main(Test.java:9)
13:00:03,899 ERROR main CarService:loadData:297 - FileNotFound: 
java.io.IOException: Синтаксическая ошибка в имени файла, имени папки или метке тома
	at java.io.WinNTFileSystem.createFileExclusively(Native Method)
	at java.io.File.createNewFile(Unknown Source)
	at com.senla.carservice.repository.GarageRepository.readFromFile(GarageRepository.java:80)
	at com.senla.carservice.controller.services.GarageService.readFromFile(GarageService.java:63)
	at com.senla.carservice.view.facade.CarService.loadData(CarService.java:289)
	at com.senla.carservice.ui.menu.controller.MenuController.run(MenuController.java:14)
	at com.senla.carservice.ui.Test.main(Test.java:9)
13:00:50,975 ERROR main CarService:loadData:297 - FileNotFound: 
java.io.IOException: Синтаксическая ошибка в имени файла, имени папки или метке тома
	at java.io.WinNTFileSystem.createFileExclusively(Native Method)
	at java.io.File.createNewFile(Unknown Source)
	at com.senla.carservice.repository.GarageRepository.readFromFile(GarageRepository.java:80)
	at com.senla.carservice.controller.services.GarageService.readFromFile(GarageService.java:63)
	at com.senla.carservice.view.facade.CarService.loadData(CarService.java:289)
	at com.senla.carservice.ui.menu.controller.MenuController.run(MenuController.java:14)
	at com.senla.carservice.ui.Test.main(Test.java:9)
13:01:19,986 ERROR main CarService:loadData:297 - FileNotFound: 
java.io.IOException: Синтаксическая ошибка в имени файла, имени папки или метке тома
	at java.io.WinNTFileSystem.createFileExclusively(Native Method)
	at java.io.File.createNewFile(Unknown Source)
	at com.senla.carservice.repository.GarageRepository.readFromFile(GarageRepository.java:80)
	at com.senla.carservice.controller.services.GarageService.readFromFile(GarageService.java:63)
	at com.senla.carservice.view.facade.CarService.loadData(CarService.java:289)
	at com.senla.carservice.ui.menu.controller.MenuController.run(MenuController.java:14)
	at com.senla.carservice.ui.Test.main(Test.java:9)
13:02:15,144 ERROR main CarService:loadData:297 - FileNotFound: 
java.io.EOFException
	at java.io.ObjectInputStream$PeekInputStream.readFully(Unknown Source)
	at java.io.ObjectInputStream$BlockDataInputStream.readShort(Unknown Source)
	at java.io.ObjectInputStream.readStreamHeader(Unknown Source)
	at java.io.ObjectInputStream.<init>(Unknown Source)
	at com.senla.carservice.repository.GarageRepository.readFromFile(GarageRepository.java:83)
	at com.senla.carservice.controller.services.GarageService.readFromFile(GarageService.java:63)
	at com.senla.carservice.view.facade.CarService.loadData(CarService.java:289)
	at com.senla.carservice.ui.menu.controller.MenuController.run(MenuController.java:14)
	at com.senla.carservice.ui.Test.main(Test.java:9)
13:05:19,679 ERROR main CarService:loadData:297 - FileNotFound: 
java.lang.NullPointerException
	at com.senla.carservice.model.beans.Order.<init>(Order.java:31)
	at com.senla.carservice.model.beans.Order.<init>(Order.java:37)
	at com.senla.carservice.util.utils.Converter.convertStringToOrder(Converter.java:102)
	at com.senla.carservice.util.utils.Converter.convertStringsToOrders(Converter.java:84)
	at com.senla.carservice.repository.OrderRepository.readFromFile(OrderRepository.java:106)
	at com.senla.carservice.controller.services.OrderService.readFromFile(OrderService.java:118)
	at com.senla.carservice.view.facade.CarService.loadData(CarService.java:291)
	at com.senla.carservice.ui.menu.controller.MenuController.run(MenuController.java:14)
	at com.senla.carservice.ui.Test.main(Test.java:9)
13:07:34,915 ERROR main CarService:loadData:297 - FileNotFound: 
java.lang.NullPointerException
	at java.io.File.<init>(Unknown Source)
	at com.senla.carservice.repository.GarageRepository.readFromFile(GarageRepository.java:78)
	at com.senla.carservice.controller.services.GarageService.readFromFile(GarageService.java:63)
	at com.senla.carservice.view.facade.CarService.loadData(CarService.java:289)
	at com.senla.carservice.ui.menu.controller.MenuController.run(MenuController.java:14)
	at com.senla.carservice.ui.Test.main(Test.java:9)
13:27:21,703 ERROR main CarService:loadData:279 - FileNotFound: 
java.io.FileNotFoundException: masters.dat (Не удается найти указанный файл)
	at java.io.FileInputStream.open0(Native Method)
	at java.io.FileInputStream.open(Unknown Source)
	at java.io.FileInputStream.<init>(Unknown Source)
	at java.io.FileInputStream.<init>(Unknown Source)
	at com.senla.carservice.repository.MasterRepository.readFromFile(MasterRepository.java:85)
	at com.senla.carservice.controller.services.MasterService.readFromFile(MasterService.java:45)
	at com.senla.carservice.view.facade.CarService.loadData(CarService.java:272)
	at com.senla.carservice.ui.menu.controller.MenuController.run(MenuController.java:14)
	at com.senla.carservice.ui.Test.main(Test.java:9)
15:25:07,097 ERROR main CarService:loadData:279 - FileNotFound: 
java.io.FileNotFoundException: masters.dat (Не удается найти указанный файл)
	at java.io.FileInputStream.open0(Native Method)
	at java.io.FileInputStream.open(Unknown Source)
	at java.io.FileInputStream.<init>(Unknown Source)
	at java.io.FileInputStream.<init>(Unknown Source)
	at com.senla.carservice.repository.MasterRepository.readFromFile(MasterRepository.java:85)
	at com.senla.carservice.controller.services.MasterService.readFromFile(MasterService.java:45)
	at com.senla.carservice.view.facade.CarService.loadData(CarService.java:272)
	at com.senla.carservice.ui.menu.controller.MenuController.run(MenuController.java:14)
	at com.senla.carservice.ui.Test.main(Test.java:9)
15:26:48,779 ERROR main CarService:loadData:279 - FileNotFound: 
java.io.FileNotFoundException: masters.dat (Не удается найти указанный файл)
	at java.io.FileInputStream.open0(Native Method)
	at java.io.FileInputStream.open(Unknown Source)
	at java.io.FileInputStream.<init>(Unknown Source)
	at java.io.FileInputStream.<init>(Unknown Source)
	at com.senla.carservice.repository.MasterRepository.readFromFile(MasterRepository.java:85)
	at com.senla.carservice.controller.services.MasterService.readFromFile(MasterService.java:45)
	at com.senla.carservice.view.facade.CarService.loadData(CarService.java:272)
	at com.senla.carservice.ui.menu.controller.MenuController.run(MenuController.java:14)
	at com.senla.carservice.ui.Test.main(Test.java:9)
15:28:21,412 ERROR main CarService:loadData:279 - FileNotFound: 
java.io.FileNotFoundException: masters.dat (Не удается найти указанный файл)
	at java.io.FileInputStream.open0(Native Method)
	at java.io.FileInputStream.open(Unknown Source)
	at java.io.FileInputStream.<init>(Unknown Source)
	at java.io.FileInputStream.<init>(Unknown Source)
	at com.senla.carservice.repository.MasterRepository.readFromFile(MasterRepository.java:85)
	at com.senla.carservice.controller.services.MasterService.readFromFile(MasterService.java:45)
	at com.senla.carservice.view.facade.CarService.loadData(CarService.java:272)
	at com.senla.carservice.ui.menu.controller.MenuController.run(MenuController.java:14)
	at com.senla.carservice.ui.Test.main(Test.java:9)
15:32:19,257 ERROR main CarService:loadData:279 - FileNotFound: 
java.io.FileNotFoundException: masters.dat (Не удается найти указанный файл)
	at java.io.FileInputStream.open0(Native Method)
	at java.io.FileInputStream.open(Unknown Source)
	at java.io.FileInputStream.<init>(Unknown Source)
	at java.io.FileInputStream.<init>(Unknown Source)
	at com.senla.carservice.repository.MasterRepository.readFromFile(MasterRepository.java:85)
	at com.senla.carservice.controller.services.MasterService.readFromFile(MasterService.java:45)
	at com.senla.carservice.view.facade.CarService.loadData(CarService.java:272)
	at com.senla.carservice.ui.menu.controller.MenuController.run(MenuController.java:14)
	at com.senla.carservice.ui.Test.main(Test.java:9)
15:33:29,236 ERROR main CarService:loadData:279 - FileNotFound: 
java.io.FileNotFoundException: masters.dat (Не удается найти указанный файл)
	at java.io.FileInputStream.open0(Native Method)
	at java.io.FileInputStream.open(Unknown Source)
	at java.io.FileInputStream.<init>(Unknown Source)
	at java.io.FileInputStream.<init>(Unknown Source)
	at com.senla.carservice.repository.MasterRepository.readFromFile(MasterRepository.java:85)
	at com.senla.carservice.controller.services.MasterService.readFromFile(MasterService.java:45)
	at com.senla.carservice.view.facade.CarService.loadData(CarService.java:272)
	at com.senla.carservice.ui.menu.controller.MenuController.run(MenuController.java:14)
	at com.senla.carservice.ui.Test.main(Test.java:9)
15:38:16,845 ERROR main CarService:loadData:279 - FileNotFound: 
java.io.FileNotFoundException: masters.dat (Не удается найти указанный файл)
	at java.io.FileInputStream.open0(Native Method)
	at java.io.FileInputStream.open(Unknown Source)
	at java.io.FileInputStream.<init>(Unknown Source)
	at java.io.FileInputStream.<init>(Unknown Source)
	at com.senla.carservice.repository.MasterRepository.readFromFile(MasterRepository.java:85)
	at com.senla.carservice.controller.services.MasterService.readFromFile(MasterService.java:45)
	at com.senla.carservice.view.facade.CarService.loadData(CarService.java:272)
	at com.senla.carservice.ui.menu.controller.MenuController.run(MenuController.java:14)
	at com.senla.carservice.ui.Test.main(Test.java:9)
15:40:05,621 ERROR main CarService:loadData:279 - FileNotFound: 
java.io.FileNotFoundException: masters.dat (Не удается найти указанный файл)
	at java.io.FileInputStream.open0(Native Method)
	at java.io.FileInputStream.open(Unknown Source)
	at java.io.FileInputStream.<init>(Unknown Source)
	at java.io.FileInputStream.<init>(Unknown Source)
	at com.senla.carservice.repository.MasterRepository.readFromFile(MasterRepository.java:85)
	at com.senla.carservice.controller.services.MasterService.readFromFile(MasterService.java:45)
	at com.senla.carservice.view.facade.CarService.loadData(CarService.java:272)
	at com.senla.carservice.ui.menu.controller.MenuController.run(MenuController.java:14)
	at com.senla.carservice.ui.Test.main(Test.java:9)
15:57:32,371 ERROR main CarService:loadData:279 - FileNotFound: 
java.io.FileNotFoundException: masters.dat (Не удается найти указанный файл)
	at java.io.FileInputStream.open0(Native Method)
	at java.io.FileInputStream.open(Unknown Source)
	at java.io.FileInputStream.<init>(Unknown Source)
	at java.io.FileInputStream.<init>(Unknown Source)
	at com.senla.carservice.repository.MasterRepository.readFromFile(MasterRepository.java:85)
	at com.senla.carservice.controller.services.MasterService.readFromFile(MasterService.java:45)
	at com.senla.carservice.view.facade.CarService.loadData(CarService.java:272)
	at com.senla.carservice.ui.menu.controller.MenuController.run(MenuController.java:14)
	at com.senla.carservice.ui.Test.main(Test.java:9)
15:59:10,226 ERROR main CarService:loadData:279 - FileNotFound: 
java.io.FileNotFoundException: masters.dat (Не удается найти указанный файл)
	at java.io.FileInputStream.open0(Native Method)
	at java.io.FileInputStream.open(Unknown Source)
	at java.io.FileInputStream.<init>(Unknown Source)
	at java.io.FileInputStream.<init>(Unknown Source)
	at com.senla.carservice.repository.MasterRepository.readFromFile(MasterRepository.java:85)
	at com.senla.carservice.controller.services.MasterService.readFromFile(MasterService.java:45)
	at com.senla.carservice.view.facade.CarService.loadData(CarService.java:272)
	at com.senla.carservice.ui.menu.controller.MenuController.run(MenuController.java:14)
	at com.senla.carservice.ui.Test.main(Test.java:9)
16:00:43,992 ERROR main CarService:loadData:279 - FileNotFound: 
java.io.FileNotFoundException: masters.dat (Не удается найти указанный файл)
	at java.io.FileInputStream.open0(Native Method)
	at java.io.FileInputStream.open(Unknown Source)
	at java.io.FileInputStream.<init>(Unknown Source)
	at java.io.FileInputStream.<init>(Unknown Source)
	at com.senla.carservice.repository.MasterRepository.readFromFile(MasterRepository.java:85)
	at com.senla.carservice.controller.services.MasterService.readFromFile(MasterService.java:45)
	at com.senla.carservice.view.facade.CarService.loadData(CarService.java:272)
	at com.senla.carservice.ui.menu.controller.MenuController.run(MenuController.java:14)
	at com.senla.carservice.ui.Test.main(Test.java:9)
16:02:13,084 ERROR main CarService:loadData:279 - FileNotFound: 
java.io.FileNotFoundException: masters.dat (Не удается найти указанный файл)
	at java.io.FileInputStream.open0(Native Method)
	at java.io.FileInputStream.open(Unknown Source)
	at java.io.FileInputStream.<init>(Unknown Source)
	at java.io.FileInputStream.<init>(Unknown Source)
	at com.senla.carservice.repository.MasterRepository.readFromFile(MasterRepository.java:85)
	at com.senla.carservice.controller.services.MasterService.readFromFile(MasterService.java:45)
	at com.senla.carservice.view.facade.CarService.loadData(CarService.java:272)
	at com.senla.carservice.ui.menu.controller.MenuController.run(MenuController.java:14)
	at com.senla.carservice.ui.Test.main(Test.java:9)
16:17:26,254 ERROR main CarService:loadData:279 - FileNotFound: 
java.io.FileNotFoundException: masters.dat (Не удается найти указанный файл)
	at java.io.FileInputStream.open0(Native Method)
	at java.io.FileInputStream.open(Unknown Source)
	at java.io.FileInputStream.<init>(Unknown Source)
	at java.io.FileInputStream.<init>(Unknown Source)
	at com.senla.carservice.repository.MasterRepository.readFromFile(MasterRepository.java:85)
	at com.senla.carservice.controller.services.MasterService.readFromFile(MasterService.java:45)
	at com.senla.carservice.view.facade.CarService.loadData(CarService.java:272)
	at com.senla.carservice.ui.menu.controller.MenuController.run(MenuController.java:14)
	at com.senla.carservice.ui.Test.main(Test.java:9)
16:18:34,275 ERROR main CarService:loadData:279 - FileNotFound: 
java.io.FileNotFoundException: masters.dat (Не удается найти указанный файл)
	at java.io.FileInputStream.open0(Native Method)
	at java.io.FileInputStream.open(Unknown Source)
	at java.io.FileInputStream.<init>(Unknown Source)
	at java.io.FileInputStream.<init>(Unknown Source)
	at com.senla.carservice.repository.MasterRepository.readFromFile(MasterRepository.java:85)
	at com.senla.carservice.controller.services.MasterService.readFromFile(MasterService.java:45)
	at com.senla.carservice.view.facade.CarService.loadData(CarService.java:272)
	at com.senla.carservice.ui.menu.controller.MenuController.run(MenuController.java:14)
	at com.senla.carservice.ui.Test.main(Test.java:9)
16:23:43,796 ERROR main CarService:loadData:279 - FileNotFound: 
java.io.FileNotFoundException: masters.dat (Не удается найти указанный файл)
	at java.io.FileInputStream.open0(Native Method)
	at java.io.FileInputStream.open(Unknown Source)
	at java.io.FileInputStream.<init>(Unknown Source)
	at java.io.FileInputStream.<init>(Unknown Source)
	at com.senla.carservice.repository.MasterRepository.readFromFile(MasterRepository.java:85)
	at com.senla.carservice.controller.services.MasterService.readFromFile(MasterService.java:45)
	at com.senla.carservice.view.facade.CarService.loadData(CarService.java:272)
	at com.senla.carservice.ui.menu.controller.MenuController.run(MenuController.java:14)
	at com.senla.carservice.ui.Test.main(Test.java:9)
16:24:24,225 ERROR main CarService:loadData:279 - FileNotFound: 
java.io.FileNotFoundException: masters.dat (Не удается найти указанный файл)
	at java.io.FileInputStream.open0(Native Method)
	at java.io.FileInputStream.open(Unknown Source)
	at java.io.FileInputStream.<init>(Unknown Source)
	at java.io.FileInputStream.<init>(Unknown Source)
	at com.senla.carservice.repository.MasterRepository.readFromFile(MasterRepository.java:85)
	at com.senla.carservice.controller.services.MasterService.readFromFile(MasterService.java:45)
	at com.senla.carservice.view.facade.CarService.loadData(CarService.java:272)
	at com.senla.carservice.ui.menu.controller.MenuController.run(MenuController.java:14)
	at com.senla.carservice.ui.Test.main(Test.java:9)
18:38:52,767 ERROR main CarService:loadData:279 - FileNotFound: 
java.lang.NullPointerException
	at java.io.FileInputStream.<init>(Unknown Source)
	at java.io.FileInputStream.<init>(Unknown Source)
	at com.senla.carservice.repository.GarageRepository.readFromFile(GarageRepository.java:87)
	at com.senla.carservice.controller.services.GarageService.readFromFile(GarageService.java:69)
	at com.senla.carservice.view.facade.CarService.loadData(CarService.java:271)
	at com.senla.carservice.ui.menu.controller.MenuController.run(MenuController.java:14)
	at com.senla.carservice.ui.Test.main(Test.java:9)
18:39:40,124 ERROR main CarService:loadData:279 - FileNotFound: 
java.lang.NullPointerException
	at java.io.FileInputStream.<init>(Unknown Source)
	at java.io.FileInputStream.<init>(Unknown Source)
	at com.senla.carservice.repository.GarageRepository.readFromFile(GarageRepository.java:87)
	at com.senla.carservice.controller.services.GarageService.readFromFile(GarageService.java:69)
	at com.senla.carservice.view.facade.CarService.loadData(CarService.java:271)
	at com.senla.carservice.ui.menu.controller.MenuController.run(MenuController.java:14)
	at com.senla.carservice.ui.Test.main(Test.java:9)
18:49:06,284 ERROR main CarService:loadData:279 - FileNotFound: 
java.lang.NullPointerException
	at java.io.FileInputStream.<init>(Unknown Source)
	at java.io.FileInputStream.<init>(Unknown Source)
	at com.senla.carservice.repository.GarageRepository.readFromFile(GarageRepository.java:87)
	at com.senla.carservice.controller.services.GarageService.readFromFile(GarageService.java:69)
	at com.senla.carservice.view.facade.CarService.loadData(CarService.java:271)
	at com.senla.carservice.ui.menu.controller.MenuController.run(MenuController.java:14)
	at com.senla.carservice.ui.Test.main(Test.java:9)
19:07:03,653 ERROR main PropertyRepository:<init>:31 - FileNotFoundException
java.io.FileNotFoundException: eclipse-workspace\CarServiceConfiguration\src\config.properties (Системе не удается найти указанный путь)
	at java.io.FileInputStream.open0(Native Method)
	at java.io.FileInputStream.open(Unknown Source)
	at java.io.FileInputStream.<init>(Unknown Source)
	at java.io.FileInputStream.<init>(Unknown Source)
	at com.senla.carservice.configuration.propertyreader.PropertyReader.loadProperties(PropertyReader.java:11)
	at com.senla.carservice.configuration.properties.PropertyRepository.loadProperties(PropertyRepository.java:39)
	at com.senla.carservice.configuration.properties.PropertyRepository.<init>(PropertyRepository.java:29)
	at com.senla.carservice.configuration.properties.PropertyRepository.getInstance(PropertyRepository.java:21)
	at com.senla.carservice.repository.GarageRepository.readFromFile(GarageRepository.java:86)
	at com.senla.carservice.controller.services.GarageService.readFromFile(GarageService.java:69)
	at com.senla.carservice.view.facade.CarService.loadData(CarService.java:271)
	at com.senla.carservice.ui.menu.controller.MenuController.run(MenuController.java:14)
	at com.senla.carservice.ui.Test.main(Test.java:9)
19:07:03,657 ERROR main CarService:loadData:279 - FileNotFound: 
java.lang.NullPointerException
	at java.io.FileInputStream.<init>(Unknown Source)
	at java.io.FileInputStream.<init>(Unknown Source)
	at com.senla.carservice.repository.GarageRepository.readFromFile(GarageRepository.java:87)
	at com.senla.carservice.controller.services.GarageService.readFromFile(GarageService.java:69)
	at com.senla.carservice.view.facade.CarService.loadData(CarService.java:271)
	at com.senla.carservice.ui.menu.controller.MenuController.run(MenuController.java:14)
	at com.senla.carservice.ui.Test.main(Test.java:9)
19:08:52,668 ERROR main PropertyRepository:<init>:31 - FileNotFoundException
java.io.FileNotFoundException: eclipse-workspace\CarServiceConfiguration\src\config.properties (Системе не удается найти указанный путь)
	at java.io.FileInputStream.open0(Native Method)
	at java.io.FileInputStream.open(Unknown Source)
	at java.io.FileInputStream.<init>(Unknown Source)
	at java.io.FileInputStream.<init>(Unknown Source)
	at com.senla.carservice.configuration.propertyreader.PropertyReader.loadProperties(PropertyReader.java:11)
	at com.senla.carservice.configuration.properties.PropertyRepository.loadProperties(PropertyRepository.java:39)
	at com.senla.carservice.configuration.properties.PropertyRepository.<init>(PropertyRepository.java:29)
	at com.senla.carservice.configuration.properties.PropertyRepository.getInstance(PropertyRepository.java:21)
	at com.senla.carservice.repository.GarageRepository.readFromFile(GarageRepository.java:86)
	at com.senla.carservice.controller.services.GarageService.readFromFile(GarageService.java:69)
	at com.senla.carservice.view.facade.CarService.loadData(CarService.java:271)
	at com.senla.carservice.ui.menu.controller.MenuController.run(MenuController.java:14)
	at com.senla.carservice.ui.Test.main(Test.java:9)
19:08:52,672 ERROR main CarService:loadData:279 - FileNotFound: 
java.lang.NullPointerException
	at java.io.FileInputStream.<init>(Unknown Source)
	at java.io.FileInputStream.<init>(Unknown Source)
	at com.senla.carservice.repository.GarageRepository.readFromFile(GarageRepository.java:87)
	at com.senla.carservice.controller.services.GarageService.readFromFile(GarageService.java:69)
	at com.senla.carservice.view.facade.CarService.loadData(CarService.java:271)
	at com.senla.carservice.ui.menu.controller.MenuController.run(MenuController.java:14)
	at com.senla.carservice.ui.Test.main(Test.java:9)
19:11:22,632 ERROR main PropertyRepository:<init>:31 - FileNotFoundException
java.io.FileNotFoundException: eclipse-workspace\CarServiceConfiguration\src\config.properties (Системе не удается найти указанный путь)
	at java.io.FileInputStream.open0(Native Method)
	at java.io.FileInputStream.open(Unknown Source)
	at java.io.FileInputStream.<init>(Unknown Source)
	at java.io.FileInputStream.<init>(Unknown Source)
	at com.senla.carservice.configuration.propertyreader.PropertyReader.loadProperties(PropertyReader.java:11)
	at com.senla.carservice.configuration.properties.PropertyRepository.loadProperties(PropertyRepository.java:39)
	at com.senla.carservice.configuration.properties.PropertyRepository.<init>(PropertyRepository.java:29)
	at com.senla.carservice.configuration.properties.PropertyRepository.getInstance(PropertyRepository.java:21)
	at com.senla.carservice.repository.GarageRepository.readFromFile(GarageRepository.java:86)
	at com.senla.carservice.controller.services.GarageService.readFromFile(GarageService.java:69)
	at com.senla.carservice.view.facade.CarService.loadData(CarService.java:271)
	at com.senla.carservice.ui.menu.controller.MenuController.run(MenuController.java:14)
	at com.senla.carservice.ui.Test.main(Test.java:9)
19:11:22,635 ERROR main CarService:loadData:279 - FileNotFound: 
java.lang.NullPointerException
	at java.io.FileInputStream.<init>(Unknown Source)
	at java.io.FileInputStream.<init>(Unknown Source)
	at com.senla.carservice.repository.GarageRepository.readFromFile(GarageRepository.java:87)
	at com.senla.carservice.controller.services.GarageService.readFromFile(GarageService.java:69)
	at com.senla.carservice.view.facade.CarService.loadData(CarService.java:271)
	at com.senla.carservice.ui.menu.controller.MenuController.run(MenuController.java:14)
	at com.senla.carservice.ui.Test.main(Test.java:9)
19:13:40,813 ERROR main PropertyRepository:<init>:31 - FileNotFoundException
java.io.FileNotFoundException: src\config.properties (Не удается найти указанный файл)
	at java.io.FileInputStream.open0(Native Method)
	at java.io.FileInputStream.open(Unknown Source)
	at java.io.FileInputStream.<init>(Unknown Source)
	at java.io.FileInputStream.<init>(Unknown Source)
	at com.senla.carservice.configuration.propertyreader.PropertyReader.loadProperties(PropertyReader.java:11)
	at com.senla.carservice.configuration.properties.PropertyRepository.loadProperties(PropertyRepository.java:39)
	at com.senla.carservice.configuration.properties.PropertyRepository.<init>(PropertyRepository.java:29)
	at com.senla.carservice.configuration.properties.PropertyRepository.getInstance(PropertyRepository.java:21)
	at com.senla.carservice.repository.GarageRepository.readFromFile(GarageRepository.java:86)
	at com.senla.carservice.controller.services.GarageService.readFromFile(GarageService.java:69)
	at com.senla.carservice.view.facade.CarService.loadData(CarService.java:271)
	at com.senla.carservice.ui.menu.controller.MenuController.run(MenuController.java:14)
	at com.senla.carservice.ui.Test.main(Test.java:9)
19:13:40,813 ERROR main CarService:loadData:279 - FileNotFound: 
java.lang.NullPointerException
	at java.io.FileInputStream.<init>(Unknown Source)
	at java.io.FileInputStream.<init>(Unknown Source)
	at com.senla.carservice.repository.GarageRepository.readFromFile(GarageRepository.java:87)
	at com.senla.carservice.controller.services.GarageService.readFromFile(GarageService.java:69)
	at com.senla.carservice.view.facade.CarService.loadData(CarService.java:271)
	at com.senla.carservice.ui.menu.controller.MenuController.run(MenuController.java:14)
	at com.senla.carservice.ui.Test.main(Test.java:9)
20:49:45,202 ERROR main CarService:loadData:281 - FileNotFound: 
java.io.FileNotFoundException: masters.dat (Не удается найти указанный файл)
	at java.io.FileInputStream.open0(Native Method)
	at java.io.FileInputStream.open(Unknown Source)
	at java.io.FileInputStream.<init>(Unknown Source)
	at java.io.FileInputStream.<init>(Unknown Source)
	at com.senla.carservice.repository.MasterRepository.readFromFile(MasterRepository.java:85)
	at com.senla.carservice.controller.services.MasterService.readFromFile(MasterService.java:45)
	at com.senla.carservice.view.facade.CarService.loadData(CarService.java:274)
	at com.senla.carservice.ui.menu.controller.MenuController.run(MenuController.java:14)
	at com.senla.carservice.ui.Test.main(Test.java:9)
20:52:34,889 ERROR main CarService:loadData:281 - FileNotFound: 
java.io.FileNotFoundException: masters.dat (Не удается найти указанный файл)
	at java.io.FileInputStream.open0(Native Method)
	at java.io.FileInputStream.open(Unknown Source)
	at java.io.FileInputStream.<init>(Unknown Source)
	at java.io.FileInputStream.<init>(Unknown Source)
	at com.senla.carservice.repository.MasterRepository.readFromFile(MasterRepository.java:85)
	at com.senla.carservice.controller.services.MasterService.readFromFile(MasterService.java:45)
	at com.senla.carservice.view.facade.CarService.loadData(CarService.java:274)
	at com.senla.carservice.ui.menu.controller.MenuController.run(MenuController.java:14)
	at com.senla.carservice.ui.Test.main(Test.java:9)
22:04:44,471 ERROR main CarService:loadData:281 - FileNotFound: 
java.io.FileNotFoundException: masters.dat (Не удается найти указанный файл)
	at java.io.FileInputStream.open0(Native Method)
	at java.io.FileInputStream.open(Unknown Source)
	at java.io.FileInputStream.<init>(Unknown Source)
	at java.io.FileInputStream.<init>(Unknown Source)
	at com.senla.carservice.repository.MasterRepository.readFromFile(MasterRepository.java:89)
	at com.senla.carservice.controller.services.MasterService.readFromFile(MasterService.java:49)
	at com.senla.carservice.view.facade.CarService.loadData(CarService.java:274)
	at com.senla.carservice.ui.menu.controller.MenuController.run(MenuController.java:14)
	at com.senla.carservice.ui.Test.main(Test.java:9)
22:05:57,646 ERROR main CarService:loadData:281 - FileNotFound: 
java.io.FileNotFoundException: masters.dat (Не удается найти указанный файл)
	at java.io.FileInputStream.open0(Native Method)
	at java.io.FileInputStream.open(Unknown Source)
	at java.io.FileInputStream.<init>(Unknown Source)
	at java.io.FileInputStream.<init>(Unknown Source)
	at com.senla.carservice.repository.MasterRepository.readFromFile(MasterRepository.java:89)
	at com.senla.carservice.controller.services.MasterService.readFromFile(MasterService.java:49)
	at com.senla.carservice.view.facade.CarService.loadData(CarService.java:274)
	at com.senla.carservice.ui.menu.controller.MenuController.run(MenuController.java:14)
	at com.senla.carservice.ui.Test.main(Test.java:9)
22:13:15,878 ERROR main CarService:loadData:281 - FileNotFound: 
java.io.FileNotFoundException: masters.dat (Не удается найти указанный файл)
	at java.io.FileInputStream.open0(Native Method)
	at java.io.FileInputStream.open(Unknown Source)
	at java.io.FileInputStream.<init>(Unknown Source)
	at java.io.FileInputStream.<init>(Unknown Source)
	at com.senla.carservice.repository.MasterRepository.readFromFile(MasterRepository.java:89)
	at com.senla.carservice.controller.services.MasterService.readFromFile(MasterService.java:49)
	at com.senla.carservice.view.facade.CarService.loadData(CarService.java:274)
	at com.senla.carservice.ui.menu.controller.MenuController.run(MenuController.java:14)
	at com.senla.carservice.ui.Test.main(Test.java:9)
22:15:33,625 ERROR main CarService:loadData:281 - FileNotFound: 
java.io.FileNotFoundException: masters.dat (Не удается найти указанный файл)
	at java.io.FileInputStream.open0(Native Method)
	at java.io.FileInputStream.open(Unknown Source)
	at java.io.FileInputStream.<init>(Unknown Source)
	at java.io.FileInputStream.<init>(Unknown Source)
	at com.senla.carservice.repository.MasterRepository.readFromFile(MasterRepository.java:89)
	at com.senla.carservice.controller.services.MasterService.readFromFile(MasterService.java:49)
	at com.senla.carservice.view.facade.CarService.loadData(CarService.java:274)
	at com.senla.carservice.ui.menu.controller.MenuController.run(MenuController.java:14)
	at com.senla.carservice.ui.Test.main(Test.java:9)
22:18:19,798 ERROR main CarService:loadData:281 - FileNotFound: 
java.io.FileNotFoundException: masters.dat (Не удается найти указанный файл)
	at java.io.FileInputStream.open0(Native Method)
	at java.io.FileInputStream.open(Unknown Source)
	at java.io.FileInputStream.<init>(Unknown Source)
	at java.io.FileInputStream.<init>(Unknown Source)
	at com.senla.carservice.repository.MasterRepository.readFromFile(MasterRepository.java:89)
	at com.senla.carservice.controller.services.MasterService.readFromFile(MasterService.java:49)
	at com.senla.carservice.view.facade.CarService.loadData(CarService.java:274)
	at com.senla.carservice.ui.menu.controller.MenuController.run(MenuController.java:14)
	at com.senla.carservice.ui.Test.main(Test.java:9)
22:18:58,308 ERROR main CarService:loadData:281 - FileNotFound: 
java.io.FileNotFoundException: masters.dat (Не удается найти указанный файл)
	at java.io.FileInputStream.open0(Native Method)
	at java.io.FileInputStream.open(Unknown Source)
	at java.io.FileInputStream.<init>(Unknown Source)
	at java.io.FileInputStream.<init>(Unknown Source)
	at com.senla.carservice.repository.MasterRepository.readFromFile(MasterRepository.java:89)
	at com.senla.carservice.controller.services.MasterService.readFromFile(MasterService.java:49)
	at com.senla.carservice.view.facade.CarService.loadData(CarService.java:274)
	at com.senla.carservice.ui.menu.controller.MenuController.run(MenuController.java:14)
	at com.senla.carservice.ui.Test.main(Test.java:9)
22:22:44,059 ERROR main CarService:loadData:281 - FileNotFound: 
java.io.FileNotFoundException: masters.dat (Не удается найти указанный файл)
	at java.io.FileInputStream.open0(Native Method)
	at java.io.FileInputStream.open(Unknown Source)
	at java.io.FileInputStream.<init>(Unknown Source)
	at java.io.FileInputStream.<init>(Unknown Source)
	at com.senla.carservice.repository.MasterRepository.readFromFile(MasterRepository.java:89)
	at com.senla.carservice.controller.services.MasterService.readFromFile(MasterService.java:49)
	at com.senla.carservice.view.facade.CarService.loadData(CarService.java:274)
	at com.senla.carservice.ui.menu.controller.MenuController.run(MenuController.java:14)
	at com.senla.carservice.ui.Test.main(Test.java:9)
22:24:11,820 ERROR main CarService:loadData:281 - FileNotFound: 
java.io.FileNotFoundException: masters.dat (Не удается найти указанный файл)
	at java.io.FileInputStream.open0(Native Method)
	at java.io.FileInputStream.open(Unknown Source)
	at java.io.FileInputStream.<init>(Unknown Source)
	at java.io.FileInputStream.<init>(Unknown Source)
	at com.senla.carservice.repository.MasterRepository.readFromFile(MasterRepository.java:89)
	at com.senla.carservice.controller.services.MasterService.readFromFile(MasterService.java:49)
	at com.senla.carservice.view.facade.CarService.loadData(CarService.java:274)
	at com.senla.carservice.ui.menu.controller.MenuController.run(MenuController.java:14)
	at com.senla.carservice.ui.Test.main(Test.java:9)
22:25:24,891 ERROR main CarService:loadData:281 - FileNotFound: 
java.io.FileNotFoundException: masters.dat (Не удается найти указанный файл)
	at java.io.FileInputStream.open0(Native Method)
	at java.io.FileInputStream.open(Unknown Source)
	at java.io.FileInputStream.<init>(Unknown Source)
	at java.io.FileInputStream.<init>(Unknown Source)
	at com.senla.carservice.repository.MasterRepository.readFromFile(MasterRepository.java:89)
	at com.senla.carservice.controller.services.MasterService.readFromFile(MasterService.java:49)
	at com.senla.carservice.view.facade.CarService.loadData(CarService.java:274)
	at com.senla.carservice.ui.menu.controller.MenuController.run(MenuController.java:14)
	at com.senla.carservice.ui.Test.main(Test.java:9)
22:45:06,621 ERROR main CarService:loadData:281 - FileNotFound: 
java.io.FileNotFoundException: masters.dat (Не удается найти указанный файл)
	at java.io.FileInputStream.open0(Native Method)
	at java.io.FileInputStream.open(Unknown Source)
	at java.io.FileInputStream.<init>(Unknown Source)
	at java.io.FileInputStream.<init>(Unknown Source)
	at com.senla.carservice.repository.MasterRepository.readFromFile(MasterRepository.java:89)
	at com.senla.carservice.controller.services.MasterService.readFromFile(MasterService.java:49)
	at com.senla.carservice.view.facade.CarService.loadData(CarService.java:274)
	at com.senla.carservice.ui.menu.controller.MenuController.run(MenuController.java:14)
	at com.senla.carservice.ui.Test.main(Test.java:9)
22:47:53,358 ERROR main CarService:loadData:281 - FileNotFound: 
java.io.FileNotFoundException: masters.dat (Не удается найти указанный файл)
	at java.io.FileInputStream.open0(Native Method)
	at java.io.FileInputStream.open(Unknown Source)
	at java.io.FileInputStream.<init>(Unknown Source)
	at java.io.FileInputStream.<init>(Unknown Source)
	at com.senla.carservice.repository.MasterRepository.readFromFile(MasterRepository.java:89)
	at com.senla.carservice.controller.services.MasterService.readFromFile(MasterService.java:49)
	at com.senla.carservice.view.facade.CarService.loadData(CarService.java:274)
	at com.senla.carservice.ui.menu.controller.MenuController.run(MenuController.java:14)
	at com.senla.carservice.ui.Test.main(Test.java:9)
00:02:56,960 ERROR main CarService:loadData:294 - IOExcepton
java.io.FileNotFoundException: carServiceData.dat (Не удается найти указанный файл)
	at java.io.FileInputStream.open0(Native Method)
	at java.io.FileInputStream.open(Unknown Source)
	at java.io.FileInputStream.<init>(Unknown Source)
	at java.io.FileInputStream.<init>(Unknown Source)
	at com.senla.carservice.util.utils.Serializer.deserialize(Serializer.java:36)
	at com.senla.carservice.view.facade.CarService.loadData(CarService.java:287)
	at com.senla.carservice.ui.menu.controller.MenuController.run(MenuController.java:14)
	at com.senla.carservice.ui.Test.main(Test.java:9)
