01:16:56,646 ERROR main Server:main:22 - IOException
java.net.BindException: Address already in use: JVM_Bind
	at java.net.DualStackPlainSocketImpl.bind0(Native Method)
	at java.net.DualStackPlainSocketImpl.socketBind(Unknown Source)
	at java.net.AbstractPlainSocketImpl.bind(Unknown Source)
	at java.net.PlainSocketImpl.bind(Unknown Source)
	at java.net.ServerSocket.bind(Unknown Source)
	at java.net.ServerSocket.<init>(Unknown Source)
	at java.net.ServerSocket.<init>(Unknown Source)
	at com.senla.carservice.server.Server.main(Server.java:15)
01:20:41,683 ERROR Thread-0 ServerThread:run:46 - Exception
java.net.SocketException: Connection reset
	at java.net.SocketInputStream.read(Unknown Source)
	at java.net.SocketInputStream.read(Unknown Source)
	at java.net.SocketInputStream.read(Unknown Source)
	at java.io.ObjectInputStream$PeekInputStream.peek(Unknown Source)
	at java.io.ObjectInputStream$BlockDataInputStream.peek(Unknown Source)
	at java.io.ObjectInputStream$BlockDataInputStream.peekByte(Unknown Source)
	at java.io.ObjectInputStream.readObject0(Unknown Source)
	at java.io.ObjectInputStream.readObject(Unknown Source)
	at com.senla.carservice.server.thread.ServerThread.run(ServerThread.java:31)
01:21:00,544 ERROR Thread-0 CoordinationRepository:getObject:64 - InvocationTargetException
java.lang.reflect.InvocationTargetException
	at sun.reflect.NativeConstructorAccessorImpl.newInstance0(Native Method)
	at sun.reflect.NativeConstructorAccessorImpl.newInstance(Unknown Source)
	at sun.reflect.DelegatingConstructorAccessorImpl.newInstance(Unknown Source)
	at java.lang.reflect.Constructor.newInstance(Unknown Source)
	at com.senla.carservice.dependencyinjection.coordinationrepository.CoordinationRepository.getObject(CoordinationRepository.java:52)
	at com.senla.carservice.view.facade.CarService.<init>(CarService.java:40)
	at com.senla.carservice.view.facade.CarService.getInstance(CarService.java:34)
	at com.senla.carservice.server.handler.Handler.handleRequest(Handler.java:15)
	at com.senla.carservice.server.thread.ServerThread.run(ServerThread.java:32)
Caused by: java.lang.NoClassDefFoundError: org/hibernate/util/DTDEntityResolver
	at java.lang.ClassLoader.defineClass1(Native Method)
	at java.lang.ClassLoader.defineClass(Unknown Source)
	at java.security.SecureClassLoader.defineClass(Unknown Source)
	at java.net.URLClassLoader.defineClass(Unknown Source)
	at java.net.URLClassLoader.access$100(Unknown Source)
	at java.net.URLClassLoader$1.run(Unknown Source)
	at java.net.URLClassLoader$1.run(Unknown Source)
	at java.security.AccessController.doPrivileged(Native Method)
	at java.net.URLClassLoader.findClass(Unknown Source)
	at java.lang.ClassLoader.loadClass(Unknown Source)
	at sun.misc.Launcher$AppClassLoader.loadClass(Unknown Source)
	at java.lang.ClassLoader.loadClass(Unknown Source)
	at org.hibernate.cfg.Configuration.reset(Configuration.java:355)
	at org.hibernate.cfg.Configuration.<init>(Configuration.java:291)
	at org.hibernate.cfg.Configuration.<init>(Configuration.java:295)
	at com.senla.carservice.connection.HibernateUtil.build(HibernateUtil.java:24)
	at com.senla.carservice.connection.HibernateUtil.<init>(HibernateUtil.java:20)
	at com.senla.carservice.connection.HibernateUtil.getInstance(HibernateUtil.java:14)
	at com.senla.carservice.controller.services.GarageService.<init>(GarageService.java:17)
	... 9 more
Caused by: java.lang.ClassNotFoundException: org.hibernate.util.DTDEntityResolver
	at java.net.URLClassLoader.findClass(Unknown Source)
	at java.lang.ClassLoader.loadClass(Unknown Source)
	at sun.misc.Launcher$AppClassLoader.loadClass(Unknown Source)
	at java.lang.ClassLoader.loadClass(Unknown Source)
	... 28 more
01:21:00,550 ERROR Thread-0 CoordinationRepository:getObject:64 - InvocationTargetException
java.lang.reflect.InvocationTargetException
	at sun.reflect.NativeConstructorAccessorImpl.newInstance0(Native Method)
	at sun.reflect.NativeConstructorAccessorImpl.newInstance(Unknown Source)
	at sun.reflect.DelegatingConstructorAccessorImpl.newInstance(Unknown Source)
	at java.lang.reflect.Constructor.newInstance(Unknown Source)
	at com.senla.carservice.dependencyinjection.coordinationrepository.CoordinationRepository.getObject(CoordinationRepository.java:52)
	at com.senla.carservice.view.facade.CarService.<init>(CarService.java:41)
	at com.senla.carservice.view.facade.CarService.getInstance(CarService.java:34)
	at com.senla.carservice.server.handler.Handler.handleRequest(Handler.java:15)
	at com.senla.carservice.server.thread.ServerThread.run(ServerThread.java:32)
Caused by: java.lang.NoClassDefFoundError: org/hibernate/cfg/EJB3DTDEntityResolver
	at org.hibernate.cfg.Configuration.reset(Configuration.java:355)
	at org.hibernate.cfg.Configuration.<init>(Configuration.java:291)
	at org.hibernate.cfg.Configuration.<init>(Configuration.java:295)
	at com.senla.carservice.connection.HibernateUtil.build(HibernateUtil.java:24)
	at com.senla.carservice.connection.HibernateUtil.<init>(HibernateUtil.java:20)
	at com.senla.carservice.connection.HibernateUtil.getInstance(HibernateUtil.java:14)
	at com.senla.carservice.controller.services.MasterService.<init>(MasterService.java:20)
	... 9 more
01:21:00,553 ERROR Thread-0 CoordinationRepository:getObject:64 - InvocationTargetException
java.lang.reflect.InvocationTargetException
	at sun.reflect.NativeConstructorAccessorImpl.newInstance0(Native Method)
	at sun.reflect.NativeConstructorAccessorImpl.newInstance(Unknown Source)
	at sun.reflect.DelegatingConstructorAccessorImpl.newInstance(Unknown Source)
	at java.lang.reflect.Constructor.newInstance(Unknown Source)
	at com.senla.carservice.dependencyinjection.coordinationrepository.CoordinationRepository.getObject(CoordinationRepository.java:52)
	at com.senla.carservice.view.facade.CarService.<init>(CarService.java:42)
	at com.senla.carservice.view.facade.CarService.getInstance(CarService.java:34)
	at com.senla.carservice.server.handler.Handler.handleRequest(Handler.java:15)
	at com.senla.carservice.server.thread.ServerThread.run(ServerThread.java:32)
Caused by: java.lang.NoClassDefFoundError: org/hibernate/cfg/EJB3DTDEntityResolver
	at org.hibernate.cfg.Configuration.reset(Configuration.java:355)
	at org.hibernate.cfg.Configuration.<init>(Configuration.java:291)
	at org.hibernate.cfg.Configuration.<init>(Configuration.java:295)
	at com.senla.carservice.connection.HibernateUtil.build(HibernateUtil.java:24)
	at com.senla.carservice.connection.HibernateUtil.<init>(HibernateUtil.java:20)
	at com.senla.carservice.connection.HibernateUtil.getInstance(HibernateUtil.java:14)
	at com.senla.carservice.controller.services.OrderService.<init>(OrderService.java:29)
	... 9 more
01:21:00,556 ERROR Thread-0 CarService:getGarages:70 - Exception
java.lang.NullPointerException
	at com.senla.carservice.view.facade.CarService.getGarages(CarService.java:68)
	at sun.reflect.NativeMethodAccessorImpl.invoke0(Native Method)
	at sun.reflect.NativeMethodAccessorImpl.invoke(Unknown Source)
	at sun.reflect.DelegatingMethodAccessorImpl.invoke(Unknown Source)
	at java.lang.reflect.Method.invoke(Unknown Source)
	at com.senla.carservice.server.handler.Handler.handleRequest(Handler.java:24)
	at com.senla.carservice.server.thread.ServerThread.run(ServerThread.java:32)
01:21:00,562 ERROR Thread-0 ServerThread:run:46 - Exception
java.net.SocketException: Connection reset
	at java.net.SocketInputStream.read(Unknown Source)
	at java.net.SocketInputStream.read(Unknown Source)
	at java.net.SocketInputStream.read(Unknown Source)
	at java.io.ObjectInputStream$PeekInputStream.peek(Unknown Source)
	at java.io.ObjectInputStream$BlockDataInputStream.peek(Unknown Source)
	at java.io.ObjectInputStream$BlockDataInputStream.peekByte(Unknown Source)
	at java.io.ObjectInputStream.readObject0(Unknown Source)
	at java.io.ObjectInputStream.readObject(Unknown Source)
	at com.senla.carservice.server.thread.ServerThread.run(ServerThread.java:31)
01:27:59,373 ERROR Thread-0 CoordinationRepository:getObject:64 - InvocationTargetException
java.lang.reflect.InvocationTargetException
	at sun.reflect.NativeConstructorAccessorImpl.newInstance0(Native Method)
	at sun.reflect.NativeConstructorAccessorImpl.newInstance(Unknown Source)
	at sun.reflect.DelegatingConstructorAccessorImpl.newInstance(Unknown Source)
	at java.lang.reflect.Constructor.newInstance(Unknown Source)
	at com.senla.carservice.dependencyinjection.coordinationrepository.CoordinationRepository.getObject(CoordinationRepository.java:52)
	at com.senla.carservice.view.facade.CarService.<init>(CarService.java:40)
	at com.senla.carservice.view.facade.CarService.getInstance(CarService.java:34)
	at com.senla.carservice.server.handler.Handler.handleRequest(Handler.java:15)
	at com.senla.carservice.server.thread.ServerThread.run(ServerThread.java:32)
Caused by: java.lang.NoClassDefFoundError: org/hibernate/util/DTDEntityResolver
	at java.lang.ClassLoader.defineClass1(Native Method)
	at java.lang.ClassLoader.defineClass(Unknown Source)
	at java.security.SecureClassLoader.defineClass(Unknown Source)
	at java.net.URLClassLoader.defineClass(Unknown Source)
	at java.net.URLClassLoader.access$100(Unknown Source)
	at java.net.URLClassLoader$1.run(Unknown Source)
	at java.net.URLClassLoader$1.run(Unknown Source)
	at java.security.AccessController.doPrivileged(Native Method)
	at java.net.URLClassLoader.findClass(Unknown Source)
	at java.lang.ClassLoader.loadClass(Unknown Source)
	at sun.misc.Launcher$AppClassLoader.loadClass(Unknown Source)
	at java.lang.ClassLoader.loadClass(Unknown Source)
	at org.hibernate.cfg.Configuration.reset(Configuration.java:355)
	at org.hibernate.cfg.Configuration.<init>(Configuration.java:291)
	at org.hibernate.cfg.Configuration.<init>(Configuration.java:295)
	at com.senla.carservice.connection.HibernateUtil.build(HibernateUtil.java:24)
	at com.senla.carservice.connection.HibernateUtil.<init>(HibernateUtil.java:20)
	at com.senla.carservice.connection.HibernateUtil.getInstance(HibernateUtil.java:14)
	at com.senla.carservice.controller.services.GarageService.<init>(GarageService.java:17)
	... 9 more
Caused by: java.lang.ClassNotFoundException: org.hibernate.util.DTDEntityResolver
	at java.net.URLClassLoader.findClass(Unknown Source)
	at java.lang.ClassLoader.loadClass(Unknown Source)
	at sun.misc.Launcher$AppClassLoader.loadClass(Unknown Source)
	at java.lang.ClassLoader.loadClass(Unknown Source)
	... 28 more
01:28:11,530 ERROR Thread-0 CoordinationRepository:getObject:64 - InvocationTargetException
java.lang.reflect.InvocationTargetException
	at sun.reflect.NativeConstructorAccessorImpl.newInstance0(Native Method)
	at sun.reflect.NativeConstructorAccessorImpl.newInstance(Unknown Source)
	at sun.reflect.DelegatingConstructorAccessorImpl.newInstance(Unknown Source)
	at java.lang.reflect.Constructor.newInstance(Unknown Source)
	at com.senla.carservice.dependencyinjection.coordinationrepository.CoordinationRepository.getObject(CoordinationRepository.java:52)
	at com.senla.carservice.view.facade.CarService.<init>(CarService.java:41)
	at com.senla.carservice.view.facade.CarService.getInstance(CarService.java:34)
	at com.senla.carservice.server.handler.Handler.handleRequest(Handler.java:15)
	at com.senla.carservice.server.thread.ServerThread.run(ServerThread.java:32)
Caused by: java.lang.NoClassDefFoundError: org/hibernate/cfg/EJB3DTDEntityResolver
	at org.hibernate.cfg.Configuration.reset(Configuration.java:355)
	at org.hibernate.cfg.Configuration.<init>(Configuration.java:291)
	at org.hibernate.cfg.Configuration.<init>(Configuration.java:295)
	at com.senla.carservice.connection.HibernateUtil.build(HibernateUtil.java:24)
	at com.senla.carservice.connection.HibernateUtil.<init>(HibernateUtil.java:20)
	at com.senla.carservice.connection.HibernateUtil.getInstance(HibernateUtil.java:14)
	at com.senla.carservice.controller.services.MasterService.<init>(MasterService.java:20)
	... 9 more
01:38:22,213  WARN Thread-0 DriverManagerConnectionProviderImpl:configure:93 - HHH000402: Using Hibernate built-in connection pool (not for production use!)
01:46:10,443  WARN Thread-0 DriverManagerConnectionProviderImpl:configure:93 - HHH000402: Using Hibernate built-in connection pool (not for production use!)
01:58:54,173  WARN Thread-0 DriverManagerConnectionProviderImpl:configure:93 - HHH000402: Using Hibernate built-in connection pool (not for production use!)
01:59:16,505 ERROR Thread-0 CarService:addGarage:51 - Exception
org.hibernate.MappingException: Unknown entity: com.senla.carservice.model.beans.Garage
	at org.hibernate.internal.SessionFactoryImpl.getEntityPersister(SessionFactoryImpl.java:1096)
	at org.hibernate.internal.SessionImpl.getEntityPersister(SessionImpl.java:1479)
	at org.hibernate.event.internal.AbstractSaveEventListener.saveWithGeneratedId(AbstractSaveEventListener.java:117)
	at org.hibernate.event.internal.DefaultSaveOrUpdateEventListener.saveWithGeneratedOrRequestedId(DefaultSaveOrUpdateEventListener.java:209)
	at org.hibernate.event.internal.DefaultSaveEventListener.saveWithGeneratedOrRequestedId(DefaultSaveEventListener.java:55)
	at org.hibernate.event.internal.DefaultSaveOrUpdateEventListener.entityIsTransient(DefaultSaveOrUpdateEventListener.java:194)
	at org.hibernate.event.internal.DefaultSaveEventListener.performSaveOrUpdate(DefaultSaveEventListener.java:49)
	at org.hibernate.event.internal.DefaultSaveOrUpdateEventListener.onSaveOrUpdate(DefaultSaveOrUpdateEventListener.java:90)
	at org.hibernate.internal.SessionImpl.fireSave(SessionImpl.java:715)
	at org.hibernate.internal.SessionImpl.save(SessionImpl.java:707)
	at org.hibernate.internal.SessionImpl.save(SessionImpl.java:702)
	at com.senla.carservice.dao.AbstractDAO.create(AbstractDAO.java:19)
	at com.senla.carservice.dao.AbstractDAO.create(AbstractDAO.java:12)
	at com.senla.carservice.controller.services.GarageService.addGarage(GarageService.java:28)
	at com.senla.carservice.view.facade.CarService.addGarage(CarService.java:49)
	at sun.reflect.NativeMethodAccessorImpl.invoke0(Native Method)
	at sun.reflect.NativeMethodAccessorImpl.invoke(Unknown Source)
	at sun.reflect.DelegatingMethodAccessorImpl.invoke(Unknown Source)
	at java.lang.reflect.Method.invoke(Unknown Source)
	at com.senla.carservice.server.handler.Handler.handleRequest(Handler.java:27)
	at com.senla.carservice.server.thread.ServerThread.run(ServerThread.java:32)
02:16:39,259  WARN Thread-0 DriverManagerConnectionProviderImpl:configure:93 - HHH000402: Using Hibernate built-in connection pool (not for production use!)
02:16:58,449  WARN Thread-0 SqlExceptionHelper:logExceptions:144 - SQL Error: 0, SQLState: S1009
02:16:58,449 ERROR Thread-0 SqlExceptionHelper:logExceptions:146 - Invalid value for getInt() - 'EXECUTABLE'
02:16:58,461 ERROR Thread-0 CarService:getOrders:158 - Exception
org.hibernate.exception.GenericJDBCException: could not execute query
	at org.hibernate.exception.internal.StandardSQLExceptionConverter.convert(StandardSQLExceptionConverter.java:54)
	at org.hibernate.engine.jdbc.spi.SqlExceptionHelper.convert(SqlExceptionHelper.java:126)
	at org.hibernate.loader.Loader.doList(Loader.java:2557)
	at org.hibernate.loader.Loader.doList(Loader.java:2540)
	at org.hibernate.loader.Loader.listIgnoreQueryCache(Loader.java:2370)
	at org.hibernate.loader.Loader.list(Loader.java:2365)
	at org.hibernate.loader.criteria.CriteriaLoader.list(CriteriaLoader.java:126)
	at org.hibernate.internal.SessionImpl.list(SessionImpl.java:1718)
	at org.hibernate.internal.CriteriaImpl.list(CriteriaImpl.java:380)
	at com.senla.carservice.dao.AbstractDAO.getAll(AbstractDAO.java:65)
	at com.senla.carservice.controller.services.OrderService.getOrders(OrderService.java:120)
	at com.senla.carservice.view.facade.CarService.getOrders(CarService.java:156)
	at sun.reflect.NativeMethodAccessorImpl.invoke0(Native Method)
	at sun.reflect.NativeMethodAccessorImpl.invoke(Unknown Source)
	at sun.reflect.DelegatingMethodAccessorImpl.invoke(Unknown Source)
	at java.lang.reflect.Method.invoke(Unknown Source)
	at com.senla.carservice.server.handler.Handler.handleRequest(Handler.java:24)
	at com.senla.carservice.server.thread.ServerThread.run(ServerThread.java:32)
Caused by: java.sql.SQLException: Invalid value for getInt() - 'EXECUTABLE'
	at com.mysql.jdbc.SQLError.createSQLException(SQLError.java:1055)
	at com.mysql.jdbc.SQLError.createSQLException(SQLError.java:956)
	at com.mysql.jdbc.SQLError.createSQLException(SQLError.java:926)
	at com.mysql.jdbc.ResultSetImpl.getInt(ResultSetImpl.java:2709)
	at com.mysql.jdbc.ResultSetImpl.getInt(ResultSetImpl.java:2734)
	at org.hibernate.type.EnumType$OrdinalEnumValueMapper.getValue(EnumType.java:372)
	at org.hibernate.type.EnumType.nullSafeGet(EnumType.java:107)
	at org.hibernate.type.CustomType.nullSafeGet(CustomType.java:127)
	at org.hibernate.type.AbstractType.hydrate(AbstractType.java:106)
	at org.hibernate.persister.entity.AbstractEntityPersister.hydrate(AbstractEntityPersister.java:2969)
	at org.hibernate.loader.Loader.loadFromResultSet(Loader.java:1696)
	at org.hibernate.loader.Loader.instanceNotYetLoaded(Loader.java:1628)
	at org.hibernate.loader.Loader.getRow(Loader.java:1515)
	at org.hibernate.loader.Loader.getRowFromResultSet(Loader.java:726)
	at org.hibernate.loader.Loader.processResultSet(Loader.java:953)
	at org.hibernate.loader.Loader.doQuery(Loader.java:921)
	at org.hibernate.loader.Loader.doQueryAndInitializeNonLazyCollections(Loader.java:355)
	at org.hibernate.loader.Loader.doList(Loader.java:2554)
	... 15 more
02:16:58,468 ERROR Thread-0 ServerThread:run:46 - Exception
java.net.SocketException: Connection reset
	at java.net.SocketInputStream.read(Unknown Source)
	at java.net.SocketInputStream.read(Unknown Source)
	at java.net.SocketInputStream.read(Unknown Source)
	at java.io.ObjectInputStream$PeekInputStream.peek(Unknown Source)
	at java.io.ObjectInputStream$BlockDataInputStream.peek(Unknown Source)
	at java.io.ObjectInputStream$BlockDataInputStream.peekByte(Unknown Source)
	at java.io.ObjectInputStream.readObject0(Unknown Source)
	at java.io.ObjectInputStream.readObject(Unknown Source)
	at com.senla.carservice.server.thread.ServerThread.run(ServerThread.java:31)
02:17:46,583  WARN Thread-3 SqlExceptionHelper:logExceptions:144 - SQL Error: 0, SQLState: S1009
02:17:46,583 ERROR Thread-3 SqlExceptionHelper:logExceptions:146 - Invalid value for getInt() - 'EXECUTABLE'
02:17:46,583 ERROR Thread-3 CarService:getOrders:158 - Exception
org.hibernate.exception.GenericJDBCException: could not execute query
	at org.hibernate.exception.internal.StandardSQLExceptionConverter.convert(StandardSQLExceptionConverter.java:54)
	at org.hibernate.engine.jdbc.spi.SqlExceptionHelper.convert(SqlExceptionHelper.java:126)
	at org.hibernate.loader.Loader.doList(Loader.java:2557)
	at org.hibernate.loader.Loader.doList(Loader.java:2540)
	at org.hibernate.loader.Loader.listIgnoreQueryCache(Loader.java:2370)
	at org.hibernate.loader.Loader.list(Loader.java:2365)
	at org.hibernate.loader.criteria.CriteriaLoader.list(CriteriaLoader.java:126)
	at org.hibernate.internal.SessionImpl.list(SessionImpl.java:1718)
	at org.hibernate.internal.CriteriaImpl.list(CriteriaImpl.java:380)
	at com.senla.carservice.dao.AbstractDAO.getAll(AbstractDAO.java:65)
	at com.senla.carservice.controller.services.OrderService.getOrders(OrderService.java:120)
	at com.senla.carservice.view.facade.CarService.getOrders(CarService.java:156)
	at sun.reflect.NativeMethodAccessorImpl.invoke0(Native Method)
	at sun.reflect.NativeMethodAccessorImpl.invoke(Unknown Source)
	at sun.reflect.DelegatingMethodAccessorImpl.invoke(Unknown Source)
	at java.lang.reflect.Method.invoke(Unknown Source)
	at com.senla.carservice.server.handler.Handler.handleRequest(Handler.java:24)
	at com.senla.carservice.server.thread.ServerThread.run(ServerThread.java:32)
Caused by: java.sql.SQLException: Invalid value for getInt() - 'EXECUTABLE'
	at com.mysql.jdbc.SQLError.createSQLException(SQLError.java:1055)
	at com.mysql.jdbc.SQLError.createSQLException(SQLError.java:956)
	at com.mysql.jdbc.SQLError.createSQLException(SQLError.java:926)
	at com.mysql.jdbc.ResultSetImpl.getInt(ResultSetImpl.java:2709)
	at com.mysql.jdbc.ResultSetImpl.getInt(ResultSetImpl.java:2734)
	at org.hibernate.type.EnumType$OrdinalEnumValueMapper.getValue(EnumType.java:372)
	at org.hibernate.type.EnumType.nullSafeGet(EnumType.java:107)
	at org.hibernate.type.CustomType.nullSafeGet(CustomType.java:127)
	at org.hibernate.type.AbstractType.hydrate(AbstractType.java:106)
	at org.hibernate.persister.entity.AbstractEntityPersister.hydrate(AbstractEntityPersister.java:2969)
	at org.hibernate.loader.Loader.loadFromResultSet(Loader.java:1696)
	at org.hibernate.loader.Loader.instanceNotYetLoaded(Loader.java:1628)
	at org.hibernate.loader.Loader.getRow(Loader.java:1515)
	at org.hibernate.loader.Loader.getRowFromResultSet(Loader.java:726)
	at org.hibernate.loader.Loader.processResultSet(Loader.java:953)
	at org.hibernate.loader.Loader.doQuery(Loader.java:921)
	at org.hibernate.loader.Loader.doQueryAndInitializeNonLazyCollections(Loader.java:355)
	at org.hibernate.loader.Loader.doList(Loader.java:2554)
	... 15 more
02:17:46,589 ERROR Thread-3 ServerThread:run:46 - Exception
java.net.SocketException: Connection reset
	at java.net.SocketInputStream.read(Unknown Source)
	at java.net.SocketInputStream.read(Unknown Source)
	at java.net.SocketInputStream.read(Unknown Source)
	at java.io.ObjectInputStream$PeekInputStream.peek(Unknown Source)
	at java.io.ObjectInputStream$BlockDataInputStream.peek(Unknown Source)
	at java.io.ObjectInputStream$BlockDataInputStream.peekByte(Unknown Source)
	at java.io.ObjectInputStream.readObject0(Unknown Source)
	at java.io.ObjectInputStream.readObject(Unknown Source)
	at com.senla.carservice.server.thread.ServerThread.run(ServerThread.java:31)
02:26:57,225  WARN Thread-0 DriverManagerConnectionProviderImpl:configure:93 - HHH000402: Using Hibernate built-in connection pool (not for production use!)
02:29:13,502 ERROR Thread-0 ServerThread:run:36 - IOException
java.net.SocketException: Connection reset
	at java.net.SocketInputStream.read(Unknown Source)
	at java.net.SocketInputStream.read(Unknown Source)
	at java.net.SocketInputStream.read(Unknown Source)
	at java.io.ObjectInputStream$PeekInputStream.peek(Unknown Source)
	at java.io.ObjectInputStream$BlockDataInputStream.peek(Unknown Source)
	at java.io.ObjectInputStream$BlockDataInputStream.peekByte(Unknown Source)
	at java.io.ObjectInputStream.readObject0(Unknown Source)
	at java.io.ObjectInputStream.readObject(Unknown Source)
	at com.senla.carservice.server.thread.ServerThread.run(ServerThread.java:31)
02:48:02,213  WARN Thread-0 DriverManagerConnectionProviderImpl:configure:93 - HHH000402: Using Hibernate built-in connection pool (not for production use!)
02:48:11,362 ERROR Thread-0 ServerThread:run:36 - IOException
java.net.SocketException: Connection reset
	at java.net.SocketInputStream.read(Unknown Source)
	at java.net.SocketInputStream.read(Unknown Source)
	at java.net.SocketInputStream.read(Unknown Source)
	at java.io.ObjectInputStream$PeekInputStream.peek(Unknown Source)
	at java.io.ObjectInputStream$BlockDataInputStream.peek(Unknown Source)
	at java.io.ObjectInputStream$BlockDataInputStream.peekByte(Unknown Source)
	at java.io.ObjectInputStream.readObject0(Unknown Source)
	at java.io.ObjectInputStream.readObject(Unknown Source)
	at com.senla.carservice.server.thread.ServerThread.run(ServerThread.java:31)
19:55:59,541  WARN Thread-0 DriverManagerConnectionProviderImpl:configure:93 - HHH000402: Using Hibernate built-in connection pool (not for production use!)
19:56:01,644 ERROR Thread-0 CarService:getGarages:70 - Exception
org.hibernate.HibernateException: No CurrentSessionContext configured!
	at org.hibernate.internal.SessionFactoryImpl.getCurrentSession(SessionFactoryImpl.java:1012)
	at com.senla.carservice.controller.services.GarageService.getGarages(GarageService.java:116)
	at com.senla.carservice.view.facade.CarService.getGarages(CarService.java:68)
	at sun.reflect.NativeMethodAccessorImpl.invoke0(Native Method)
	at sun.reflect.NativeMethodAccessorImpl.invoke(Unknown Source)
	at sun.reflect.DelegatingMethodAccessorImpl.invoke(Unknown Source)
	at java.lang.reflect.Method.invoke(Unknown Source)
	at com.senla.carservice.server.handler.Handler.handleRequest(Handler.java:24)
	at com.senla.carservice.server.thread.ServerThread.run(ServerThread.java:32)
19:56:01,667 ERROR Thread-0 ServerThread:run:36 - IOException
java.net.SocketException: Connection reset
	at java.net.SocketInputStream.read(Unknown Source)
	at java.net.SocketInputStream.read(Unknown Source)
	at java.net.SocketInputStream.read(Unknown Source)
	at java.io.ObjectInputStream$PeekInputStream.peek(Unknown Source)
	at java.io.ObjectInputStream$BlockDataInputStream.peek(Unknown Source)
	at java.io.ObjectInputStream$BlockDataInputStream.peekByte(Unknown Source)
	at java.io.ObjectInputStream.readObject0(Unknown Source)
	at java.io.ObjectInputStream.readObject(Unknown Source)
	at com.senla.carservice.server.thread.ServerThread.run(ServerThread.java:31)
19:57:54,116  WARN Thread-0 DriverManagerConnectionProviderImpl:configure:93 - HHH000402: Using Hibernate built-in connection pool (not for production use!)
19:58:06,769 ERROR Thread-0 CarService:getGarages:70 - Exception
org.hibernate.HibernateException: No CurrentSessionContext configured!
	at org.hibernate.internal.SessionFactoryImpl.getCurrentSession(SessionFactoryImpl.java:1012)
	at com.senla.carservice.controller.services.GarageService.getGarages(GarageService.java:116)
	at com.senla.carservice.view.facade.CarService.getGarages(CarService.java:68)
	at sun.reflect.NativeMethodAccessorImpl.invoke0(Native Method)
	at sun.reflect.NativeMethodAccessorImpl.invoke(Unknown Source)
	at sun.reflect.DelegatingMethodAccessorImpl.invoke(Unknown Source)
	at java.lang.reflect.Method.invoke(Unknown Source)
	at com.senla.carservice.server.handler.Handler.handleRequest(Handler.java:24)
	at com.senla.carservice.server.thread.ServerThread.run(ServerThread.java:32)
19:58:06,783 ERROR Thread-0 ServerThread:run:36 - IOException
java.net.SocketException: Connection reset
	at java.net.SocketInputStream.read(Unknown Source)
	at java.net.SocketInputStream.read(Unknown Source)
	at java.net.SocketInputStream.read(Unknown Source)
	at java.io.ObjectInputStream$PeekInputStream.peek(Unknown Source)
	at java.io.ObjectInputStream$BlockDataInputStream.peek(Unknown Source)
	at java.io.ObjectInputStream$BlockDataInputStream.peekByte(Unknown Source)
	at java.io.ObjectInputStream.readObject0(Unknown Source)
	at java.io.ObjectInputStream.readObject(Unknown Source)
	at com.senla.carservice.server.thread.ServerThread.run(ServerThread.java:31)
19:59:21,982  WARN Thread-0 DriverManagerConnectionProviderImpl:configure:93 - HHH000402: Using Hibernate built-in connection pool (not for production use!)
20:00:38,496  WARN Thread-0 DriverManagerConnectionProviderImpl:configure:93 - HHH000402: Using Hibernate built-in connection pool (not for production use!)
20:03:43,847  WARN Thread-0 DriverManagerConnectionProviderImpl:configure:93 - HHH000402: Using Hibernate built-in connection pool (not for production use!)
20:03:44,921 ERROR Thread-0 CarService:getGarages:70 - Exception
org.hibernate.HibernateException: No CurrentSessionContext configured!
	at org.hibernate.internal.SessionFactoryImpl.getCurrentSession(SessionFactoryImpl.java:1012)
	at com.senla.carservice.controller.services.GarageService.getGarages(GarageService.java:116)
	at com.senla.carservice.view.facade.CarService.getGarages(CarService.java:68)
	at sun.reflect.NativeMethodAccessorImpl.invoke0(Native Method)
	at sun.reflect.NativeMethodAccessorImpl.invoke(Unknown Source)
	at sun.reflect.DelegatingMethodAccessorImpl.invoke(Unknown Source)
	at java.lang.reflect.Method.invoke(Unknown Source)
	at com.senla.carservice.server.handler.Handler.handleRequest(Handler.java:24)
	at com.senla.carservice.server.thread.ServerThread.run(ServerThread.java:32)
20:03:44,931 ERROR Thread-0 ServerThread:run:36 - IOException
java.net.SocketException: Connection reset
	at java.net.SocketInputStream.read(Unknown Source)
	at java.net.SocketInputStream.read(Unknown Source)
	at java.net.SocketInputStream.read(Unknown Source)
	at java.io.ObjectInputStream$PeekInputStream.peek(Unknown Source)
	at java.io.ObjectInputStream$BlockDataInputStream.peek(Unknown Source)
	at java.io.ObjectInputStream$BlockDataInputStream.peekByte(Unknown Source)
	at java.io.ObjectInputStream.readObject0(Unknown Source)
	at java.io.ObjectInputStream.readObject(Unknown Source)
	at com.senla.carservice.server.thread.ServerThread.run(ServerThread.java:31)
20:04:29,633  WARN Thread-0 DriverManagerConnectionProviderImpl:configure:93 - HHH000402: Using Hibernate built-in connection pool (not for production use!)
20:05:00,533 ERROR Thread-0 CarService:getGarages:70 - Exception
org.hibernate.HibernateException: No CurrentSessionContext configured!
	at org.hibernate.internal.SessionFactoryImpl.getCurrentSession(SessionFactoryImpl.java:1012)
	at com.senla.carservice.controller.services.GarageService.getGarages(GarageService.java:116)
	at com.senla.carservice.view.facade.CarService.getGarages(CarService.java:68)
	at sun.reflect.NativeMethodAccessorImpl.invoke0(Native Method)
	at sun.reflect.NativeMethodAccessorImpl.invoke(Unknown Source)
	at sun.reflect.DelegatingMethodAccessorImpl.invoke(Unknown Source)
	at java.lang.reflect.Method.invoke(Unknown Source)
	at com.senla.carservice.server.handler.Handler.handleRequest(Handler.java:24)
	at com.senla.carservice.server.thread.ServerThread.run(ServerThread.java:32)
20:05:00,545 ERROR Thread-0 ServerThread:run:36 - IOException
java.net.SocketException: Connection reset
	at java.net.SocketInputStream.read(Unknown Source)
	at java.net.SocketInputStream.read(Unknown Source)
	at java.net.SocketInputStream.read(Unknown Source)
	at java.io.ObjectInputStream$PeekInputStream.peek(Unknown Source)
	at java.io.ObjectInputStream$BlockDataInputStream.peek(Unknown Source)
	at java.io.ObjectInputStream$BlockDataInputStream.peekByte(Unknown Source)
	at java.io.ObjectInputStream.readObject0(Unknown Source)
	at java.io.ObjectInputStream.readObject(Unknown Source)
	at com.senla.carservice.server.thread.ServerThread.run(ServerThread.java:31)
20:09:03,766  WARN Thread-0 DriverManagerConnectionProviderImpl:configure:93 - HHH000402: Using Hibernate built-in connection pool (not for production use!)
20:15:02,223  WARN Thread-0 DriverManagerConnectionProviderImpl:configure:93 - HHH000402: Using Hibernate built-in connection pool (not for production use!)
20:20:47,478  WARN Thread-0 DriverManagerConnectionProviderImpl:configure:93 - HHH000402: Using Hibernate built-in connection pool (not for production use!)
20:24:28,727  WARN Thread-0 DriverManagerConnectionProviderImpl:configure:93 - HHH000402: Using Hibernate built-in connection pool (not for production use!)
20:41:42,208  WARN Thread-0 DriverManagerConnectionProviderImpl:configure:93 - HHH000402: Using Hibernate built-in connection pool (not for production use!)
20:42:22,093 ERROR Thread-0 ServerThread:run:36 - IOException
java.net.SocketException: Connection reset
	at java.net.SocketInputStream.read(Unknown Source)
	at java.net.SocketInputStream.read(Unknown Source)
	at java.net.SocketInputStream.read(Unknown Source)
	at java.io.ObjectInputStream$PeekInputStream.peek(Unknown Source)
	at java.io.ObjectInputStream$BlockDataInputStream.peek(Unknown Source)
	at java.io.ObjectInputStream$BlockDataInputStream.peekByte(Unknown Source)
	at java.io.ObjectInputStream.readObject0(Unknown Source)
	at java.io.ObjectInputStream.readObject(Unknown Source)
	at com.senla.carservice.server.thread.ServerThread.run(ServerThread.java:31)
20:43:39,494  WARN Thread-0 DriverManagerConnectionProviderImpl:configure:93 - HHH000402: Using Hibernate built-in connection pool (not for production use!)
20:43:46,119 ERROR Thread-0 ServerThread:run:36 - IOException
java.net.SocketException: Connection reset
	at java.net.SocketInputStream.read(Unknown Source)
	at java.net.SocketInputStream.read(Unknown Source)
	at java.net.SocketInputStream.read(Unknown Source)
	at java.io.ObjectInputStream$PeekInputStream.peek(Unknown Source)
	at java.io.ObjectInputStream$BlockDataInputStream.peek(Unknown Source)
	at java.io.ObjectInputStream$BlockDataInputStream.peekByte(Unknown Source)
	at java.io.ObjectInputStream.readObject0(Unknown Source)
	at java.io.ObjectInputStream.readObject(Unknown Source)
	at com.senla.carservice.server.thread.ServerThread.run(ServerThread.java:31)
