04:46:14,804 ERROR Thread-0 CoordinationRepository:<init>:33 - FileNotFoundException
java.io.FileNotFoundException: coordination.properties (Не удается найти указанный файл)
	at java.io.FileInputStream.open0(Native Method)
	at java.io.FileInputStream.open(Unknown Source)
	at java.io.FileInputStream.<init>(Unknown Source)
	at java.io.FileInputStream.<init>(Unknown Source)
	at com.senla.caerservice.dependencyinjection.coordinationreader.CoordinationReader.loadProperties(CoordinationReader.java:11)
	at com.senla.caerservice.dependencyinjection.coordinationrepository.CoordinationRepository.loadProperties(CoordinationRepository.java:41)
	at com.senla.caerservice.dependencyinjection.coordinationrepository.CoordinationRepository.<init>(CoordinationRepository.java:31)
	at com.senla.caerservice.dependencyinjection.coordinationrepository.CoordinationRepository.getInstance(CoordinationRepository.java:23)
	at com.senla.carservice.view.facade.CarService.<init>(CarService.java:49)
	at com.senla.carservice.view.facade.CarService.getInstance(CarService.java:43)
	at com.senla.carservice.server.handler.Handler.handleRequest(Handler.java:16)
	at com.senla.carservice.server.thread.ServerThread.run(ServerThread.java:29)
04:54:35,870 ERROR Thread-0 CoordinationRepository:<init>:33 - FileNotFoundException
java.io.FileNotFoundException: coordination.properties (Не удается найти указанный файл)
	at java.io.FileInputStream.open0(Native Method)
	at java.io.FileInputStream.open(Unknown Source)
	at java.io.FileInputStream.<init>(Unknown Source)
	at java.io.FileInputStream.<init>(Unknown Source)
	at com.senla.caerservice.dependencyinjection.coordinationreader.CoordinationReader.loadProperties(CoordinationReader.java:11)
	at com.senla.caerservice.dependencyinjection.coordinationrepository.CoordinationRepository.loadProperties(CoordinationRepository.java:41)
	at com.senla.caerservice.dependencyinjection.coordinationrepository.CoordinationRepository.<init>(CoordinationRepository.java:31)
	at com.senla.caerservice.dependencyinjection.coordinationrepository.CoordinationRepository.getInstance(CoordinationRepository.java:23)
	at com.senla.carservice.view.facade.CarService.<init>(CarService.java:49)
	at com.senla.carservice.view.facade.CarService.getInstance(CarService.java:43)
	at com.senla.carservice.server.handler.Handler.handleRequest(Handler.java:16)
	at com.senla.carservice.server.thread.ServerThread.run(ServerThread.java:29)
04:55:34,357 ERROR Thread-0 CoordinationRepository:<init>:33 - FileNotFoundException
java.io.FileNotFoundException: coordination.properties (Не удается найти указанный файл)
	at java.io.FileInputStream.open0(Native Method)
	at java.io.FileInputStream.open(Unknown Source)
	at java.io.FileInputStream.<init>(Unknown Source)
	at java.io.FileInputStream.<init>(Unknown Source)
	at com.senla.caerservice.dependencyinjection.coordinationreader.CoordinationReader.loadProperties(CoordinationReader.java:11)
	at com.senla.caerservice.dependencyinjection.coordinationrepository.CoordinationRepository.loadProperties(CoordinationRepository.java:41)
	at com.senla.caerservice.dependencyinjection.coordinationrepository.CoordinationRepository.<init>(CoordinationRepository.java:31)
	at com.senla.caerservice.dependencyinjection.coordinationrepository.CoordinationRepository.getInstance(CoordinationRepository.java:23)
	at com.senla.carservice.view.facade.CarService.<init>(CarService.java:49)
	at com.senla.carservice.view.facade.CarService.getInstance(CarService.java:43)
	at com.senla.carservice.server.handler.Handler.handleRequest(Handler.java:16)
	at com.senla.carservice.server.thread.ServerThread.run(ServerThread.java:29)
08:40:57,605 ERROR Thread-0 CarService:loadData:292 - IOExcepton
java.io.FileNotFoundException: carServiceData.dat (Не удается найти указанный файл)
	at java.io.FileInputStream.open0(Native Method)
	at java.io.FileInputStream.open(Unknown Source)
	at java.io.FileInputStream.<init>(Unknown Source)
	at java.io.FileInputStream.<init>(Unknown Source)
	at com.senla.carservice.util.utils.Serializer.deserialize(Serializer.java:36)
	at com.senla.carservice.view.facade.CarService.loadData(CarService.java:285)
	at sun.reflect.NativeMethodAccessorImpl.invoke0(Native Method)
	at sun.reflect.NativeMethodAccessorImpl.invoke(Unknown Source)
	at sun.reflect.DelegatingMethodAccessorImpl.invoke(Unknown Source)
	at java.lang.reflect.Method.invoke(Unknown Source)
	at com.senla.carservice.server.handler.Handler.handleRequest(Handler.java:24)
	at com.senla.carservice.server.thread.ServerThread.run(ServerThread.java:29)
08:44:25,469 ERROR Thread-0 CarService:loadData:292 - IOExcepton
java.io.FileNotFoundException: carServiceData.dat (Не удается найти указанный файл)
	at java.io.FileInputStream.open0(Native Method)
	at java.io.FileInputStream.open(Unknown Source)
	at java.io.FileInputStream.<init>(Unknown Source)
	at java.io.FileInputStream.<init>(Unknown Source)
	at com.senla.carservice.util.utils.Serializer.deserialize(Serializer.java:36)
	at com.senla.carservice.view.facade.CarService.loadData(CarService.java:285)
	at sun.reflect.NativeMethodAccessorImpl.invoke0(Native Method)
	at sun.reflect.NativeMethodAccessorImpl.invoke(Unknown Source)
	at sun.reflect.DelegatingMethodAccessorImpl.invoke(Unknown Source)
	at java.lang.reflect.Method.invoke(Unknown Source)
	at com.senla.carservice.server.handler.Handler.handleRequest(Handler.java:24)
	at com.senla.carservice.server.thread.ServerThread.run(ServerThread.java:29)
08:45:29,555 ERROR Thread-0 CarService:loadData:292 - IOExcepton
java.io.FileNotFoundException: carServiceData.dat (Не удается найти указанный файл)
	at java.io.FileInputStream.open0(Native Method)
	at java.io.FileInputStream.open(Unknown Source)
	at java.io.FileInputStream.<init>(Unknown Source)
	at java.io.FileInputStream.<init>(Unknown Source)
	at com.senla.carservice.util.utils.Serializer.deserialize(Serializer.java:36)
	at com.senla.carservice.view.facade.CarService.loadData(CarService.java:285)
	at sun.reflect.NativeMethodAccessorImpl.invoke0(Native Method)
	at sun.reflect.NativeMethodAccessorImpl.invoke(Unknown Source)
	at sun.reflect.DelegatingMethodAccessorImpl.invoke(Unknown Source)
	at java.lang.reflect.Method.invoke(Unknown Source)
	at com.senla.carservice.server.handler.Handler.handleRequest(Handler.java:24)
	at com.senla.carservice.server.thread.ServerThread.run(ServerThread.java:29)
08:48:05,379 ERROR Thread-0 CarService:loadData:292 - IOExcepton
java.io.FileNotFoundException: carServiceData.dat (Не удается найти указанный файл)
	at java.io.FileInputStream.open0(Native Method)
	at java.io.FileInputStream.open(Unknown Source)
	at java.io.FileInputStream.<init>(Unknown Source)
	at java.io.FileInputStream.<init>(Unknown Source)
	at com.senla.carservice.util.utils.Serializer.deserialize(Serializer.java:36)
	at com.senla.carservice.view.facade.CarService.loadData(CarService.java:285)
	at sun.reflect.NativeMethodAccessorImpl.invoke0(Native Method)
	at sun.reflect.NativeMethodAccessorImpl.invoke(Unknown Source)
	at sun.reflect.DelegatingMethodAccessorImpl.invoke(Unknown Source)
	at java.lang.reflect.Method.invoke(Unknown Source)
	at com.senla.carservice.server.handler.Handler.handleRequest(Handler.java:24)
	at com.senla.carservice.server.thread.ServerThread.run(ServerThread.java:29)
09:13:25,370 ERROR Thread-0 CarService:loadData:292 - IOExcepton
java.io.FileNotFoundException: carServiceData.dat (Не удается найти указанный файл)
	at java.io.FileInputStream.open0(Native Method)
	at java.io.FileInputStream.open(Unknown Source)
	at java.io.FileInputStream.<init>(Unknown Source)
	at java.io.FileInputStream.<init>(Unknown Source)
	at com.senla.carservice.util.utils.Serializer.deserialize(Serializer.java:36)
	at com.senla.carservice.view.facade.CarService.loadData(CarService.java:285)
	at sun.reflect.NativeMethodAccessorImpl.invoke0(Native Method)
	at sun.reflect.NativeMethodAccessorImpl.invoke(Unknown Source)
	at sun.reflect.DelegatingMethodAccessorImpl.invoke(Unknown Source)
	at java.lang.reflect.Method.invoke(Unknown Source)
	at com.senla.carservice.server.handler.Handler.handleRequest(Handler.java:24)
	at com.senla.carservice.server.thread.ServerThread.run(ServerThread.java:29)
09:14:13,060 ERROR Thread-0 CarService:loadData:292 - IOExcepton
java.io.FileNotFoundException: carServiceData.dat (Не удается найти указанный файл)
	at java.io.FileInputStream.open0(Native Method)
	at java.io.FileInputStream.open(Unknown Source)
	at java.io.FileInputStream.<init>(Unknown Source)
	at java.io.FileInputStream.<init>(Unknown Source)
	at com.senla.carservice.util.utils.Serializer.deserialize(Serializer.java:36)
	at com.senla.carservice.view.facade.CarService.loadData(CarService.java:285)
	at sun.reflect.NativeMethodAccessorImpl.invoke0(Native Method)
	at sun.reflect.NativeMethodAccessorImpl.invoke(Unknown Source)
	at sun.reflect.DelegatingMethodAccessorImpl.invoke(Unknown Source)
	at java.lang.reflect.Method.invoke(Unknown Source)
	at com.senla.carservice.server.handler.Handler.handleRequest(Handler.java:24)
	at com.senla.carservice.server.thread.ServerThread.run(ServerThread.java:29)
09:20:05,780 ERROR Thread-0 CarService:loadData:292 - IOExcepton
java.io.FileNotFoundException: carServiceData.dat (Не удается найти указанный файл)
	at java.io.FileInputStream.open0(Native Method)
	at java.io.FileInputStream.open(Unknown Source)
	at java.io.FileInputStream.<init>(Unknown Source)
	at java.io.FileInputStream.<init>(Unknown Source)
	at com.senla.carservice.util.utils.Serializer.deserialize(Serializer.java:36)
	at com.senla.carservice.view.facade.CarService.loadData(CarService.java:285)
	at sun.reflect.NativeMethodAccessorImpl.invoke0(Native Method)
	at sun.reflect.NativeMethodAccessorImpl.invoke(Unknown Source)
	at sun.reflect.DelegatingMethodAccessorImpl.invoke(Unknown Source)
	at java.lang.reflect.Method.invoke(Unknown Source)
	at com.senla.carservice.server.handler.Handler.handleRequest(Handler.java:24)
	at com.senla.carservice.server.thread.ServerThread.run(ServerThread.java:29)
09:21:45,633 ERROR Thread-0 CarService:loadData:292 - IOExcepton
java.io.FileNotFoundException: carServiceData.dat (Не удается найти указанный файл)
	at java.io.FileInputStream.open0(Native Method)
	at java.io.FileInputStream.open(Unknown Source)
	at java.io.FileInputStream.<init>(Unknown Source)
	at java.io.FileInputStream.<init>(Unknown Source)
	at com.senla.carservice.util.utils.Serializer.deserialize(Serializer.java:36)
	at com.senla.carservice.view.facade.CarService.loadData(CarService.java:285)
	at sun.reflect.NativeMethodAccessorImpl.invoke0(Native Method)
	at sun.reflect.NativeMethodAccessorImpl.invoke(Unknown Source)
	at sun.reflect.DelegatingMethodAccessorImpl.invoke(Unknown Source)
	at java.lang.reflect.Method.invoke(Unknown Source)
	at com.senla.carservice.server.handler.Handler.handleRequest(Handler.java:24)
	at com.senla.carservice.server.thread.ServerThread.run(ServerThread.java:29)
09:22:02,196 ERROR Thread-1 CarService:loadData:292 - IOExcepton
java.io.FileNotFoundException: carServiceData.dat (Не удается найти указанный файл)
	at java.io.FileInputStream.open0(Native Method)
	at java.io.FileInputStream.open(Unknown Source)
	at java.io.FileInputStream.<init>(Unknown Source)
	at java.io.FileInputStream.<init>(Unknown Source)
	at com.senla.carservice.util.utils.Serializer.deserialize(Serializer.java:36)
	at com.senla.carservice.view.facade.CarService.loadData(CarService.java:285)
	at sun.reflect.NativeMethodAccessorImpl.invoke0(Native Method)
	at sun.reflect.NativeMethodAccessorImpl.invoke(Unknown Source)
	at sun.reflect.DelegatingMethodAccessorImpl.invoke(Unknown Source)
	at java.lang.reflect.Method.invoke(Unknown Source)
	at com.senla.carservice.server.handler.Handler.handleRequest(Handler.java:24)
	at com.senla.carservice.server.thread.ServerThread.run(ServerThread.java:29)
09:26:01,426 ERROR Thread-0 CarService:loadData:292 - IOExcepton
java.io.FileNotFoundException: carServiceData.dat (Не удается найти указанный файл)
	at java.io.FileInputStream.open0(Native Method)
	at java.io.FileInputStream.open(Unknown Source)
	at java.io.FileInputStream.<init>(Unknown Source)
	at java.io.FileInputStream.<init>(Unknown Source)
	at com.senla.carservice.util.utils.Serializer.deserialize(Serializer.java:36)
	at com.senla.carservice.view.facade.CarService.loadData(CarService.java:285)
	at sun.reflect.NativeMethodAccessorImpl.invoke0(Native Method)
	at sun.reflect.NativeMethodAccessorImpl.invoke(Unknown Source)
	at sun.reflect.DelegatingMethodAccessorImpl.invoke(Unknown Source)
	at java.lang.reflect.Method.invoke(Unknown Source)
	at com.senla.carservice.server.handler.Handler.handleRequest(Handler.java:24)
	at com.senla.carservice.server.thread.ServerThread.run(ServerThread.java:29)
09:27:04,841 ERROR Thread-1 CarService:loadData:292 - IOExcepton
java.io.FileNotFoundException: carServiceData.dat (Не удается найти указанный файл)
	at java.io.FileInputStream.open0(Native Method)
	at java.io.FileInputStream.open(Unknown Source)
	at java.io.FileInputStream.<init>(Unknown Source)
	at java.io.FileInputStream.<init>(Unknown Source)
	at com.senla.carservice.util.utils.Serializer.deserialize(Serializer.java:36)
	at com.senla.carservice.view.facade.CarService.loadData(CarService.java:285)
	at sun.reflect.NativeMethodAccessorImpl.invoke0(Native Method)
	at sun.reflect.NativeMethodAccessorImpl.invoke(Unknown Source)
	at sun.reflect.DelegatingMethodAccessorImpl.invoke(Unknown Source)
	at java.lang.reflect.Method.invoke(Unknown Source)
	at com.senla.carservice.server.handler.Handler.handleRequest(Handler.java:24)
	at com.senla.carservice.server.thread.ServerThread.run(ServerThread.java:29)
09:31:33,994 ERROR Thread-0 CarService:loadData:292 - IOExcepton
java.io.FileNotFoundException: carServiceData.dat (Не удается найти указанный файл)
	at java.io.FileInputStream.open0(Native Method)
	at java.io.FileInputStream.open(Unknown Source)
	at java.io.FileInputStream.<init>(Unknown Source)
	at java.io.FileInputStream.<init>(Unknown Source)
	at com.senla.carservice.util.utils.Serializer.deserialize(Serializer.java:36)
	at com.senla.carservice.view.facade.CarService.loadData(CarService.java:285)
	at sun.reflect.NativeMethodAccessorImpl.invoke0(Native Method)
	at sun.reflect.NativeMethodAccessorImpl.invoke(Unknown Source)
	at sun.reflect.DelegatingMethodAccessorImpl.invoke(Unknown Source)
	at java.lang.reflect.Method.invoke(Unknown Source)
	at com.senla.carservice.server.handler.Handler.handleRequest(Handler.java:25)
	at com.senla.carservice.server.thread.ServerThread.run(ServerThread.java:29)
09:33:07,942 ERROR Thread-0 CarService:loadData:292 - IOExcepton
java.io.FileNotFoundException: carServiceData.dat (Не удается найти указанный файл)
	at java.io.FileInputStream.open0(Native Method)
	at java.io.FileInputStream.open(Unknown Source)
	at java.io.FileInputStream.<init>(Unknown Source)
	at java.io.FileInputStream.<init>(Unknown Source)
	at com.senla.carservice.util.utils.Serializer.deserialize(Serializer.java:36)
	at com.senla.carservice.view.facade.CarService.loadData(CarService.java:285)
	at sun.reflect.NativeMethodAccessorImpl.invoke0(Native Method)
	at sun.reflect.NativeMethodAccessorImpl.invoke(Unknown Source)
	at sun.reflect.DelegatingMethodAccessorImpl.invoke(Unknown Source)
	at java.lang.reflect.Method.invoke(Unknown Source)
	at com.senla.carservice.server.handler.Handler.handleRequest(Handler.java:25)
	at com.senla.carservice.server.thread.ServerThread.run(ServerThread.java:29)
09:42:02,301 ERROR Thread-0 CarService:loadData:292 - IOExcepton
java.io.FileNotFoundException: carServiceData.dat (Не удается найти указанный файл)
	at java.io.FileInputStream.open0(Native Method)
	at java.io.FileInputStream.open(Unknown Source)
	at java.io.FileInputStream.<init>(Unknown Source)
	at java.io.FileInputStream.<init>(Unknown Source)
	at com.senla.carservice.util.utils.Serializer.deserialize(Serializer.java:36)
	at com.senla.carservice.view.facade.CarService.loadData(CarService.java:285)
	at sun.reflect.NativeMethodAccessorImpl.invoke0(Native Method)
	at sun.reflect.NativeMethodAccessorImpl.invoke(Unknown Source)
	at sun.reflect.DelegatingMethodAccessorImpl.invoke(Unknown Source)
	at java.lang.reflect.Method.invoke(Unknown Source)
	at com.senla.carservice.server.handler.Handler.handleRequest(Handler.java:26)
	at com.senla.carservice.server.thread.ServerThread.run(ServerThread.java:29)
09:45:33,064 ERROR Thread-0 CarService:loadData:292 - IOExcepton
java.io.FileNotFoundException: carServiceData.dat (Не удается найти указанный файл)
	at java.io.FileInputStream.open0(Native Method)
	at java.io.FileInputStream.open(Unknown Source)
	at java.io.FileInputStream.<init>(Unknown Source)
	at java.io.FileInputStream.<init>(Unknown Source)
	at com.senla.carservice.util.utils.Serializer.deserialize(Serializer.java:36)
	at com.senla.carservice.view.facade.CarService.loadData(CarService.java:285)
	at sun.reflect.NativeMethodAccessorImpl.invoke0(Native Method)
	at sun.reflect.NativeMethodAccessorImpl.invoke(Unknown Source)
	at sun.reflect.DelegatingMethodAccessorImpl.invoke(Unknown Source)
	at java.lang.reflect.Method.invoke(Unknown Source)
	at com.senla.carservice.server.handler.Handler.handleRequest(Handler.java:26)
	at com.senla.carservice.server.thread.ServerThread.run(ServerThread.java:29)
09:46:56,530 ERROR Thread-0 CarService:loadData:292 - IOExcepton
java.io.FileNotFoundException: carServiceData.dat (Не удается найти указанный файл)
	at java.io.FileInputStream.open0(Native Method)
	at java.io.FileInputStream.open(Unknown Source)
	at java.io.FileInputStream.<init>(Unknown Source)
	at java.io.FileInputStream.<init>(Unknown Source)
	at com.senla.carservice.util.utils.Serializer.deserialize(Serializer.java:36)
	at com.senla.carservice.view.facade.CarService.loadData(CarService.java:285)
	at sun.reflect.NativeMethodAccessorImpl.invoke0(Native Method)
	at sun.reflect.NativeMethodAccessorImpl.invoke(Unknown Source)
	at sun.reflect.DelegatingMethodAccessorImpl.invoke(Unknown Source)
	at java.lang.reflect.Method.invoke(Unknown Source)
	at com.senla.carservice.server.handler.Handler.handleRequest(Handler.java:26)
	at com.senla.carservice.server.thread.ServerThread.run(ServerThread.java:29)
09:51:23,688 ERROR Thread-1 CarService:loadData:292 - IOExcepton
java.io.FileNotFoundException: carServiceData.dat (Не удается найти указанный файл)
	at java.io.FileInputStream.open0(Native Method)
	at java.io.FileInputStream.open(Unknown Source)
	at java.io.FileInputStream.<init>(Unknown Source)
	at java.io.FileInputStream.<init>(Unknown Source)
	at com.senla.carservice.util.utils.Serializer.deserialize(Serializer.java:36)
	at com.senla.carservice.view.facade.CarService.loadData(CarService.java:285)
	at sun.reflect.NativeMethodAccessorImpl.invoke0(Native Method)
	at sun.reflect.NativeMethodAccessorImpl.invoke(Unknown Source)
	at sun.reflect.DelegatingMethodAccessorImpl.invoke(Unknown Source)
	at java.lang.reflect.Method.invoke(Unknown Source)
	at com.senla.carservice.server.handler.Handler.handleRequest(Handler.java:26)
	at com.senla.carservice.server.thread.ServerThread.run(ServerThread.java:29)
09:54:01,104 ERROR Thread-0 CarService:loadData:292 - IOExcepton
java.io.FileNotFoundException: carServiceData.dat (Не удается найти указанный файл)
	at java.io.FileInputStream.open0(Native Method)
	at java.io.FileInputStream.open(Unknown Source)
	at java.io.FileInputStream.<init>(Unknown Source)
	at java.io.FileInputStream.<init>(Unknown Source)
	at com.senla.carservice.util.utils.Serializer.deserialize(Serializer.java:36)
	at com.senla.carservice.view.facade.CarService.loadData(CarService.java:285)
	at sun.reflect.NativeMethodAccessorImpl.invoke0(Native Method)
	at sun.reflect.NativeMethodAccessorImpl.invoke(Unknown Source)
	at sun.reflect.DelegatingMethodAccessorImpl.invoke(Unknown Source)
	at java.lang.reflect.Method.invoke(Unknown Source)
	at com.senla.carservice.server.handler.Handler.handleRequest(Handler.java:26)
	at com.senla.carservice.server.thread.ServerThread.run(ServerThread.java:29)
09:58:26,812 ERROR Thread-1 CarService:loadData:292 - IOExcepton
java.io.FileNotFoundException: carServiceData.dat (Не удается найти указанный файл)
	at java.io.FileInputStream.open0(Native Method)
	at java.io.FileInputStream.open(Unknown Source)
	at java.io.FileInputStream.<init>(Unknown Source)
	at java.io.FileInputStream.<init>(Unknown Source)
	at com.senla.carservice.util.utils.Serializer.deserialize(Serializer.java:36)
	at com.senla.carservice.view.facade.CarService.loadData(CarService.java:285)
	at sun.reflect.NativeMethodAccessorImpl.invoke0(Native Method)
	at sun.reflect.NativeMethodAccessorImpl.invoke(Unknown Source)
	at sun.reflect.DelegatingMethodAccessorImpl.invoke(Unknown Source)
	at java.lang.reflect.Method.invoke(Unknown Source)
	at com.senla.carservice.server.handler.Handler.handleRequest(Handler.java:26)
	at com.senla.carservice.server.thread.ServerThread.run(ServerThread.java:29)
09:59:57,161 ERROR Thread-2 CarService:loadData:292 - IOExcepton
java.io.FileNotFoundException: carServiceData.dat (Не удается найти указанный файл)
	at java.io.FileInputStream.open0(Native Method)
	at java.io.FileInputStream.open(Unknown Source)
	at java.io.FileInputStream.<init>(Unknown Source)
	at java.io.FileInputStream.<init>(Unknown Source)
	at com.senla.carservice.util.utils.Serializer.deserialize(Serializer.java:36)
	at com.senla.carservice.view.facade.CarService.loadData(CarService.java:285)
	at sun.reflect.NativeMethodAccessorImpl.invoke0(Native Method)
	at sun.reflect.NativeMethodAccessorImpl.invoke(Unknown Source)
	at sun.reflect.DelegatingMethodAccessorImpl.invoke(Unknown Source)
	at java.lang.reflect.Method.invoke(Unknown Source)
	at com.senla.carservice.server.handler.Handler.handleRequest(Handler.java:26)
	at com.senla.carservice.server.thread.ServerThread.run(ServerThread.java:29)
10:03:09,476 ERROR Thread-3 CarService:loadData:292 - IOExcepton
java.io.FileNotFoundException: carServiceData.dat (Не удается найти указанный файл)
	at java.io.FileInputStream.open0(Native Method)
	at java.io.FileInputStream.open(Unknown Source)
	at java.io.FileInputStream.<init>(Unknown Source)
	at java.io.FileInputStream.<init>(Unknown Source)
	at com.senla.carservice.util.utils.Serializer.deserialize(Serializer.java:36)
	at com.senla.carservice.view.facade.CarService.loadData(CarService.java:285)
	at sun.reflect.NativeMethodAccessorImpl.invoke0(Native Method)
	at sun.reflect.NativeMethodAccessorImpl.invoke(Unknown Source)
	at sun.reflect.DelegatingMethodAccessorImpl.invoke(Unknown Source)
	at java.lang.reflect.Method.invoke(Unknown Source)
	at com.senla.carservice.server.handler.Handler.handleRequest(Handler.java:26)
	at com.senla.carservice.server.thread.ServerThread.run(ServerThread.java:29)
10:04:32,487 ERROR Thread-4 CarService:loadData:292 - IOExcepton
java.io.FileNotFoundException: carServiceData.dat (Не удается найти указанный файл)
	at java.io.FileInputStream.open0(Native Method)
	at java.io.FileInputStream.open(Unknown Source)
	at java.io.FileInputStream.<init>(Unknown Source)
	at java.io.FileInputStream.<init>(Unknown Source)
	at com.senla.carservice.util.utils.Serializer.deserialize(Serializer.java:36)
	at com.senla.carservice.view.facade.CarService.loadData(CarService.java:285)
	at sun.reflect.NativeMethodAccessorImpl.invoke0(Native Method)
	at sun.reflect.NativeMethodAccessorImpl.invoke(Unknown Source)
	at sun.reflect.DelegatingMethodAccessorImpl.invoke(Unknown Source)
	at java.lang.reflect.Method.invoke(Unknown Source)
	at com.senla.carservice.server.handler.Handler.handleRequest(Handler.java:26)
	at com.senla.carservice.server.thread.ServerThread.run(ServerThread.java:29)
10:05:43,755 ERROR Thread-5 CarService:loadData:292 - IOExcepton
java.io.FileNotFoundException: carServiceData.dat (Не удается найти указанный файл)
	at java.io.FileInputStream.open0(Native Method)
	at java.io.FileInputStream.open(Unknown Source)
	at java.io.FileInputStream.<init>(Unknown Source)
	at java.io.FileInputStream.<init>(Unknown Source)
	at com.senla.carservice.util.utils.Serializer.deserialize(Serializer.java:36)
	at com.senla.carservice.view.facade.CarService.loadData(CarService.java:285)
	at sun.reflect.NativeMethodAccessorImpl.invoke0(Native Method)
	at sun.reflect.NativeMethodAccessorImpl.invoke(Unknown Source)
	at sun.reflect.DelegatingMethodAccessorImpl.invoke(Unknown Source)
	at java.lang.reflect.Method.invoke(Unknown Source)
	at com.senla.carservice.server.handler.Handler.handleRequest(Handler.java:26)
	at com.senla.carservice.server.thread.ServerThread.run(ServerThread.java:29)
10:06:42,774 ERROR Thread-6 CarService:loadData:292 - IOExcepton
java.io.FileNotFoundException: carServiceData.dat (Не удается найти указанный файл)
	at java.io.FileInputStream.open0(Native Method)
	at java.io.FileInputStream.open(Unknown Source)
	at java.io.FileInputStream.<init>(Unknown Source)
	at java.io.FileInputStream.<init>(Unknown Source)
	at com.senla.carservice.util.utils.Serializer.deserialize(Serializer.java:36)
	at com.senla.carservice.view.facade.CarService.loadData(CarService.java:285)
	at sun.reflect.NativeMethodAccessorImpl.invoke0(Native Method)
	at sun.reflect.NativeMethodAccessorImpl.invoke(Unknown Source)
	at sun.reflect.DelegatingMethodAccessorImpl.invoke(Unknown Source)
	at java.lang.reflect.Method.invoke(Unknown Source)
	at com.senla.carservice.server.handler.Handler.handleRequest(Handler.java:26)
	at com.senla.carservice.server.thread.ServerThread.run(ServerThread.java:29)
10:10:14,213 ERROR Thread-0 CarService:loadData:292 - IOExcepton
java.io.FileNotFoundException: carServiceData.dat (Не удается найти указанный файл)
	at java.io.FileInputStream.open0(Native Method)
	at java.io.FileInputStream.open(Unknown Source)
	at java.io.FileInputStream.<init>(Unknown Source)
	at java.io.FileInputStream.<init>(Unknown Source)
	at com.senla.carservice.util.utils.Serializer.deserialize(Serializer.java:36)
	at com.senla.carservice.view.facade.CarService.loadData(CarService.java:285)
	at sun.reflect.NativeMethodAccessorImpl.invoke0(Native Method)
	at sun.reflect.NativeMethodAccessorImpl.invoke(Unknown Source)
	at sun.reflect.DelegatingMethodAccessorImpl.invoke(Unknown Source)
	at java.lang.reflect.Method.invoke(Unknown Source)
	at com.senla.carservice.server.handler.Handler.handleRequest(Handler.java:26)
	at com.senla.carservice.server.thread.ServerThread.run(ServerThread.java:29)
10:10:38,518 ERROR Thread-1 CarService:loadData:292 - IOExcepton
java.io.FileNotFoundException: carServiceData.dat (Не удается найти указанный файл)
	at java.io.FileInputStream.open0(Native Method)
	at java.io.FileInputStream.open(Unknown Source)
	at java.io.FileInputStream.<init>(Unknown Source)
	at java.io.FileInputStream.<init>(Unknown Source)
	at com.senla.carservice.util.utils.Serializer.deserialize(Serializer.java:36)
	at com.senla.carservice.view.facade.CarService.loadData(CarService.java:285)
	at sun.reflect.NativeMethodAccessorImpl.invoke0(Native Method)
	at sun.reflect.NativeMethodAccessorImpl.invoke(Unknown Source)
	at sun.reflect.DelegatingMethodAccessorImpl.invoke(Unknown Source)
	at java.lang.reflect.Method.invoke(Unknown Source)
	at com.senla.carservice.server.handler.Handler.handleRequest(Handler.java:26)
	at com.senla.carservice.server.thread.ServerThread.run(ServerThread.java:29)
10:11:07,480 ERROR Thread-2 CarService:loadData:292 - IOExcepton
java.io.FileNotFoundException: carServiceData.dat (Не удается найти указанный файл)
	at java.io.FileInputStream.open0(Native Method)
	at java.io.FileInputStream.open(Unknown Source)
	at java.io.FileInputStream.<init>(Unknown Source)
	at java.io.FileInputStream.<init>(Unknown Source)
	at com.senla.carservice.util.utils.Serializer.deserialize(Serializer.java:36)
	at com.senla.carservice.view.facade.CarService.loadData(CarService.java:285)
	at sun.reflect.NativeMethodAccessorImpl.invoke0(Native Method)
	at sun.reflect.NativeMethodAccessorImpl.invoke(Unknown Source)
	at sun.reflect.DelegatingMethodAccessorImpl.invoke(Unknown Source)
	at java.lang.reflect.Method.invoke(Unknown Source)
	at com.senla.carservice.server.handler.Handler.handleRequest(Handler.java:26)
	at com.senla.carservice.server.thread.ServerThread.run(ServerThread.java:29)
10:14:03,171 ERROR Thread-0 CarService:loadData:292 - IOExcepton
java.io.FileNotFoundException: carServiceData.dat (Не удается найти указанный файл)
	at java.io.FileInputStream.open0(Native Method)
	at java.io.FileInputStream.open(Unknown Source)
	at java.io.FileInputStream.<init>(Unknown Source)
	at java.io.FileInputStream.<init>(Unknown Source)
	at com.senla.carservice.util.utils.Serializer.deserialize(Serializer.java:36)
	at com.senla.carservice.view.facade.CarService.loadData(CarService.java:285)
	at sun.reflect.NativeMethodAccessorImpl.invoke0(Native Method)
	at sun.reflect.NativeMethodAccessorImpl.invoke(Unknown Source)
	at sun.reflect.DelegatingMethodAccessorImpl.invoke(Unknown Source)
	at java.lang.reflect.Method.invoke(Unknown Source)
	at com.senla.carservice.server.handler.Handler.handleRequest(Handler.java:26)
	at com.senla.carservice.server.thread.ServerThread.run(ServerThread.java:29)
10:20:45,855 ERROR Thread-0 CarService:loadData:292 - IOExcepton
java.io.FileNotFoundException: carServiceData.dat (Не удается найти указанный файл)
	at java.io.FileInputStream.open0(Native Method)
	at java.io.FileInputStream.open(Unknown Source)
	at java.io.FileInputStream.<init>(Unknown Source)
	at java.io.FileInputStream.<init>(Unknown Source)
	at com.senla.carservice.util.utils.Serializer.deserialize(Serializer.java:36)
	at com.senla.carservice.view.facade.CarService.loadData(CarService.java:285)
	at sun.reflect.NativeMethodAccessorImpl.invoke0(Native Method)
	at sun.reflect.NativeMethodAccessorImpl.invoke(Unknown Source)
	at sun.reflect.DelegatingMethodAccessorImpl.invoke(Unknown Source)
	at java.lang.reflect.Method.invoke(Unknown Source)
	at com.senla.carservice.server.handler.Handler.handleRequest(Handler.java:26)
	at com.senla.carservice.server.thread.ServerThread.run(ServerThread.java:29)
10:25:21,225 ERROR Thread-0 CarService:loadData:292 - IOExcepton
java.io.FileNotFoundException: carServiceData.dat (Не удается найти указанный файл)
	at java.io.FileInputStream.open0(Native Method)
	at java.io.FileInputStream.open(Unknown Source)
	at java.io.FileInputStream.<init>(Unknown Source)
	at java.io.FileInputStream.<init>(Unknown Source)
	at com.senla.carservice.util.utils.Serializer.deserialize(Serializer.java:36)
	at com.senla.carservice.view.facade.CarService.loadData(CarService.java:285)
	at sun.reflect.NativeMethodAccessorImpl.invoke0(Native Method)
	at sun.reflect.NativeMethodAccessorImpl.invoke(Unknown Source)
	at sun.reflect.DelegatingMethodAccessorImpl.invoke(Unknown Source)
	at java.lang.reflect.Method.invoke(Unknown Source)
	at com.senla.carservice.server.handler.Handler.handleRequest(Handler.java:25)
	at com.senla.carservice.server.thread.ServerThread.run(ServerThread.java:29)
10:33:11,382 ERROR Thread-1 CarService:loadData:292 - IOExcepton
java.io.FileNotFoundException: carServiceData.dat (Не удается найти указанный файл)
	at java.io.FileInputStream.open0(Native Method)
	at java.io.FileInputStream.open(Unknown Source)
	at java.io.FileInputStream.<init>(Unknown Source)
	at java.io.FileInputStream.<init>(Unknown Source)
	at com.senla.carservice.util.utils.Serializer.deserialize(Serializer.java:36)
	at com.senla.carservice.view.facade.CarService.loadData(CarService.java:285)
	at sun.reflect.NativeMethodAccessorImpl.invoke0(Native Method)
	at sun.reflect.NativeMethodAccessorImpl.invoke(Unknown Source)
	at sun.reflect.DelegatingMethodAccessorImpl.invoke(Unknown Source)
	at java.lang.reflect.Method.invoke(Unknown Source)
	at com.senla.carservice.server.handler.Handler.handleRequest(Handler.java:25)
	at com.senla.carservice.server.thread.ServerThread.run(ServerThread.java:29)
10:34:51,787 ERROR Thread-2 CarService:loadData:292 - IOExcepton
java.io.FileNotFoundException: carServiceData.dat (Не удается найти указанный файл)
	at java.io.FileInputStream.open0(Native Method)
	at java.io.FileInputStream.open(Unknown Source)
	at java.io.FileInputStream.<init>(Unknown Source)
	at java.io.FileInputStream.<init>(Unknown Source)
	at com.senla.carservice.util.utils.Serializer.deserialize(Serializer.java:36)
	at com.senla.carservice.view.facade.CarService.loadData(CarService.java:285)
	at sun.reflect.NativeMethodAccessorImpl.invoke0(Native Method)
	at sun.reflect.NativeMethodAccessorImpl.invoke(Unknown Source)
	at sun.reflect.DelegatingMethodAccessorImpl.invoke(Unknown Source)
	at java.lang.reflect.Method.invoke(Unknown Source)
	at com.senla.carservice.server.handler.Handler.handleRequest(Handler.java:25)
	at com.senla.carservice.server.thread.ServerThread.run(ServerThread.java:29)
10:36:35,398 ERROR Thread-3 CarService:loadData:292 - IOExcepton
java.io.FileNotFoundException: carServiceData.dat (Не удается найти указанный файл)
	at java.io.FileInputStream.open0(Native Method)
	at java.io.FileInputStream.open(Unknown Source)
	at java.io.FileInputStream.<init>(Unknown Source)
	at java.io.FileInputStream.<init>(Unknown Source)
	at com.senla.carservice.util.utils.Serializer.deserialize(Serializer.java:36)
	at com.senla.carservice.view.facade.CarService.loadData(CarService.java:285)
	at sun.reflect.NativeMethodAccessorImpl.invoke0(Native Method)
	at sun.reflect.NativeMethodAccessorImpl.invoke(Unknown Source)
	at sun.reflect.DelegatingMethodAccessorImpl.invoke(Unknown Source)
	at java.lang.reflect.Method.invoke(Unknown Source)
	at com.senla.carservice.server.handler.Handler.handleRequest(Handler.java:25)
	at com.senla.carservice.server.thread.ServerThread.run(ServerThread.java:29)
10:46:38,765 ERROR Thread-0 CarService:loadData:292 - IOExcepton
java.io.FileNotFoundException: carServiceData.dat (Не удается найти указанный файл)
	at java.io.FileInputStream.open0(Native Method)
	at java.io.FileInputStream.open(Unknown Source)
	at java.io.FileInputStream.<init>(Unknown Source)
	at java.io.FileInputStream.<init>(Unknown Source)
	at com.senla.carservice.util.utils.Serializer.deserialize(Serializer.java:36)
	at com.senla.carservice.view.facade.CarService.loadData(CarService.java:285)
	at sun.reflect.NativeMethodAccessorImpl.invoke0(Native Method)
	at sun.reflect.NativeMethodAccessorImpl.invoke(Unknown Source)
	at sun.reflect.DelegatingMethodAccessorImpl.invoke(Unknown Source)
	at java.lang.reflect.Method.invoke(Unknown Source)
	at com.senla.carservice.server.handler.Handler.handleRequest(Handler.java:25)
	at com.senla.carservice.server.thread.ServerThread.run(ServerThread.java:29)
10:55:44,697 ERROR Thread-0 CarService:loadData:292 - IOExcepton
java.io.FileNotFoundException: carServiceData.dat (Не удается найти указанный файл)
	at java.io.FileInputStream.open0(Native Method)
	at java.io.FileInputStream.open(Unknown Source)
	at java.io.FileInputStream.<init>(Unknown Source)
	at java.io.FileInputStream.<init>(Unknown Source)
	at com.senla.carservice.util.utils.Serializer.deserialize(Serializer.java:36)
	at com.senla.carservice.view.facade.CarService.loadData(CarService.java:285)
	at sun.reflect.NativeMethodAccessorImpl.invoke0(Native Method)
	at sun.reflect.NativeMethodAccessorImpl.invoke(Unknown Source)
	at sun.reflect.DelegatingMethodAccessorImpl.invoke(Unknown Source)
	at java.lang.reflect.Method.invoke(Unknown Source)
	at com.senla.carservice.server.handler.Handler.handleRequest(Handler.java:25)
	at com.senla.carservice.server.thread.ServerThread.run(ServerThread.java:29)
11:23:40,370 ERROR Thread-0 CarService:loadData:292 - IOExcepton
java.io.FileNotFoundException: carServiceData.dat (Не удается найти указанный файл)
	at java.io.FileInputStream.open0(Native Method)
	at java.io.FileInputStream.open(Unknown Source)
	at java.io.FileInputStream.<init>(Unknown Source)
	at java.io.FileInputStream.<init>(Unknown Source)
	at com.senla.carservice.util.utils.Serializer.deserialize(Serializer.java:36)
	at com.senla.carservice.view.facade.CarService.loadData(CarService.java:285)
	at sun.reflect.NativeMethodAccessorImpl.invoke0(Native Method)
	at sun.reflect.NativeMethodAccessorImpl.invoke(Unknown Source)
	at sun.reflect.DelegatingMethodAccessorImpl.invoke(Unknown Source)
	at java.lang.reflect.Method.invoke(Unknown Source)
	at com.senla.carservice.server.handler.Handler.handleRequest(Handler.java:25)
	at com.senla.carservice.server.thread.ServerThread.run(ServerThread.java:29)
03:06:24,998 ERROR Thread-0 CoordinationRepository:getObject:64 - InvocationTargetException
java.lang.reflect.InvocationTargetException
	at sun.reflect.NativeConstructorAccessorImpl.newInstance0(Native Method)
	at sun.reflect.NativeConstructorAccessorImpl.newInstance(Unknown Source)
	at sun.reflect.DelegatingConstructorAccessorImpl.newInstance(Unknown Source)
	at java.lang.reflect.Constructor.newInstance(Unknown Source)
	at com.senla.caerservice.dependencyinjection.coordinationrepository.CoordinationRepository.getObject(CoordinationRepository.java:52)
	at com.senla.carservice.view.facade.CarService.<init>(CarService.java:42)
	at com.senla.carservice.view.facade.CarService.getInstance(CarService.java:36)
	at com.senla.carservice.server.handler.Handler.handleRequest(Handler.java:15)
	at com.senla.carservice.server.thread.ServerThread.run(ServerThread.java:32)
Caused by: java.lang.NullPointerException
	at java.lang.Class.forName0(Native Method)
	at java.lang.Class.forName(Unknown Source)
	at com.senla.caerservice.dependencyinjection.coordinationrepository.CoordinationRepository.getObject(CoordinationRepository.java:49)
	at com.senla.carservice.controller.services.GarageService.<init>(GarageService.java:19)
	... 9 more
03:06:25,045 ERROR Thread-0 PropertyRepository:<init>:31 - FileNotFoundException
java.io.FileNotFoundException: jdbc.properties (Не удается найти указанный файл)
	at java.io.FileInputStream.open0(Native Method)
	at java.io.FileInputStream.open(Unknown Source)
	at java.io.FileInputStream.<init>(Unknown Source)
	at java.io.FileInputStream.<init>(Unknown Source)
	at com.senla.carservice.configuration.propertyreader.PropertyReader.loadProperties(PropertyReader.java:11)
	at com.senla.carservice.configuration.properties.JdbcPropetryRepository.loadProperties(JdbcPropetryRepository.java:39)
	at com.senla.carservice.configuration.properties.JdbcPropetryRepository.<init>(JdbcPropetryRepository.java:29)
	at com.senla.carservice.configuration.properties.JdbcPropetryRepository.getInstance(JdbcPropetryRepository.java:21)
	at com.senla.carservice.jdbc.connection.MySqlConnection.<init>(MySqlConnection.java:24)
	at com.senla.carservice.jdbc.connection.MySqlConnection.getInstance(MySqlConnection.java:18)
	at com.senla.carservice.dao.MasterDAO.<init>(MasterDAO.java:25)
	at com.senla.carservice.dao.MasterDAO.getInstance(MasterDAO.java:19)
	at com.senla.carservice.controller.services.MasterService.<init>(MasterService.java:21)
	at sun.reflect.NativeConstructorAccessorImpl.newInstance0(Native Method)
	at sun.reflect.NativeConstructorAccessorImpl.newInstance(Unknown Source)
	at sun.reflect.DelegatingConstructorAccessorImpl.newInstance(Unknown Source)
	at java.lang.reflect.Constructor.newInstance(Unknown Source)
	at com.senla.caerservice.dependencyinjection.coordinationrepository.CoordinationRepository.getObject(CoordinationRepository.java:52)
	at com.senla.carservice.view.facade.CarService.<init>(CarService.java:43)
	at com.senla.carservice.view.facade.CarService.getInstance(CarService.java:36)
	at com.senla.carservice.server.handler.Handler.handleRequest(Handler.java:15)
	at com.senla.carservice.server.thread.ServerThread.run(ServerThread.java:32)
03:06:25,092 ERROR Thread-0 MySqlConnection:<init>:29 - SQLException
java.sql.SQLException: The url cannot be null
	at java.sql.DriverManager.getConnection(Unknown Source)
	at java.sql.DriverManager.getConnection(Unknown Source)
	at com.senla.carservice.jdbc.connection.MySqlConnection.<init>(MySqlConnection.java:26)
	at com.senla.carservice.jdbc.connection.MySqlConnection.getInstance(MySqlConnection.java:18)
	at com.senla.carservice.dao.MasterDAO.<init>(MasterDAO.java:25)
	at com.senla.carservice.dao.MasterDAO.getInstance(MasterDAO.java:19)
	at com.senla.carservice.controller.services.MasterService.<init>(MasterService.java:21)
	at sun.reflect.NativeConstructorAccessorImpl.newInstance0(Native Method)
	at sun.reflect.NativeConstructorAccessorImpl.newInstance(Unknown Source)
	at sun.reflect.DelegatingConstructorAccessorImpl.newInstance(Unknown Source)
	at java.lang.reflect.Constructor.newInstance(Unknown Source)
	at com.senla.caerservice.dependencyinjection.coordinationrepository.CoordinationRepository.getObject(CoordinationRepository.java:52)
	at com.senla.carservice.view.facade.CarService.<init>(CarService.java:43)
	at com.senla.carservice.view.facade.CarService.getInstance(CarService.java:36)
	at com.senla.carservice.server.handler.Handler.handleRequest(Handler.java:15)
	at com.senla.carservice.server.thread.ServerThread.run(ServerThread.java:32)
03:06:25,092 ERROR Thread-0 ServerThread:run:44 - InvocationTargetException
java.lang.reflect.InvocationTargetException
	at sun.reflect.NativeMethodAccessorImpl.invoke0(Native Method)
	at sun.reflect.NativeMethodAccessorImpl.invoke(Unknown Source)
	at sun.reflect.DelegatingMethodAccessorImpl.invoke(Unknown Source)
	at java.lang.reflect.Method.invoke(Unknown Source)
	at com.senla.carservice.server.handler.Handler.handleRequest(Handler.java:24)
	at com.senla.carservice.server.thread.ServerThread.run(ServerThread.java:32)
Caused by: java.lang.NullPointerException
	at com.senla.carservice.view.facade.CarService.getGarages(CarService.java:70)
	... 6 more
03:08:50,271 ERROR Thread-1 ServerThread:run:44 - InvocationTargetException
java.lang.reflect.InvocationTargetException
	at sun.reflect.NativeMethodAccessorImpl.invoke0(Native Method)
	at sun.reflect.NativeMethodAccessorImpl.invoke(Unknown Source)
	at sun.reflect.DelegatingMethodAccessorImpl.invoke(Unknown Source)
	at java.lang.reflect.Method.invoke(Unknown Source)
	at com.senla.carservice.server.handler.Handler.handleRequest(Handler.java:27)
	at com.senla.carservice.server.thread.ServerThread.run(ServerThread.java:32)
Caused by: java.lang.NullPointerException
	at com.senla.carservice.view.facade.CarService.addGarage(CarService.java:51)
	... 6 more
