15:57:38,316 ERROR main CarService:<init>:56 - File Not Found Exception
java.lang.IllegalArgumentException: File not found
	at com.danco.training.TextFileWorker.<init>(TextFileWorker.java:40)
	at com.senla.carservice.repository.MasterRepository.<init>(MasterRepository.java:35)
	at com.senla.carservice.repository.MasterRepository.getInstance(MasterRepository.java:26)
	at com.senla.carservice.controller.services.MasterService.<init>(MasterService.java:18)
	at com.senla.carservice.view.facade.CarService.<init>(CarService.java:53)
	at com.senla.carservice.view.facade.CarService.getInstance(CarService.java:38)
	at com.senla.carservice.ui.menu.controller.MenuController.run(MenuController.java:14)
	at com.senla.carservice.ui.Test.main(Test.java:9)
15:57:38,324 ERROR main CarService:loadData:289 - FileNotFound: 
java.lang.NullPointerException
	at com.senla.carservice.view.facade.CarService.loadData(CarService.java:282)
	at com.senla.carservice.ui.menu.controller.MenuController.run(MenuController.java:14)
	at com.senla.carservice.ui.Test.main(Test.java:9)
16:01:57,313 ERROR main CarService:<init>:56 - File Not Found Exception
java.lang.IllegalArgumentException: File not found
	at com.danco.training.TextFileWorker.<init>(TextFileWorker.java:40)
	at com.senla.carservice.repository.MasterRepository.<init>(MasterRepository.java:35)
	at com.senla.carservice.repository.MasterRepository.getInstance(MasterRepository.java:26)
	at com.senla.carservice.controller.services.MasterService.<init>(MasterService.java:18)
	at com.senla.carservice.view.facade.CarService.<init>(CarService.java:53)
	at com.senla.carservice.view.facade.CarService.getInstance(CarService.java:38)
	at com.senla.carservice.ui.menu.controller.MenuController.run(MenuController.java:14)
	at com.senla.carservice.ui.Test.main(Test.java:9)
16:01:57,321 ERROR main CarService:loadData:289 - FileNotFound: 
java.lang.NullPointerException
	at com.senla.carservice.view.facade.CarService.loadData(CarService.java:282)
	at com.senla.carservice.ui.menu.controller.MenuController.run(MenuController.java:14)
	at com.senla.carservice.ui.Test.main(Test.java:9)
16:06:02,937 ERROR main CarService:<init>:56 - File Not Found Exception
java.lang.IllegalArgumentException: File not found
	at com.danco.training.TextFileWorker.<init>(TextFileWorker.java:40)
	at com.senla.carservice.repository.MasterRepository.<init>(MasterRepository.java:35)
	at com.senla.carservice.repository.MasterRepository.getInstance(MasterRepository.java:26)
	at com.senla.carservice.controller.services.MasterService.<init>(MasterService.java:18)
	at com.senla.carservice.view.facade.CarService.<init>(CarService.java:53)
	at com.senla.carservice.view.facade.CarService.getInstance(CarService.java:38)
	at com.senla.carservice.ui.menu.controller.MenuController.run(MenuController.java:14)
	at com.senla.carservice.ui.Test.main(Test.java:9)
16:06:02,945 ERROR main CarService:loadData:289 - FileNotFound: 
java.lang.NullPointerException
	at com.senla.carservice.view.facade.CarService.loadData(CarService.java:282)
	at com.senla.carservice.ui.menu.controller.MenuController.run(MenuController.java:14)
	at com.senla.carservice.ui.Test.main(Test.java:9)
16:13:28,974 ERROR main CarService:getInstance:41 - File Not Found Exception
java.lang.IllegalArgumentException: File not found
	at com.danco.training.TextFileWorker.<init>(TextFileWorker.java:40)
	at com.senla.carservice.repository.MasterRepository.<init>(MasterRepository.java:35)
	at com.senla.carservice.repository.MasterRepository.getInstance(MasterRepository.java:26)
	at com.senla.carservice.controller.services.MasterService.<init>(MasterService.java:18)
	at com.senla.carservice.view.facade.CarService.<init>(CarService.java:61)
	at com.senla.carservice.view.facade.CarService.getInstance(CarService.java:39)
	at com.senla.carservice.ui.menu.controller.MenuController.run(MenuController.java:14)
	at com.senla.carservice.ui.Test.main(Test.java:9)
16:14:10,846 ERROR main CarService:getInstance:41 - File Not Found Exception
java.lang.IllegalArgumentException: File not found
	at com.danco.training.TextFileWorker.<init>(TextFileWorker.java:40)
	at com.senla.carservice.repository.MasterRepository.<init>(MasterRepository.java:35)
	at com.senla.carservice.repository.MasterRepository.getInstance(MasterRepository.java:26)
	at com.senla.carservice.controller.services.MasterService.<init>(MasterService.java:18)
	at com.senla.carservice.view.facade.CarService.<init>(CarService.java:61)
	at com.senla.carservice.view.facade.CarService.getInstance(CarService.java:39)
	at com.senla.carservice.ui.actions.master.GetMasters.execute(GetMasters.java:11)
	at com.senla.carservice.ui.menu.menuitem.MenuItem.doAction(MenuItem.java:31)
	at com.senla.carservice.ui.menu.navigator.Navigator.navigate(Navigator.java:28)
	at com.senla.carservice.ui.menu.controller.MenuController.run(MenuController.java:21)
	at com.senla.carservice.ui.Test.main(Test.java:9)
15:02:51,518 ERROR main CarService:getInstance:41 - File Not Found Exception
java.lang.IllegalArgumentException: File not found
	at com.danco.training.TextFileWorker.<init>(TextFileWorker.java:40)
	at com.senla.carservice.repository.MasterRepository.<init>(MasterRepository.java:35)
	at com.senla.carservice.repository.MasterRepository.getInstance(MasterRepository.java:26)
	at com.senla.carservice.controller.services.MasterService.<init>(MasterService.java:18)
	at com.senla.carservice.view.facade.CarService.<init>(CarService.java:61)
	at com.senla.carservice.view.facade.CarService.getInstance(CarService.java:39)
	at com.senla.carservice.ui.actions.garage.AddGarage.execute(AddGarage.java:12)
	at com.senla.carservice.ui.menu.menuitem.MenuItem.doAction(MenuItem.java:31)
	at com.senla.carservice.ui.menu.navigator.Navigator.navigate(Navigator.java:28)
	at com.senla.carservice.ui.menu.controller.MenuController.run(MenuController.java:21)
	at com.senla.carservice.ui.Test.main(Test.java:9)
12:28:09,702 ERROR main CarService:loadData:297 - FileNotFound: 
java.lang.NullPointerException
	at java.io.FileInputStream.<init>(Unknown Source)
	at java.io.FileInputStream.<init>(Unknown Source)
	at com.senla.carservice.repository.GarageRepository.readFromFile(GarageRepository.java:76)
	at com.senla.carservice.controller.services.GarageService.readFromFile(GarageService.java:63)
	at com.senla.carservice.view.facade.CarService.loadData(CarService.java:289)
	at com.senla.carservice.ui.menu.controller.MenuController.run(MenuController.java:14)
	at com.senla.carservice.ui.Test.main(Test.java:9)
12:32:11,048 ERROR main CarService:loadData:297 - FileNotFound: 
java.lang.NullPointerException
	at java.io.File.<init>(Unknown Source)
	at com.senla.carservice.repository.GarageRepository.readFromFile(GarageRepository.java:77)
	at com.senla.carservice.controller.services.GarageService.readFromFile(GarageService.java:63)
	at com.senla.carservice.view.facade.CarService.loadData(CarService.java:289)
	at com.senla.carservice.ui.menu.controller.MenuController.run(MenuController.java:14)
	at com.senla.carservice.ui.Test.main(Test.java:9)
12:34:42,318 ERROR main CarService:loadData:297 - FileNotFound: 
java.lang.NullPointerException
	at java.io.File.<init>(Unknown Source)
	at com.senla.carservice.repository.GarageRepository.readFromFile(GarageRepository.java:77)
	at com.senla.carservice.controller.services.GarageService.readFromFile(GarageService.java:63)
	at com.senla.carservice.view.facade.CarService.loadData(CarService.java:289)
	at com.senla.carservice.ui.menu.controller.MenuController.run(MenuController.java:14)
	at com.senla.carservice.ui.Test.main(Test.java:9)
12:35:55,795 ERROR main CarService:loadData:297 - FileNotFound: 
java.lang.NullPointerException
	at java.io.File.<init>(Unknown Source)
	at com.senla.carservice.repository.GarageRepository.readFromFile(GarageRepository.java:77)
	at com.senla.carservice.controller.services.GarageService.readFromFile(GarageService.java:63)
	at com.senla.carservice.view.facade.CarService.loadData(CarService.java:289)
	at com.senla.carservice.ui.menu.controller.MenuController.run(MenuController.java:14)
	at com.senla.carservice.ui.Test.main(Test.java:9)
12:39:18,848 ERROR main CarService:loadData:297 - FileNotFound: 
java.lang.NullPointerException
	at java.io.File.<init>(Unknown Source)
	at com.senla.carservice.repository.GarageRepository.readFromFile(GarageRepository.java:78)
	at com.senla.carservice.controller.services.GarageService.readFromFile(GarageService.java:63)
	at com.senla.carservice.view.facade.CarService.loadData(CarService.java:289)
	at com.senla.carservice.ui.menu.controller.MenuController.run(MenuController.java:14)
	at com.senla.carservice.ui.Test.main(Test.java:9)
12:43:30,543 ERROR main CarService:loadData:297 - FileNotFound: 
java.lang.NullPointerException
	at java.io.File.<init>(Unknown Source)
	at com.senla.carservice.repository.GarageRepository.readFromFile(GarageRepository.java:78)
	at com.senla.carservice.controller.services.GarageService.readFromFile(GarageService.java:63)
	at com.senla.carservice.view.facade.CarService.loadData(CarService.java:289)
	at com.senla.carservice.ui.menu.controller.MenuController.run(MenuController.java:14)
	at com.senla.carservice.ui.Test.main(Test.java:9)
12:50:16,385 ERROR main CarService:loadData:297 - FileNotFound: 
java.lang.ClassCastException: java.util.Hashtable$Enumerator cannot be cast to java.util.Map
	at com.senla.carservice.configuration.properties.PropertyRepository.loadProperties(PropertyRepository.java:34)
	at com.senla.carservice.configuration.properties.PropertyRepository.<init>(PropertyRepository.java:25)
	at com.senla.carservice.configuration.properties.PropertyRepository.getInstance(PropertyRepository.java:17)
	at com.senla.carservice.repository.GarageRepository.readFromFile(GarageRepository.java:77)
	at com.senla.carservice.controller.services.GarageService.readFromFile(GarageService.java:63)
	at com.senla.carservice.view.facade.CarService.loadData(CarService.java:289)
	at com.senla.carservice.ui.menu.controller.MenuController.run(MenuController.java:14)
	at com.senla.carservice.ui.Test.main(Test.java:9)
12:53:28,936 ERROR main CarService:loadData:297 - FileNotFound: 
java.io.IOException: Синтаксическая ошибка в имени файла, имени папки или метке тома
	at java.io.WinNTFileSystem.createFileExclusively(Native Method)
	at java.io.File.createNewFile(Unknown Source)
	at com.senla.carservice.repository.GarageRepository.readFromFile(GarageRepository.java:80)
	at com.senla.carservice.controller.services.GarageService.readFromFile(GarageService.java:63)
	at com.senla.carservice.view.facade.CarService.loadData(CarService.java:289)
	at com.senla.carservice.ui.menu.controller.MenuController.run(MenuController.java:14)
	at com.senla.carservice.ui.Test.main(Test.java:9)
12:57:20,759 ERROR main CarService:loadData:297 - FileNotFound: 
java.io.IOException: Синтаксическая ошибка в имени файла, имени папки или метке тома
	at java.io.WinNTFileSystem.createFileExclusively(Native Method)
	at java.io.File.createNewFile(Unknown Source)
	at com.senla.carservice.repository.GarageRepository.readFromFile(GarageRepository.java:80)
	at com.senla.carservice.controller.services.GarageService.readFromFile(GarageService.java:63)
	at com.senla.carservice.view.facade.CarService.loadData(CarService.java:289)
	at com.senla.carservice.ui.menu.controller.MenuController.run(MenuController.java:14)
	at com.senla.carservice.ui.Test.main(Test.java:9)
12:57:51,807 ERROR main CarService:loadData:297 - FileNotFound: 
java.io.FileNotFoundException: "garages.dat" (Синтаксическая ошибка в имени файла, имени папки или метке тома)
	at java.io.FileInputStream.open0(Native Method)
	at java.io.FileInputStream.open(Unknown Source)
	at java.io.FileInputStream.<init>(Unknown Source)
	at com.senla.carservice.repository.GarageRepository.readFromFile(GarageRepository.java:82)
	at com.senla.carservice.controller.services.GarageService.readFromFile(GarageService.java:63)
	at com.senla.carservice.view.facade.CarService.loadData(CarService.java:289)
	at com.senla.carservice.ui.menu.controller.MenuController.run(MenuController.java:14)
	at com.senla.carservice.ui.Test.main(Test.java:9)
12:59:04,957 ERROR main CarService:loadData:297 - FileNotFound: 
java.io.IOException: Синтаксическая ошибка в имени файла, имени папки или метке тома
	at java.io.WinNTFileSystem.createFileExclusively(Native Method)
	at java.io.File.createNewFile(Unknown Source)
	at com.senla.carservice.repository.GarageRepository.readFromFile(GarageRepository.java:80)
	at com.senla.carservice.controller.services.GarageService.readFromFile(GarageService.java:63)
	at com.senla.carservice.view.facade.CarService.loadData(CarService.java:289)
	at com.senla.carservice.ui.menu.controller.MenuController.run(MenuController.java:14)
	at com.senla.carservice.ui.Test.main(Test.java:9)
12:59:41,164 ERROR main CarService:loadData:297 - FileNotFound: 
java.io.IOException: Синтаксическая ошибка в имени файла, имени папки или метке тома
	at java.io.WinNTFileSystem.createFileExclusively(Native Method)
	at java.io.File.createNewFile(Unknown Source)
	at com.senla.carservice.repository.GarageRepository.readFromFile(GarageRepository.java:80)
	at com.senla.carservice.controller.services.GarageService.readFromFile(GarageService.java:63)
	at com.senla.carservice.view.facade.CarService.loadData(CarService.java:289)
	at com.senla.carservice.ui.menu.controller.MenuController.run(MenuController.java:14)
	at com.senla.carservice.ui.Test.main(Test.java:9)
13:00:03,899 ERROR main CarService:loadData:297 - FileNotFound: 
java.io.IOException: Синтаксическая ошибка в имени файла, имени папки или метке тома
	at java.io.WinNTFileSystem.createFileExclusively(Native Method)
	at java.io.File.createNewFile(Unknown Source)
	at com.senla.carservice.repository.GarageRepository.readFromFile(GarageRepository.java:80)
	at com.senla.carservice.controller.services.GarageService.readFromFile(GarageService.java:63)
	at com.senla.carservice.view.facade.CarService.loadData(CarService.java:289)
	at com.senla.carservice.ui.menu.controller.MenuController.run(MenuController.java:14)
	at com.senla.carservice.ui.Test.main(Test.java:9)
13:00:50,975 ERROR main CarService:loadData:297 - FileNotFound: 
java.io.IOException: Синтаксическая ошибка в имени файла, имени папки или метке тома
	at java.io.WinNTFileSystem.createFileExclusively(Native Method)
	at java.io.File.createNewFile(Unknown Source)
	at com.senla.carservice.repository.GarageRepository.readFromFile(GarageRepository.java:80)
	at com.senla.carservice.controller.services.GarageService.readFromFile(GarageService.java:63)
	at com.senla.carservice.view.facade.CarService.loadData(CarService.java:289)
	at com.senla.carservice.ui.menu.controller.MenuController.run(MenuController.java:14)
	at com.senla.carservice.ui.Test.main(Test.java:9)
13:01:19,986 ERROR main CarService:loadData:297 - FileNotFound: 
java.io.IOException: Синтаксическая ошибка в имени файла, имени папки или метке тома
	at java.io.WinNTFileSystem.createFileExclusively(Native Method)
	at java.io.File.createNewFile(Unknown Source)
	at com.senla.carservice.repository.GarageRepository.readFromFile(GarageRepository.java:80)
	at com.senla.carservice.controller.services.GarageService.readFromFile(GarageService.java:63)
	at com.senla.carservice.view.facade.CarService.loadData(CarService.java:289)
	at com.senla.carservice.ui.menu.controller.MenuController.run(MenuController.java:14)
	at com.senla.carservice.ui.Test.main(Test.java:9)
13:02:15,144 ERROR main CarService:loadData:297 - FileNotFound: 
java.io.EOFException
	at java.io.ObjectInputStream$PeekInputStream.readFully(Unknown Source)
	at java.io.ObjectInputStream$BlockDataInputStream.readShort(Unknown Source)
	at java.io.ObjectInputStream.readStreamHeader(Unknown Source)
	at java.io.ObjectInputStream.<init>(Unknown Source)
	at com.senla.carservice.repository.GarageRepository.readFromFile(GarageRepository.java:83)
	at com.senla.carservice.controller.services.GarageService.readFromFile(GarageService.java:63)
	at com.senla.carservice.view.facade.CarService.loadData(CarService.java:289)
	at com.senla.carservice.ui.menu.controller.MenuController.run(MenuController.java:14)
	at com.senla.carservice.ui.Test.main(Test.java:9)
13:05:19,679 ERROR main CarService:loadData:297 - FileNotFound: 
java.lang.NullPointerException
	at com.senla.carservice.model.beans.Order.<init>(Order.java:31)
	at com.senla.carservice.model.beans.Order.<init>(Order.java:37)
	at com.senla.carservice.util.utils.Converter.convertStringToOrder(Converter.java:102)
	at com.senla.carservice.util.utils.Converter.convertStringsToOrders(Converter.java:84)
	at com.senla.carservice.repository.OrderRepository.readFromFile(OrderRepository.java:106)
	at com.senla.carservice.controller.services.OrderService.readFromFile(OrderService.java:118)
	at com.senla.carservice.view.facade.CarService.loadData(CarService.java:291)
	at com.senla.carservice.ui.menu.controller.MenuController.run(MenuController.java:14)
	at com.senla.carservice.ui.Test.main(Test.java:9)
13:07:34,915 ERROR main CarService:loadData:297 - FileNotFound: 
java.lang.NullPointerException
	at java.io.File.<init>(Unknown Source)
	at com.senla.carservice.repository.GarageRepository.readFromFile(GarageRepository.java:78)
	at com.senla.carservice.controller.services.GarageService.readFromFile(GarageService.java:63)
	at com.senla.carservice.view.facade.CarService.loadData(CarService.java:289)
	at com.senla.carservice.ui.menu.controller.MenuController.run(MenuController.java:14)
	at com.senla.carservice.ui.Test.main(Test.java:9)
13:27:21,703 ERROR main CarService:loadData:279 - FileNotFound: 
java.io.FileNotFoundException: masters.dat (Не удается найти указанный файл)
	at java.io.FileInputStream.open0(Native Method)
	at java.io.FileInputStream.open(Unknown Source)
	at java.io.FileInputStream.<init>(Unknown Source)
	at java.io.FileInputStream.<init>(Unknown Source)
	at com.senla.carservice.repository.MasterRepository.readFromFile(MasterRepository.java:85)
	at com.senla.carservice.controller.services.MasterService.readFromFile(MasterService.java:45)
	at com.senla.carservice.view.facade.CarService.loadData(CarService.java:272)
	at com.senla.carservice.ui.menu.controller.MenuController.run(MenuController.java:14)
	at com.senla.carservice.ui.Test.main(Test.java:9)
15:25:07,097 ERROR main CarService:loadData:279 - FileNotFound: 
java.io.FileNotFoundException: masters.dat (Не удается найти указанный файл)
	at java.io.FileInputStream.open0(Native Method)
	at java.io.FileInputStream.open(Unknown Source)
	at java.io.FileInputStream.<init>(Unknown Source)
	at java.io.FileInputStream.<init>(Unknown Source)
	at com.senla.carservice.repository.MasterRepository.readFromFile(MasterRepository.java:85)
	at com.senla.carservice.controller.services.MasterService.readFromFile(MasterService.java:45)
	at com.senla.carservice.view.facade.CarService.loadData(CarService.java:272)
	at com.senla.carservice.ui.menu.controller.MenuController.run(MenuController.java:14)
	at com.senla.carservice.ui.Test.main(Test.java:9)
15:26:48,779 ERROR main CarService:loadData:279 - FileNotFound: 
java.io.FileNotFoundException: masters.dat (Не удается найти указанный файл)
	at java.io.FileInputStream.open0(Native Method)
	at java.io.FileInputStream.open(Unknown Source)
	at java.io.FileInputStream.<init>(Unknown Source)
	at java.io.FileInputStream.<init>(Unknown Source)
	at com.senla.carservice.repository.MasterRepository.readFromFile(MasterRepository.java:85)
	at com.senla.carservice.controller.services.MasterService.readFromFile(MasterService.java:45)
	at com.senla.carservice.view.facade.CarService.loadData(CarService.java:272)
	at com.senla.carservice.ui.menu.controller.MenuController.run(MenuController.java:14)
	at com.senla.carservice.ui.Test.main(Test.java:9)
15:28:21,412 ERROR main CarService:loadData:279 - FileNotFound: 
java.io.FileNotFoundException: masters.dat (Не удается найти указанный файл)
	at java.io.FileInputStream.open0(Native Method)
	at java.io.FileInputStream.open(Unknown Source)
	at java.io.FileInputStream.<init>(Unknown Source)
	at java.io.FileInputStream.<init>(Unknown Source)
	at com.senla.carservice.repository.MasterRepository.readFromFile(MasterRepository.java:85)
	at com.senla.carservice.controller.services.MasterService.readFromFile(MasterService.java:45)
	at com.senla.carservice.view.facade.CarService.loadData(CarService.java:272)
	at com.senla.carservice.ui.menu.controller.MenuController.run(MenuController.java:14)
	at com.senla.carservice.ui.Test.main(Test.java:9)
15:32:19,257 ERROR main CarService:loadData:279 - FileNotFound: 
java.io.FileNotFoundException: masters.dat (Не удается найти указанный файл)
	at java.io.FileInputStream.open0(Native Method)
	at java.io.FileInputStream.open(Unknown Source)
	at java.io.FileInputStream.<init>(Unknown Source)
	at java.io.FileInputStream.<init>(Unknown Source)
	at com.senla.carservice.repository.MasterRepository.readFromFile(MasterRepository.java:85)
	at com.senla.carservice.controller.services.MasterService.readFromFile(MasterService.java:45)
	at com.senla.carservice.view.facade.CarService.loadData(CarService.java:272)
	at com.senla.carservice.ui.menu.controller.MenuController.run(MenuController.java:14)
	at com.senla.carservice.ui.Test.main(Test.java:9)
15:33:29,236 ERROR main CarService:loadData:279 - FileNotFound: 
java.io.FileNotFoundException: masters.dat (Не удается найти указанный файл)
	at java.io.FileInputStream.open0(Native Method)
	at java.io.FileInputStream.open(Unknown Source)
	at java.io.FileInputStream.<init>(Unknown Source)
	at java.io.FileInputStream.<init>(Unknown Source)
	at com.senla.carservice.repository.MasterRepository.readFromFile(MasterRepository.java:85)
	at com.senla.carservice.controller.services.MasterService.readFromFile(MasterService.java:45)
	at com.senla.carservice.view.facade.CarService.loadData(CarService.java:272)
	at com.senla.carservice.ui.menu.controller.MenuController.run(MenuController.java:14)
	at com.senla.carservice.ui.Test.main(Test.java:9)
15:38:16,845 ERROR main CarService:loadData:279 - FileNotFound: 
java.io.FileNotFoundException: masters.dat (Не удается найти указанный файл)
	at java.io.FileInputStream.open0(Native Method)
	at java.io.FileInputStream.open(Unknown Source)
	at java.io.FileInputStream.<init>(Unknown Source)
	at java.io.FileInputStream.<init>(Unknown Source)
	at com.senla.carservice.repository.MasterRepository.readFromFile(MasterRepository.java:85)
	at com.senla.carservice.controller.services.MasterService.readFromFile(MasterService.java:45)
	at com.senla.carservice.view.facade.CarService.loadData(CarService.java:272)
	at com.senla.carservice.ui.menu.controller.MenuController.run(MenuController.java:14)
	at com.senla.carservice.ui.Test.main(Test.java:9)
15:40:05,621 ERROR main CarService:loadData:279 - FileNotFound: 
java.io.FileNotFoundException: masters.dat (Не удается найти указанный файл)
	at java.io.FileInputStream.open0(Native Method)
	at java.io.FileInputStream.open(Unknown Source)
	at java.io.FileInputStream.<init>(Unknown Source)
	at java.io.FileInputStream.<init>(Unknown Source)
	at com.senla.carservice.repository.MasterRepository.readFromFile(MasterRepository.java:85)
	at com.senla.carservice.controller.services.MasterService.readFromFile(MasterService.java:45)
	at com.senla.carservice.view.facade.CarService.loadData(CarService.java:272)
	at com.senla.carservice.ui.menu.controller.MenuController.run(MenuController.java:14)
	at com.senla.carservice.ui.Test.main(Test.java:9)
15:57:32,371 ERROR main CarService:loadData:279 - FileNotFound: 
java.io.FileNotFoundException: masters.dat (Не удается найти указанный файл)
	at java.io.FileInputStream.open0(Native Method)
	at java.io.FileInputStream.open(Unknown Source)
	at java.io.FileInputStream.<init>(Unknown Source)
	at java.io.FileInputStream.<init>(Unknown Source)
	at com.senla.carservice.repository.MasterRepository.readFromFile(MasterRepository.java:85)
	at com.senla.carservice.controller.services.MasterService.readFromFile(MasterService.java:45)
	at com.senla.carservice.view.facade.CarService.loadData(CarService.java:272)
	at com.senla.carservice.ui.menu.controller.MenuController.run(MenuController.java:14)
	at com.senla.carservice.ui.Test.main(Test.java:9)
15:59:10,226 ERROR main CarService:loadData:279 - FileNotFound: 
java.io.FileNotFoundException: masters.dat (Не удается найти указанный файл)
	at java.io.FileInputStream.open0(Native Method)
	at java.io.FileInputStream.open(Unknown Source)
	at java.io.FileInputStream.<init>(Unknown Source)
	at java.io.FileInputStream.<init>(Unknown Source)
	at com.senla.carservice.repository.MasterRepository.readFromFile(MasterRepository.java:85)
	at com.senla.carservice.controller.services.MasterService.readFromFile(MasterService.java:45)
	at com.senla.carservice.view.facade.CarService.loadData(CarService.java:272)
	at com.senla.carservice.ui.menu.controller.MenuController.run(MenuController.java:14)
	at com.senla.carservice.ui.Test.main(Test.java:9)
16:00:43,992 ERROR main CarService:loadData:279 - FileNotFound: 
java.io.FileNotFoundException: masters.dat (Не удается найти указанный файл)
	at java.io.FileInputStream.open0(Native Method)
	at java.io.FileInputStream.open(Unknown Source)
	at java.io.FileInputStream.<init>(Unknown Source)
	at java.io.FileInputStream.<init>(Unknown Source)
	at com.senla.carservice.repository.MasterRepository.readFromFile(MasterRepository.java:85)
	at com.senla.carservice.controller.services.MasterService.readFromFile(MasterService.java:45)
	at com.senla.carservice.view.facade.CarService.loadData(CarService.java:272)
	at com.senla.carservice.ui.menu.controller.MenuController.run(MenuController.java:14)
	at com.senla.carservice.ui.Test.main(Test.java:9)
16:02:13,084 ERROR main CarService:loadData:279 - FileNotFound: 
java.io.FileNotFoundException: masters.dat (Не удается найти указанный файл)
	at java.io.FileInputStream.open0(Native Method)
	at java.io.FileInputStream.open(Unknown Source)
	at java.io.FileInputStream.<init>(Unknown Source)
	at java.io.FileInputStream.<init>(Unknown Source)
	at com.senla.carservice.repository.MasterRepository.readFromFile(MasterRepository.java:85)
	at com.senla.carservice.controller.services.MasterService.readFromFile(MasterService.java:45)
	at com.senla.carservice.view.facade.CarService.loadData(CarService.java:272)
	at com.senla.carservice.ui.menu.controller.MenuController.run(MenuController.java:14)
	at com.senla.carservice.ui.Test.main(Test.java:9)
16:17:26,254 ERROR main CarService:loadData:279 - FileNotFound: 
java.io.FileNotFoundException: masters.dat (Не удается найти указанный файл)
	at java.io.FileInputStream.open0(Native Method)
	at java.io.FileInputStream.open(Unknown Source)
	at java.io.FileInputStream.<init>(Unknown Source)
	at java.io.FileInputStream.<init>(Unknown Source)
	at com.senla.carservice.repository.MasterRepository.readFromFile(MasterRepository.java:85)
	at com.senla.carservice.controller.services.MasterService.readFromFile(MasterService.java:45)
	at com.senla.carservice.view.facade.CarService.loadData(CarService.java:272)
	at com.senla.carservice.ui.menu.controller.MenuController.run(MenuController.java:14)
	at com.senla.carservice.ui.Test.main(Test.java:9)
16:18:34,275 ERROR main CarService:loadData:279 - FileNotFound: 
java.io.FileNotFoundException: masters.dat (Не удается найти указанный файл)
	at java.io.FileInputStream.open0(Native Method)
	at java.io.FileInputStream.open(Unknown Source)
	at java.io.FileInputStream.<init>(Unknown Source)
	at java.io.FileInputStream.<init>(Unknown Source)
	at com.senla.carservice.repository.MasterRepository.readFromFile(MasterRepository.java:85)
	at com.senla.carservice.controller.services.MasterService.readFromFile(MasterService.java:45)
	at com.senla.carservice.view.facade.CarService.loadData(CarService.java:272)
	at com.senla.carservice.ui.menu.controller.MenuController.run(MenuController.java:14)
	at com.senla.carservice.ui.Test.main(Test.java:9)
16:23:43,796 ERROR main CarService:loadData:279 - FileNotFound: 
java.io.FileNotFoundException: masters.dat (Не удается найти указанный файл)
	at java.io.FileInputStream.open0(Native Method)
	at java.io.FileInputStream.open(Unknown Source)
	at java.io.FileInputStream.<init>(Unknown Source)
	at java.io.FileInputStream.<init>(Unknown Source)
	at com.senla.carservice.repository.MasterRepository.readFromFile(MasterRepository.java:85)
	at com.senla.carservice.controller.services.MasterService.readFromFile(MasterService.java:45)
	at com.senla.carservice.view.facade.CarService.loadData(CarService.java:272)
	at com.senla.carservice.ui.menu.controller.MenuController.run(MenuController.java:14)
	at com.senla.carservice.ui.Test.main(Test.java:9)
16:24:24,225 ERROR main CarService:loadData:279 - FileNotFound: 
java.io.FileNotFoundException: masters.dat (Не удается найти указанный файл)
	at java.io.FileInputStream.open0(Native Method)
	at java.io.FileInputStream.open(Unknown Source)
	at java.io.FileInputStream.<init>(Unknown Source)
	at java.io.FileInputStream.<init>(Unknown Source)
	at com.senla.carservice.repository.MasterRepository.readFromFile(MasterRepository.java:85)
	at com.senla.carservice.controller.services.MasterService.readFromFile(MasterService.java:45)
	at com.senla.carservice.view.facade.CarService.loadData(CarService.java:272)
	at com.senla.carservice.ui.menu.controller.MenuController.run(MenuController.java:14)
	at com.senla.carservice.ui.Test.main(Test.java:9)
18:38:52,767 ERROR main CarService:loadData:279 - FileNotFound: 
java.lang.NullPointerException
	at java.io.FileInputStream.<init>(Unknown Source)
	at java.io.FileInputStream.<init>(Unknown Source)
	at com.senla.carservice.repository.GarageRepository.readFromFile(GarageRepository.java:87)
	at com.senla.carservice.controller.services.GarageService.readFromFile(GarageService.java:69)
	at com.senla.carservice.view.facade.CarService.loadData(CarService.java:271)
	at com.senla.carservice.ui.menu.controller.MenuController.run(MenuController.java:14)
	at com.senla.carservice.ui.Test.main(Test.java:9)
18:39:40,124 ERROR main CarService:loadData:279 - FileNotFound: 
java.lang.NullPointerException
	at java.io.FileInputStream.<init>(Unknown Source)
	at java.io.FileInputStream.<init>(Unknown Source)
	at com.senla.carservice.repository.GarageRepository.readFromFile(GarageRepository.java:87)
	at com.senla.carservice.controller.services.GarageService.readFromFile(GarageService.java:69)
	at com.senla.carservice.view.facade.CarService.loadData(CarService.java:271)
	at com.senla.carservice.ui.menu.controller.MenuController.run(MenuController.java:14)
	at com.senla.carservice.ui.Test.main(Test.java:9)
18:49:06,284 ERROR main CarService:loadData:279 - FileNotFound: 
java.lang.NullPointerException
	at java.io.FileInputStream.<init>(Unknown Source)
	at java.io.FileInputStream.<init>(Unknown Source)
	at com.senla.carservice.repository.GarageRepository.readFromFile(GarageRepository.java:87)
	at com.senla.carservice.controller.services.GarageService.readFromFile(GarageService.java:69)
	at com.senla.carservice.view.facade.CarService.loadData(CarService.java:271)
	at com.senla.carservice.ui.menu.controller.MenuController.run(MenuController.java:14)
	at com.senla.carservice.ui.Test.main(Test.java:9)
19:07:03,653 ERROR main PropertyRepository:<init>:31 - FileNotFoundException
java.io.FileNotFoundException: eclipse-workspace\CarServiceConfiguration\src\config.properties (Системе не удается найти указанный путь)
	at java.io.FileInputStream.open0(Native Method)
	at java.io.FileInputStream.open(Unknown Source)
	at java.io.FileInputStream.<init>(Unknown Source)
	at java.io.FileInputStream.<init>(Unknown Source)
	at com.senla.carservice.configuration.propertyreader.PropertyReader.loadProperties(PropertyReader.java:11)
	at com.senla.carservice.configuration.properties.PropertyRepository.loadProperties(PropertyRepository.java:39)
	at com.senla.carservice.configuration.properties.PropertyRepository.<init>(PropertyRepository.java:29)
	at com.senla.carservice.configuration.properties.PropertyRepository.getInstance(PropertyRepository.java:21)
	at com.senla.carservice.repository.GarageRepository.readFromFile(GarageRepository.java:86)
	at com.senla.carservice.controller.services.GarageService.readFromFile(GarageService.java:69)
	at com.senla.carservice.view.facade.CarService.loadData(CarService.java:271)
	at com.senla.carservice.ui.menu.controller.MenuController.run(MenuController.java:14)
	at com.senla.carservice.ui.Test.main(Test.java:9)
19:07:03,657 ERROR main CarService:loadData:279 - FileNotFound: 
java.lang.NullPointerException
	at java.io.FileInputStream.<init>(Unknown Source)
	at java.io.FileInputStream.<init>(Unknown Source)
	at com.senla.carservice.repository.GarageRepository.readFromFile(GarageRepository.java:87)
	at com.senla.carservice.controller.services.GarageService.readFromFile(GarageService.java:69)
	at com.senla.carservice.view.facade.CarService.loadData(CarService.java:271)
	at com.senla.carservice.ui.menu.controller.MenuController.run(MenuController.java:14)
	at com.senla.carservice.ui.Test.main(Test.java:9)
19:08:52,668 ERROR main PropertyRepository:<init>:31 - FileNotFoundException
java.io.FileNotFoundException: eclipse-workspace\CarServiceConfiguration\src\config.properties (Системе не удается найти указанный путь)
	at java.io.FileInputStream.open0(Native Method)
	at java.io.FileInputStream.open(Unknown Source)
	at java.io.FileInputStream.<init>(Unknown Source)
	at java.io.FileInputStream.<init>(Unknown Source)
	at com.senla.carservice.configuration.propertyreader.PropertyReader.loadProperties(PropertyReader.java:11)
	at com.senla.carservice.configuration.properties.PropertyRepository.loadProperties(PropertyRepository.java:39)
	at com.senla.carservice.configuration.properties.PropertyRepository.<init>(PropertyRepository.java:29)
	at com.senla.carservice.configuration.properties.PropertyRepository.getInstance(PropertyRepository.java:21)
	at com.senla.carservice.repository.GarageRepository.readFromFile(GarageRepository.java:86)
	at com.senla.carservice.controller.services.GarageService.readFromFile(GarageService.java:69)
	at com.senla.carservice.view.facade.CarService.loadData(CarService.java:271)
	at com.senla.carservice.ui.menu.controller.MenuController.run(MenuController.java:14)
	at com.senla.carservice.ui.Test.main(Test.java:9)
19:08:52,672 ERROR main CarService:loadData:279 - FileNotFound: 
java.lang.NullPointerException
	at java.io.FileInputStream.<init>(Unknown Source)
	at java.io.FileInputStream.<init>(Unknown Source)
	at com.senla.carservice.repository.GarageRepository.readFromFile(GarageRepository.java:87)
	at com.senla.carservice.controller.services.GarageService.readFromFile(GarageService.java:69)
	at com.senla.carservice.view.facade.CarService.loadData(CarService.java:271)
	at com.senla.carservice.ui.menu.controller.MenuController.run(MenuController.java:14)
	at com.senla.carservice.ui.Test.main(Test.java:9)
19:11:22,632 ERROR main PropertyRepository:<init>:31 - FileNotFoundException
java.io.FileNotFoundException: eclipse-workspace\CarServiceConfiguration\src\config.properties (Системе не удается найти указанный путь)
	at java.io.FileInputStream.open0(Native Method)
	at java.io.FileInputStream.open(Unknown Source)
	at java.io.FileInputStream.<init>(Unknown Source)
	at java.io.FileInputStream.<init>(Unknown Source)
	at com.senla.carservice.configuration.propertyreader.PropertyReader.loadProperties(PropertyReader.java:11)
	at com.senla.carservice.configuration.properties.PropertyRepository.loadProperties(PropertyRepository.java:39)
	at com.senla.carservice.configuration.properties.PropertyRepository.<init>(PropertyRepository.java:29)
	at com.senla.carservice.configuration.properties.PropertyRepository.getInstance(PropertyRepository.java:21)
	at com.senla.carservice.repository.GarageRepository.readFromFile(GarageRepository.java:86)
	at com.senla.carservice.controller.services.GarageService.readFromFile(GarageService.java:69)
	at com.senla.carservice.view.facade.CarService.loadData(CarService.java:271)
	at com.senla.carservice.ui.menu.controller.MenuController.run(MenuController.java:14)
	at com.senla.carservice.ui.Test.main(Test.java:9)
19:11:22,635 ERROR main CarService:loadData:279 - FileNotFound: 
java.lang.NullPointerException
	at java.io.FileInputStream.<init>(Unknown Source)
	at java.io.FileInputStream.<init>(Unknown Source)
	at com.senla.carservice.repository.GarageRepository.readFromFile(GarageRepository.java:87)
	at com.senla.carservice.controller.services.GarageService.readFromFile(GarageService.java:69)
	at com.senla.carservice.view.facade.CarService.loadData(CarService.java:271)
	at com.senla.carservice.ui.menu.controller.MenuController.run(MenuController.java:14)
	at com.senla.carservice.ui.Test.main(Test.java:9)
19:13:40,813 ERROR main PropertyRepository:<init>:31 - FileNotFoundException
java.io.FileNotFoundException: src\config.properties (Не удается найти указанный файл)
	at java.io.FileInputStream.open0(Native Method)
	at java.io.FileInputStream.open(Unknown Source)
	at java.io.FileInputStream.<init>(Unknown Source)
	at java.io.FileInputStream.<init>(Unknown Source)
	at com.senla.carservice.configuration.propertyreader.PropertyReader.loadProperties(PropertyReader.java:11)
	at com.senla.carservice.configuration.properties.PropertyRepository.loadProperties(PropertyRepository.java:39)
	at com.senla.carservice.configuration.properties.PropertyRepository.<init>(PropertyRepository.java:29)
	at com.senla.carservice.configuration.properties.PropertyRepository.getInstance(PropertyRepository.java:21)
	at com.senla.carservice.repository.GarageRepository.readFromFile(GarageRepository.java:86)
	at com.senla.carservice.controller.services.GarageService.readFromFile(GarageService.java:69)
	at com.senla.carservice.view.facade.CarService.loadData(CarService.java:271)
	at com.senla.carservice.ui.menu.controller.MenuController.run(MenuController.java:14)
	at com.senla.carservice.ui.Test.main(Test.java:9)
19:13:40,813 ERROR main CarService:loadData:279 - FileNotFound: 
java.lang.NullPointerException
	at java.io.FileInputStream.<init>(Unknown Source)
	at java.io.FileInputStream.<init>(Unknown Source)
	at com.senla.carservice.repository.GarageRepository.readFromFile(GarageRepository.java:87)
	at com.senla.carservice.controller.services.GarageService.readFromFile(GarageService.java:69)
	at com.senla.carservice.view.facade.CarService.loadData(CarService.java:271)
	at com.senla.carservice.ui.menu.controller.MenuController.run(MenuController.java:14)
	at com.senla.carservice.ui.Test.main(Test.java:9)
20:49:45,202 ERROR main CarService:loadData:281 - FileNotFound: 
java.io.FileNotFoundException: masters.dat (Не удается найти указанный файл)
	at java.io.FileInputStream.open0(Native Method)
	at java.io.FileInputStream.open(Unknown Source)
	at java.io.FileInputStream.<init>(Unknown Source)
	at java.io.FileInputStream.<init>(Unknown Source)
	at com.senla.carservice.repository.MasterRepository.readFromFile(MasterRepository.java:85)
	at com.senla.carservice.controller.services.MasterService.readFromFile(MasterService.java:45)
	at com.senla.carservice.view.facade.CarService.loadData(CarService.java:274)
	at com.senla.carservice.ui.menu.controller.MenuController.run(MenuController.java:14)
	at com.senla.carservice.ui.Test.main(Test.java:9)
20:52:34,889 ERROR main CarService:loadData:281 - FileNotFound: 
java.io.FileNotFoundException: masters.dat (Не удается найти указанный файл)
	at java.io.FileInputStream.open0(Native Method)
	at java.io.FileInputStream.open(Unknown Source)
	at java.io.FileInputStream.<init>(Unknown Source)
	at java.io.FileInputStream.<init>(Unknown Source)
	at com.senla.carservice.repository.MasterRepository.readFromFile(MasterRepository.java:85)
	at com.senla.carservice.controller.services.MasterService.readFromFile(MasterService.java:45)
	at com.senla.carservice.view.facade.CarService.loadData(CarService.java:274)
	at com.senla.carservice.ui.menu.controller.MenuController.run(MenuController.java:14)
	at com.senla.carservice.ui.Test.main(Test.java:9)
22:04:44,471 ERROR main CarService:loadData:281 - FileNotFound: 
java.io.FileNotFoundException: masters.dat (Не удается найти указанный файл)
	at java.io.FileInputStream.open0(Native Method)
	at java.io.FileInputStream.open(Unknown Source)
	at java.io.FileInputStream.<init>(Unknown Source)
	at java.io.FileInputStream.<init>(Unknown Source)
	at com.senla.carservice.repository.MasterRepository.readFromFile(MasterRepository.java:89)
	at com.senla.carservice.controller.services.MasterService.readFromFile(MasterService.java:49)
	at com.senla.carservice.view.facade.CarService.loadData(CarService.java:274)
	at com.senla.carservice.ui.menu.controller.MenuController.run(MenuController.java:14)
	at com.senla.carservice.ui.Test.main(Test.java:9)
22:05:57,646 ERROR main CarService:loadData:281 - FileNotFound: 
java.io.FileNotFoundException: masters.dat (Не удается найти указанный файл)
	at java.io.FileInputStream.open0(Native Method)
	at java.io.FileInputStream.open(Unknown Source)
	at java.io.FileInputStream.<init>(Unknown Source)
	at java.io.FileInputStream.<init>(Unknown Source)
	at com.senla.carservice.repository.MasterRepository.readFromFile(MasterRepository.java:89)
	at com.senla.carservice.controller.services.MasterService.readFromFile(MasterService.java:49)
	at com.senla.carservice.view.facade.CarService.loadData(CarService.java:274)
	at com.senla.carservice.ui.menu.controller.MenuController.run(MenuController.java:14)
	at com.senla.carservice.ui.Test.main(Test.java:9)
22:13:15,878 ERROR main CarService:loadData:281 - FileNotFound: 
java.io.FileNotFoundException: masters.dat (Не удается найти указанный файл)
	at java.io.FileInputStream.open0(Native Method)
	at java.io.FileInputStream.open(Unknown Source)
	at java.io.FileInputStream.<init>(Unknown Source)
	at java.io.FileInputStream.<init>(Unknown Source)
	at com.senla.carservice.repository.MasterRepository.readFromFile(MasterRepository.java:89)
	at com.senla.carservice.controller.services.MasterService.readFromFile(MasterService.java:49)
	at com.senla.carservice.view.facade.CarService.loadData(CarService.java:274)
	at com.senla.carservice.ui.menu.controller.MenuController.run(MenuController.java:14)
	at com.senla.carservice.ui.Test.main(Test.java:9)
22:15:33,625 ERROR main CarService:loadData:281 - FileNotFound: 
java.io.FileNotFoundException: masters.dat (Не удается найти указанный файл)
	at java.io.FileInputStream.open0(Native Method)
	at java.io.FileInputStream.open(Unknown Source)
	at java.io.FileInputStream.<init>(Unknown Source)
	at java.io.FileInputStream.<init>(Unknown Source)
	at com.senla.carservice.repository.MasterRepository.readFromFile(MasterRepository.java:89)
	at com.senla.carservice.controller.services.MasterService.readFromFile(MasterService.java:49)
	at com.senla.carservice.view.facade.CarService.loadData(CarService.java:274)
	at com.senla.carservice.ui.menu.controller.MenuController.run(MenuController.java:14)
	at com.senla.carservice.ui.Test.main(Test.java:9)
22:18:19,798 ERROR main CarService:loadData:281 - FileNotFound: 
java.io.FileNotFoundException: masters.dat (Не удается найти указанный файл)
	at java.io.FileInputStream.open0(Native Method)
	at java.io.FileInputStream.open(Unknown Source)
	at java.io.FileInputStream.<init>(Unknown Source)
	at java.io.FileInputStream.<init>(Unknown Source)
	at com.senla.carservice.repository.MasterRepository.readFromFile(MasterRepository.java:89)
	at com.senla.carservice.controller.services.MasterService.readFromFile(MasterService.java:49)
	at com.senla.carservice.view.facade.CarService.loadData(CarService.java:274)
	at com.senla.carservice.ui.menu.controller.MenuController.run(MenuController.java:14)
	at com.senla.carservice.ui.Test.main(Test.java:9)
22:18:58,308 ERROR main CarService:loadData:281 - FileNotFound: 
java.io.FileNotFoundException: masters.dat (Не удается найти указанный файл)
	at java.io.FileInputStream.open0(Native Method)
	at java.io.FileInputStream.open(Unknown Source)
	at java.io.FileInputStream.<init>(Unknown Source)
	at java.io.FileInputStream.<init>(Unknown Source)
	at com.senla.carservice.repository.MasterRepository.readFromFile(MasterRepository.java:89)
	at com.senla.carservice.controller.services.MasterService.readFromFile(MasterService.java:49)
	at com.senla.carservice.view.facade.CarService.loadData(CarService.java:274)
	at com.senla.carservice.ui.menu.controller.MenuController.run(MenuController.java:14)
	at com.senla.carservice.ui.Test.main(Test.java:9)
22:22:44,059 ERROR main CarService:loadData:281 - FileNotFound: 
java.io.FileNotFoundException: masters.dat (Не удается найти указанный файл)
	at java.io.FileInputStream.open0(Native Method)
	at java.io.FileInputStream.open(Unknown Source)
	at java.io.FileInputStream.<init>(Unknown Source)
	at java.io.FileInputStream.<init>(Unknown Source)
	at com.senla.carservice.repository.MasterRepository.readFromFile(MasterRepository.java:89)
	at com.senla.carservice.controller.services.MasterService.readFromFile(MasterService.java:49)
	at com.senla.carservice.view.facade.CarService.loadData(CarService.java:274)
	at com.senla.carservice.ui.menu.controller.MenuController.run(MenuController.java:14)
	at com.senla.carservice.ui.Test.main(Test.java:9)
22:24:11,820 ERROR main CarService:loadData:281 - FileNotFound: 
java.io.FileNotFoundException: masters.dat (Не удается найти указанный файл)
	at java.io.FileInputStream.open0(Native Method)
	at java.io.FileInputStream.open(Unknown Source)
	at java.io.FileInputStream.<init>(Unknown Source)
	at java.io.FileInputStream.<init>(Unknown Source)
	at com.senla.carservice.repository.MasterRepository.readFromFile(MasterRepository.java:89)
	at com.senla.carservice.controller.services.MasterService.readFromFile(MasterService.java:49)
	at com.senla.carservice.view.facade.CarService.loadData(CarService.java:274)
	at com.senla.carservice.ui.menu.controller.MenuController.run(MenuController.java:14)
	at com.senla.carservice.ui.Test.main(Test.java:9)
22:25:24,891 ERROR main CarService:loadData:281 - FileNotFound: 
java.io.FileNotFoundException: masters.dat (Не удается найти указанный файл)
	at java.io.FileInputStream.open0(Native Method)
	at java.io.FileInputStream.open(Unknown Source)
	at java.io.FileInputStream.<init>(Unknown Source)
	at java.io.FileInputStream.<init>(Unknown Source)
	at com.senla.carservice.repository.MasterRepository.readFromFile(MasterRepository.java:89)
	at com.senla.carservice.controller.services.MasterService.readFromFile(MasterService.java:49)
	at com.senla.carservice.view.facade.CarService.loadData(CarService.java:274)
	at com.senla.carservice.ui.menu.controller.MenuController.run(MenuController.java:14)
	at com.senla.carservice.ui.Test.main(Test.java:9)
22:45:06,621 ERROR main CarService:loadData:281 - FileNotFound: 
java.io.FileNotFoundException: masters.dat (Не удается найти указанный файл)
	at java.io.FileInputStream.open0(Native Method)
	at java.io.FileInputStream.open(Unknown Source)
	at java.io.FileInputStream.<init>(Unknown Source)
	at java.io.FileInputStream.<init>(Unknown Source)
	at com.senla.carservice.repository.MasterRepository.readFromFile(MasterRepository.java:89)
	at com.senla.carservice.controller.services.MasterService.readFromFile(MasterService.java:49)
	at com.senla.carservice.view.facade.CarService.loadData(CarService.java:274)
	at com.senla.carservice.ui.menu.controller.MenuController.run(MenuController.java:14)
	at com.senla.carservice.ui.Test.main(Test.java:9)
22:47:53,358 ERROR main CarService:loadData:281 - FileNotFound: 
java.io.FileNotFoundException: masters.dat (Не удается найти указанный файл)
	at java.io.FileInputStream.open0(Native Method)
	at java.io.FileInputStream.open(Unknown Source)
	at java.io.FileInputStream.<init>(Unknown Source)
	at java.io.FileInputStream.<init>(Unknown Source)
	at com.senla.carservice.repository.MasterRepository.readFromFile(MasterRepository.java:89)
	at com.senla.carservice.controller.services.MasterService.readFromFile(MasterService.java:49)
	at com.senla.carservice.view.facade.CarService.loadData(CarService.java:274)
	at com.senla.carservice.ui.menu.controller.MenuController.run(MenuController.java:14)
	at com.senla.carservice.ui.Test.main(Test.java:9)
00:02:56,960 ERROR main CarService:loadData:294 - IOExcepton
java.io.FileNotFoundException: carServiceData.dat (Не удается найти указанный файл)
	at java.io.FileInputStream.open0(Native Method)
	at java.io.FileInputStream.open(Unknown Source)
	at java.io.FileInputStream.<init>(Unknown Source)
	at java.io.FileInputStream.<init>(Unknown Source)
	at com.senla.carservice.util.utils.Serializer.deserialize(Serializer.java:36)
	at com.senla.carservice.view.facade.CarService.loadData(CarService.java:287)
	at com.senla.carservice.ui.menu.controller.MenuController.run(MenuController.java:14)
	at com.senla.carservice.ui.Test.main(Test.java:9)
16:57:10,422 ERROR main CarService:exportOrders:411 - NoSuchFieldException
java.lang.NoSuchFieldException: id
	at java.lang.Class.getField(Unknown Source)
	at com.senla.carservice.csv.converter.CsvConverter.convertGaragesToStrings(CsvConverter.java:27)
	at com.senla.carservice.csv.fileworker.CsvFileWorker.safeToFile(CsvFileWorker.java:23)
	at com.senla.carservice.controller.services.OrderService.exportOrders(OrderService.java:212)
	at com.senla.carservice.view.facade.CarService.exportOrders(CarService.java:405)
	at com.senla.carservice.ui.actions.order.ExportOrders.execute(ExportOrders.java:36)
	at com.senla.carservice.ui.menu.menuitem.MenuItem.doAction(MenuItem.java:31)
	at com.senla.carservice.ui.menu.navigator.Navigator.navigate(Navigator.java:28)
	at com.senla.carservice.ui.menu.controller.MenuController.run(MenuController.java:21)
	at com.senla.carservice.ui.Test.main(Test.java:9)
20:14:53,921 ERROR main CarService:importOrders:454 - FileNotFound
java.io.FileNotFoundException: order.csv (Не удается найти указанный файл)
	at java.io.FileInputStream.open0(Native Method)
	at java.io.FileInputStream.open(Unknown Source)
	at java.io.FileInputStream.<init>(Unknown Source)
	at java.io.FileInputStream.<init>(Unknown Source)
	at java.io.FileReader.<init>(Unknown Source)
	at com.senla.carservice.util.utils.FileWorker.readFile(FileWorker.java:17)
	at com.senla.carservice.csv.fileworker.CsvFileWorker.readFromFileOrder(CsvFileWorker.java:49)
	at com.senla.carservice.controller.services.OrderService.importOrders(OrderService.java:216)
	at com.senla.carservice.view.facade.CarService.importOrders(CarService.java:452)
	at com.senla.carservice.ui.actions.order.ImportOrders.execute(ImportOrders.java:12)
	at com.senla.carservice.ui.menu.menuitem.MenuItem.doAction(MenuItem.java:31)
	at com.senla.carservice.ui.menu.navigator.Navigator.navigate(Navigator.java:28)
	at com.senla.carservice.ui.menu.controller.MenuController.run(MenuController.java:21)
	at com.senla.carservice.ui.Test.main(Test.java:9)
21:28:58,741 ERROR main CarService:importOrders:468 - NoSuchMethodException
java.lang.NoSuchMethodException: com.senla.carservice.model.beans.Order.<init>()
	at java.lang.Class.getConstructor0(Unknown Source)
	at java.lang.Class.getConstructor(Unknown Source)
	at com.senla.carservice.csv.converter.CsvConverter.convertFromStrings(CsvConverter.java:53)
	at com.senla.carservice.csv.fileworker.CsvFileWorker.readFromFileOrder(CsvFileWorker.java:50)
	at com.senla.carservice.controller.services.OrderService.importOrders(OrderService.java:216)
	at com.senla.carservice.view.facade.CarService.importOrders(CarService.java:452)
	at com.senla.carservice.ui.actions.order.ImportOrders.execute(ImportOrders.java:12)
	at com.senla.carservice.ui.menu.menuitem.MenuItem.doAction(MenuItem.java:31)
	at com.senla.carservice.ui.menu.navigator.Navigator.navigate(Navigator.java:28)
	at com.senla.carservice.ui.menu.controller.MenuController.run(MenuController.java:21)
	at com.senla.carservice.ui.Test.main(Test.java:9)
21:29:18,225 ERROR main CarService:importOrders:468 - NoSuchMethodException
java.lang.NoSuchMethodException: com.senla.carservice.model.beans.Order.<init>()
	at java.lang.Class.getConstructor0(Unknown Source)
	at java.lang.Class.getConstructor(Unknown Source)
	at com.senla.carservice.csv.converter.CsvConverter.convertFromStrings(CsvConverter.java:53)
	at com.senla.carservice.csv.fileworker.CsvFileWorker.readFromFileOrder(CsvFileWorker.java:50)
	at com.senla.carservice.controller.services.OrderService.importOrders(OrderService.java:216)
	at com.senla.carservice.view.facade.CarService.importOrders(CarService.java:452)
	at com.senla.carservice.ui.actions.order.ImportOrders.execute(ImportOrders.java:12)
	at com.senla.carservice.ui.menu.menuitem.MenuItem.doAction(MenuItem.java:31)
	at com.senla.carservice.ui.menu.navigator.Navigator.navigate(Navigator.java:28)
	at com.senla.carservice.ui.menu.controller.MenuController.run(MenuController.java:21)
	at com.senla.carservice.ui.Test.main(Test.java:9)
21:29:29,053 ERROR main CarService:importOrders:468 - NoSuchMethodException
java.lang.NoSuchMethodException: com.senla.carservice.model.beans.Order.<init>()
	at java.lang.Class.getConstructor0(Unknown Source)
	at java.lang.Class.getConstructor(Unknown Source)
	at com.senla.carservice.csv.converter.CsvConverter.convertFromStrings(CsvConverter.java:53)
	at com.senla.carservice.csv.fileworker.CsvFileWorker.readFromFileOrder(CsvFileWorker.java:50)
	at com.senla.carservice.controller.services.OrderService.importOrders(OrderService.java:216)
	at com.senla.carservice.view.facade.CarService.importOrders(CarService.java:452)
	at com.senla.carservice.ui.actions.order.ImportOrders.execute(ImportOrders.java:12)
	at com.senla.carservice.ui.menu.menuitem.MenuItem.doAction(MenuItem.java:31)
	at com.senla.carservice.ui.menu.navigator.Navigator.navigate(Navigator.java:28)
	at com.senla.carservice.ui.menu.controller.MenuController.run(MenuController.java:21)
	at com.senla.carservice.ui.Test.main(Test.java:9)
21:31:16,405 ERROR main CarService:importOrders:468 - NoSuchMethodException
java.lang.NoSuchMethodException: com.senla.carservice.model.beans.Order.<init>()
	at java.lang.Class.getConstructor0(Unknown Source)
	at java.lang.Class.getConstructor(Unknown Source)
	at com.senla.carservice.csv.converter.CsvConverter.convertFromStrings(CsvConverter.java:53)
	at com.senla.carservice.csv.fileworker.CsvFileWorker.readFromFileOrder(CsvFileWorker.java:50)
	at com.senla.carservice.controller.services.OrderService.importOrders(OrderService.java:216)
	at com.senla.carservice.view.facade.CarService.importOrders(CarService.java:452)
	at com.senla.carservice.ui.actions.order.ImportOrders.execute(ImportOrders.java:12)
	at com.senla.carservice.ui.menu.menuitem.MenuItem.doAction(MenuItem.java:31)
	at com.senla.carservice.ui.menu.navigator.Navigator.navigate(Navigator.java:28)
	at com.senla.carservice.ui.menu.controller.MenuController.run(MenuController.java:21)
	at com.senla.carservice.ui.Test.main(Test.java:9)
21:40:58,860 ERROR main CarService:importOrders:466 - InvocationTargetException
java.lang.reflect.InvocationTargetException
	at sun.reflect.NativeMethodAccessorImpl.invoke0(Native Method)
	at sun.reflect.NativeMethodAccessorImpl.invoke(Unknown Source)
	at sun.reflect.DelegatingMethodAccessorImpl.invoke(Unknown Source)
	at java.lang.reflect.Method.invoke(Unknown Source)
	at com.senla.carservice.csv.converter.CsvConverter.convertFromStrings(CsvConverter.java:72)
	at com.senla.carservice.csv.fileworker.CsvFileWorker.readFromFileOrder(CsvFileWorker.java:50)
	at com.senla.carservice.controller.services.OrderService.importOrders(OrderService.java:216)
	at com.senla.carservice.view.facade.CarService.importOrders(CarService.java:452)
	at com.senla.carservice.ui.actions.order.ImportOrders.execute(ImportOrders.java:12)
	at com.senla.carservice.ui.menu.menuitem.MenuItem.doAction(MenuItem.java:31)
	at com.senla.carservice.ui.menu.navigator.Navigator.navigate(Navigator.java:28)
	at com.senla.carservice.ui.menu.controller.MenuController.run(MenuController.java:21)
	at com.senla.carservice.ui.Test.main(Test.java:9)
Caused by: java.lang.IllegalArgumentException
	at java.util.Date.parse(Unknown Source)
	... 13 more
21:51:33,523 ERROR main CarService:importOrders:466 - InvocationTargetException
java.lang.reflect.InvocationTargetException
	at sun.reflect.NativeMethodAccessorImpl.invoke0(Native Method)
	at sun.reflect.NativeMethodAccessorImpl.invoke(Unknown Source)
	at sun.reflect.DelegatingMethodAccessorImpl.invoke(Unknown Source)
	at java.lang.reflect.Method.invoke(Unknown Source)
	at com.senla.carservice.csv.converter.CsvConverter.convertFromStrings(CsvConverter.java:79)
	at com.senla.carservice.csv.fileworker.CsvFileWorker.readFromFileOrder(CsvFileWorker.java:50)
	at com.senla.carservice.controller.services.OrderService.importOrders(OrderService.java:216)
	at com.senla.carservice.view.facade.CarService.importOrders(CarService.java:452)
	at com.senla.carservice.ui.actions.order.ImportOrders.execute(ImportOrders.java:12)
	at com.senla.carservice.ui.menu.menuitem.MenuItem.doAction(MenuItem.java:31)
	at com.senla.carservice.ui.menu.navigator.Navigator.navigate(Navigator.java:28)
	at com.senla.carservice.ui.menu.controller.MenuController.run(MenuController.java:21)
	at com.senla.carservice.ui.Test.main(Test.java:9)
Caused by: java.lang.IllegalArgumentException
	at java.util.Date.parse(Unknown Source)
	... 13 more
22:08:11,769 ERROR main CarService:importOrders:468 - NoSuchMethodException
java.lang.NoSuchMethodException: long.parseGarage(java.lang.String)
	at java.lang.Class.getMethod(Unknown Source)
	at com.senla.carservice.csv.converter.CsvConverter.convertFromStrings(CsvConverter.java:77)
	at com.senla.carservice.csv.fileworker.CsvFileWorker.readFromFileOrder(CsvFileWorker.java:50)
	at com.senla.carservice.controller.services.OrderService.importOrders(OrderService.java:216)
	at com.senla.carservice.view.facade.CarService.importOrders(CarService.java:452)
	at com.senla.carservice.ui.actions.order.ImportOrders.execute(ImportOrders.java:12)
	at com.senla.carservice.ui.menu.menuitem.MenuItem.doAction(MenuItem.java:31)
	at com.senla.carservice.ui.menu.navigator.Navigator.navigate(Navigator.java:28)
	at com.senla.carservice.ui.menu.controller.MenuController.run(MenuController.java:21)
	at com.senla.carservice.ui.Test.main(Test.java:9)
22:35:52,621 ERROR main CarService:importMasters:426 - NoSuchMethodException
java.lang.NoSuchMethodException: com.senla.carservice.model.beans.Master.<init>()
	at java.lang.Class.getConstructor0(Unknown Source)
	at java.lang.Class.getConstructor(Unknown Source)
	at com.senla.carservice.csv.converter.CsvConverter.convertFromStrings(CsvConverter.java:61)
	at com.senla.carservice.csv.fileworker.CsvFileWorker.readFromFileMaster(CsvFileWorker.java:43)
	at com.senla.carservice.controller.services.MasterService.importMasters(MasterService.java:93)
	at com.senla.carservice.view.facade.CarService.importMasters(CarService.java:410)
	at com.senla.carservice.ui.actions.master.ImportMasters.execute(ImportMasters.java:12)
	at com.senla.carservice.ui.menu.menuitem.MenuItem.doAction(MenuItem.java:31)
	at com.senla.carservice.ui.menu.navigator.Navigator.navigate(Navigator.java:28)
	at com.senla.carservice.ui.menu.controller.MenuController.run(MenuController.java:21)
	at com.senla.carservice.ui.Test.main(Test.java:9)
22:36:32,852 ERROR main CarService:importMasters:426 - NoSuchMethodException
java.lang.NoSuchMethodException: com.senla.carservice.model.beans.Master.<init>()
	at java.lang.Class.getConstructor0(Unknown Source)
	at java.lang.Class.getConstructor(Unknown Source)
	at com.senla.carservice.csv.converter.CsvConverter.convertFromStrings(CsvConverter.java:61)
	at com.senla.carservice.csv.fileworker.CsvFileWorker.readFromFileMaster(CsvFileWorker.java:43)
	at com.senla.carservice.controller.services.MasterService.importMasters(MasterService.java:93)
	at com.senla.carservice.view.facade.CarService.importMasters(CarService.java:410)
	at com.senla.carservice.ui.actions.master.ImportMasters.execute(ImportMasters.java:12)
	at com.senla.carservice.ui.menu.menuitem.MenuItem.doAction(MenuItem.java:31)
	at com.senla.carservice.ui.menu.navigator.Navigator.navigate(Navigator.java:28)
	at com.senla.carservice.ui.menu.controller.MenuController.run(MenuController.java:21)
	at com.senla.carservice.ui.Test.main(Test.java:9)
22:37:38,706 ERROR main CarService:importMasters:426 - NoSuchMethodException
java.lang.NoSuchMethodException: com.senla.carservice.model.beans.Master.<init>()
	at java.lang.Class.getConstructor0(Unknown Source)
	at java.lang.Class.getConstructor(Unknown Source)
	at com.senla.carservice.csv.converter.CsvConverter.convertFromStrings(CsvConverter.java:61)
	at com.senla.carservice.csv.fileworker.CsvFileWorker.readFromFileMaster(CsvFileWorker.java:43)
	at com.senla.carservice.controller.services.MasterService.importMasters(MasterService.java:93)
	at com.senla.carservice.view.facade.CarService.importMasters(CarService.java:410)
	at com.senla.carservice.ui.actions.master.ImportMasters.execute(ImportMasters.java:12)
	at com.senla.carservice.ui.menu.menuitem.MenuItem.doAction(MenuItem.java:31)
	at com.senla.carservice.ui.menu.navigator.Navigator.navigate(Navigator.java:28)
	at com.senla.carservice.ui.menu.controller.MenuController.run(MenuController.java:21)
	at com.senla.carservice.ui.Test.main(Test.java:9)
23:12:13,967 ERROR main CarService:importGarages:369 - FileNotFound
java.io.FileNotFoundException: nullgarages.csv (Не удается найти указанный файл)
	at java.io.FileInputStream.open0(Native Method)
	at java.io.FileInputStream.open(Unknown Source)
	at java.io.FileInputStream.<init>(Unknown Source)
	at java.io.FileInputStream.<init>(Unknown Source)
	at java.io.FileReader.<init>(Unknown Source)
	at com.senla.carservice.util.utils.FileWorker.readFile(FileWorker.java:17)
	at com.senla.carservice.csv.fileworker.CsvFileWorker.readFromFileGarage(CsvFileWorker.java:39)
	at com.senla.carservice.controller.services.GarageService.importGarages(GarageService.java:84)
	at com.senla.carservice.view.facade.CarService.importGarages(CarService.java:367)
	at com.senla.carservice.ui.actions.garage.ImportGarage.execute(ImportGarage.java:12)
	at com.senla.carservice.ui.menu.menuitem.MenuItem.doAction(MenuItem.java:31)
	at com.senla.carservice.ui.menu.navigator.Navigator.navigate(Navigator.java:28)
	at com.senla.carservice.ui.menu.controller.MenuController.run(MenuController.java:21)
	at com.senla.carservice.ui.Test.main(Test.java:9)
23:20:54,358 ERROR main CarService:importOrders:454 - FileNotFound
java.io.FileNotFoundException: E:\orders.csv (Не удается найти указанный файл)
	at java.io.FileInputStream.open0(Native Method)
	at java.io.FileInputStream.open(Unknown Source)
	at java.io.FileInputStream.<init>(Unknown Source)
	at java.io.FileInputStream.<init>(Unknown Source)
	at java.io.FileReader.<init>(Unknown Source)
	at com.senla.carservice.util.utils.FileWorker.readFile(FileWorker.java:17)
	at com.senla.carservice.csv.fileworker.CsvFileWorker.readFromFileOrder(CsvFileWorker.java:55)
	at com.senla.carservice.controller.services.OrderService.importOrders(OrderService.java:216)
	at com.senla.carservice.view.facade.CarService.importOrders(CarService.java:452)
	at com.senla.carservice.ui.actions.order.ImportOrders.execute(ImportOrders.java:12)
	at com.senla.carservice.ui.menu.menuitem.MenuItem.doAction(MenuItem.java:31)
	at com.senla.carservice.ui.menu.navigator.Navigator.navigate(Navigator.java:28)
	at com.senla.carservice.ui.menu.controller.MenuController.run(MenuController.java:21)
	at com.senla.carservice.ui.Test.main(Test.java:9)
02:48:04,318 ERROR main CarService:importMasters:423 - InvocationTargetException
java.lang.reflect.InvocationTargetException
	at sun.reflect.NativeMethodAccessorImpl.invoke0(Native Method)
	at sun.reflect.NativeMethodAccessorImpl.invoke(Unknown Source)
	at sun.reflect.DelegatingMethodAccessorImpl.invoke(Unknown Source)
	at java.lang.reflect.Method.invoke(Unknown Source)
	at com.senla.carservice.csv.converter.CsvConverter.convertFromStrings(CsvConverter.java:72)
	at com.senla.carservice.csv.fileworker.CsvFileWorker.readFromFileMaster(CsvFileWorker.java:48)
	at com.senla.carservice.controller.services.MasterService.importMasters(MasterService.java:95)
	at com.senla.carservice.view.facade.CarService.importMasters(CarService.java:411)
	at com.senla.carservice.ui.actions.master.ImportMasters.execute(ImportMasters.java:13)
	at com.senla.carservice.ui.menu.menuitem.MenuItem.doAction(MenuItem.java:31)
	at com.senla.carservice.ui.menu.navigator.Navigator.navigate(Navigator.java:28)
	at com.senla.carservice.ui.menu.controller.MenuController.run(MenuController.java:21)
	at com.senla.carservice.ui.Test.main(Test.java:9)
Caused by: java.lang.NumberFormatException: For input string: "Petrov"
	at sun.misc.FloatingDecimal.readJavaFormatString(Unknown Source)
	at sun.misc.FloatingDecimal.parseDouble(Unknown Source)
	at java.lang.Double.parseDouble(Unknown Source)
	... 13 more
