04:46:14,804 ERROR Thread-0 CoordinationRepository:<init>:33 - FileNotFoundException
java.io.FileNotFoundException: coordination.properties (Не удается найти указанный файл)
	at java.io.FileInputStream.open0(Native Method)
	at java.io.FileInputStream.open(Unknown Source)
	at java.io.FileInputStream.<init>(Unknown Source)
	at java.io.FileInputStream.<init>(Unknown Source)
	at com.senla.caerservice.dependencyinjection.coordinationreader.CoordinationReader.loadProperties(CoordinationReader.java:11)
	at com.senla.caerservice.dependencyinjection.coordinationrepository.CoordinationRepository.loadProperties(CoordinationRepository.java:41)
	at com.senla.caerservice.dependencyinjection.coordinationrepository.CoordinationRepository.<init>(CoordinationRepository.java:31)
	at com.senla.caerservice.dependencyinjection.coordinationrepository.CoordinationRepository.getInstance(CoordinationRepository.java:23)
	at com.senla.carservice.view.facade.CarService.<init>(CarService.java:49)
	at com.senla.carservice.view.facade.CarService.getInstance(CarService.java:43)
	at com.senla.carservice.server.handler.Handler.handleRequest(Handler.java:16)
	at com.senla.carservice.server.thread.ServerThread.run(ServerThread.java:29)
04:54:35,870 ERROR Thread-0 CoordinationRepository:<init>:33 - FileNotFoundException
java.io.FileNotFoundException: coordination.properties (Не удается найти указанный файл)
	at java.io.FileInputStream.open0(Native Method)
	at java.io.FileInputStream.open(Unknown Source)
	at java.io.FileInputStream.<init>(Unknown Source)
	at java.io.FileInputStream.<init>(Unknown Source)
	at com.senla.caerservice.dependencyinjection.coordinationreader.CoordinationReader.loadProperties(CoordinationReader.java:11)
	at com.senla.caerservice.dependencyinjection.coordinationrepository.CoordinationRepository.loadProperties(CoordinationRepository.java:41)
	at com.senla.caerservice.dependencyinjection.coordinationrepository.CoordinationRepository.<init>(CoordinationRepository.java:31)
	at com.senla.caerservice.dependencyinjection.coordinationrepository.CoordinationRepository.getInstance(CoordinationRepository.java:23)
	at com.senla.carservice.view.facade.CarService.<init>(CarService.java:49)
	at com.senla.carservice.view.facade.CarService.getInstance(CarService.java:43)
	at com.senla.carservice.server.handler.Handler.handleRequest(Handler.java:16)
	at com.senla.carservice.server.thread.ServerThread.run(ServerThread.java:29)
04:55:34,357 ERROR Thread-0 CoordinationRepository:<init>:33 - FileNotFoundException
java.io.FileNotFoundException: coordination.properties (Не удается найти указанный файл)
	at java.io.FileInputStream.open0(Native Method)
	at java.io.FileInputStream.open(Unknown Source)
	at java.io.FileInputStream.<init>(Unknown Source)
	at java.io.FileInputStream.<init>(Unknown Source)
	at com.senla.caerservice.dependencyinjection.coordinationreader.CoordinationReader.loadProperties(CoordinationReader.java:11)
	at com.senla.caerservice.dependencyinjection.coordinationrepository.CoordinationRepository.loadProperties(CoordinationRepository.java:41)
	at com.senla.caerservice.dependencyinjection.coordinationrepository.CoordinationRepository.<init>(CoordinationRepository.java:31)
	at com.senla.caerservice.dependencyinjection.coordinationrepository.CoordinationRepository.getInstance(CoordinationRepository.java:23)
	at com.senla.carservice.view.facade.CarService.<init>(CarService.java:49)
	at com.senla.carservice.view.facade.CarService.getInstance(CarService.java:43)
	at com.senla.carservice.server.handler.Handler.handleRequest(Handler.java:16)
	at com.senla.carservice.server.thread.ServerThread.run(ServerThread.java:29)
08:40:57,605 ERROR Thread-0 CarService:loadData:292 - IOExcepton
java.io.FileNotFoundException: carServiceData.dat (Не удается найти указанный файл)
	at java.io.FileInputStream.open0(Native Method)
	at java.io.FileInputStream.open(Unknown Source)
	at java.io.FileInputStream.<init>(Unknown Source)
	at java.io.FileInputStream.<init>(Unknown Source)
	at com.senla.carservice.util.utils.Serializer.deserialize(Serializer.java:36)
	at com.senla.carservice.view.facade.CarService.loadData(CarService.java:285)
	at sun.reflect.NativeMethodAccessorImpl.invoke0(Native Method)
	at sun.reflect.NativeMethodAccessorImpl.invoke(Unknown Source)
	at sun.reflect.DelegatingMethodAccessorImpl.invoke(Unknown Source)
	at java.lang.reflect.Method.invoke(Unknown Source)
	at com.senla.carservice.server.handler.Handler.handleRequest(Handler.java:24)
	at com.senla.carservice.server.thread.ServerThread.run(ServerThread.java:29)
08:44:25,469 ERROR Thread-0 CarService:loadData:292 - IOExcepton
java.io.FileNotFoundException: carServiceData.dat (Не удается найти указанный файл)
	at java.io.FileInputStream.open0(Native Method)
	at java.io.FileInputStream.open(Unknown Source)
	at java.io.FileInputStream.<init>(Unknown Source)
	at java.io.FileInputStream.<init>(Unknown Source)
	at com.senla.carservice.util.utils.Serializer.deserialize(Serializer.java:36)
	at com.senla.carservice.view.facade.CarService.loadData(CarService.java:285)
	at sun.reflect.NativeMethodAccessorImpl.invoke0(Native Method)
	at sun.reflect.NativeMethodAccessorImpl.invoke(Unknown Source)
	at sun.reflect.DelegatingMethodAccessorImpl.invoke(Unknown Source)
	at java.lang.reflect.Method.invoke(Unknown Source)
	at com.senla.carservice.server.handler.Handler.handleRequest(Handler.java:24)
	at com.senla.carservice.server.thread.ServerThread.run(ServerThread.java:29)
08:45:29,555 ERROR Thread-0 CarService:loadData:292 - IOExcepton
java.io.FileNotFoundException: carServiceData.dat (Не удается найти указанный файл)
	at java.io.FileInputStream.open0(Native Method)
	at java.io.FileInputStream.open(Unknown Source)
	at java.io.FileInputStream.<init>(Unknown Source)
	at java.io.FileInputStream.<init>(Unknown Source)
	at com.senla.carservice.util.utils.Serializer.deserialize(Serializer.java:36)
	at com.senla.carservice.view.facade.CarService.loadData(CarService.java:285)
	at sun.reflect.NativeMethodAccessorImpl.invoke0(Native Method)
	at sun.reflect.NativeMethodAccessorImpl.invoke(Unknown Source)
	at sun.reflect.DelegatingMethodAccessorImpl.invoke(Unknown Source)
	at java.lang.reflect.Method.invoke(Unknown Source)
	at com.senla.carservice.server.handler.Handler.handleRequest(Handler.java:24)
	at com.senla.carservice.server.thread.ServerThread.run(ServerThread.java:29)
08:48:05,379 ERROR Thread-0 CarService:loadData:292 - IOExcepton
java.io.FileNotFoundException: carServiceData.dat (Не удается найти указанный файл)
	at java.io.FileInputStream.open0(Native Method)
	at java.io.FileInputStream.open(Unknown Source)
	at java.io.FileInputStream.<init>(Unknown Source)
	at java.io.FileInputStream.<init>(Unknown Source)
	at com.senla.carservice.util.utils.Serializer.deserialize(Serializer.java:36)
	at com.senla.carservice.view.facade.CarService.loadData(CarService.java:285)
	at sun.reflect.NativeMethodAccessorImpl.invoke0(Native Method)
	at sun.reflect.NativeMethodAccessorImpl.invoke(Unknown Source)
	at sun.reflect.DelegatingMethodAccessorImpl.invoke(Unknown Source)
	at java.lang.reflect.Method.invoke(Unknown Source)
	at com.senla.carservice.server.handler.Handler.handleRequest(Handler.java:24)
	at com.senla.carservice.server.thread.ServerThread.run(ServerThread.java:29)
